0 verbose cli /home/wecode/.nvm/versions/node/v24.13.0/bin/node /home/wecode/.nvm/versions/node/v24.13.0/bin/npm
1 info using npm@11.6.2
2 info using node@v24.13.0
3 silly config load:file:/home/wecode/.nvm/versions/node/v24.13.0/lib/node_modules/npm/npmrc
4 silly config load:file:/home/wecode/Rendu/portfolio/.npmrc
5 silly config load:file:/home/wecode/.npmrc
6 silly config load:file:/home/wecode/.nvm/versions/node/v24.13.0/etc/npmrc
7 verbose title npm install tailwindcss postcss autoprefixer
8 verbose argv "install" "--save-dev" "tailwindcss" "postcss" "autoprefixer"
9 verbose logfile logs-max:10 dir:/home/wecode/Rendu/portfolio/clean/_logs/2026-06-01T11_55_05_976Z-
10 verbose logfile /home/wecode/Rendu/portfolio/clean/_logs/2026-06-01T11_55_05_976Z-debug-0.log
11 silly logfile done cleaning log files
12 silly packumentCache heap:4496293888 maxSize:1124073472 maxEntrySize:562036736
13 silly idealTree buildDeps
14 silly fetch manifest tailwindcss@*
15 silly packumentCache full:https://registry.npmjs.org/tailwindcss cache-miss
16 http fetch GET https://registry.npmjs.org/tailwindcss attempt 1 failed with ECONNRESET
17 http fetch GET https://registry.npmjs.org/tailwindcss attempt 2 failed with ECONNRESET
18 http fetch GET https://registry.npmjs.org/tailwindcss attempt 3 failed with ECONNRESET
19 silly fetch manifest postcss@*
20 silly packumentCache full:https://registry.npmjs.org/postcss cache-miss
21 http fetch GET 200 https://registry.npmjs.org/postcss 474ms (cache miss)
22 silly packumentCache full:https://registry.npmjs.org/postcss set size:undefined disposed:false
23 silly fetch manifest autoprefixer@*
24 silly packumentCache full:https://registry.npmjs.org/autoprefixer cache-miss
25 http fetch GET 200 https://registry.npmjs.org/autoprefixer 423ms (cache miss)
26 silly packumentCache full:https://registry.npmjs.org/autoprefixer set size:undefined disposed:false
27 silly placeDep ROOT autoprefixer@10.5.0 OK for:  want: *
28 silly placeDep ROOT postcss@8.5.15 OK for: autoprefixer@10.5.0 want: ^8.1.0
29 silly placeDep ROOT postcss@8.5.15 REPLACE for:  want: *
30 silly placeDep ROOT tailwindcss@ OK for:  want: *
31 silly fetch manifest browserslist@^4.28.2
32 silly packumentCache full:https://registry.npmjs.org/browserslist cache-miss
33 silly fetch manifest caniuse-lite@^1.0.30001787
34 silly packumentCache full:https://registry.npmjs.org/caniuse-lite cache-miss
35 silly fetch manifest fraction.js@^5.3.4
36 silly packumentCache full:https://registry.npmjs.org/fraction.js cache-miss
37 silly fetch manifest picocolors@^1.1.1
38 silly packumentCache full:https://registry.npmjs.org/picocolors cache-miss
39 silly fetch manifest postcss-value-parser@^4.2.0
40 silly packumentCache full:https://registry.npmjs.org/postcss-value-parser cache-miss
41 silly fetch manifest nanoid@^3.3.12
42 silly packumentCache full:https://registry.npmjs.org/nanoid cache-miss
43 silly fetch manifest picocolors@^1.1.1
44 silly packumentCache full:https://registry.npmjs.org/picocolors cache-miss
45 silly fetch manifest source-map-js@^1.2.1
46 silly packumentCache full:https://registry.npmjs.org/source-map-js cache-miss
47 silly fetch manifest nanoid@^3.3.12
48 silly packumentCache full:https://registry.npmjs.org/nanoid cache-miss
49 silly fetch manifest picocolors@^1.1.1
50 silly packumentCache full:https://registry.npmjs.org/picocolors cache-miss
51 silly fetch manifest source-map-js@^1.2.1
52 silly packumentCache full:https://registry.npmjs.org/source-map-js cache-miss
53 http fetch GET 200 https://registry.npmjs.org/browserslist 339ms (cache miss)
54 silly packumentCache full:https://registry.npmjs.org/browserslist set size:undefined disposed:false
55 http fetch GET https://registry.npmjs.org/fraction.js attempt 1 failed with ECONNRESET
56 http fetch GET https://registry.npmjs.org/postcss-value-parser attempt 1 failed with ECONNRESET
57 http fetch GET https://registry.npmjs.org/source-map-js attempt 1 failed with ECONNRESET
58 http fetch GET https://registry.npmjs.org/picocolors attempt 1 failed with ECONNRESET
59 http fetch GET https://registry.npmjs.org/nanoid attempt 1 failed with ECONNRESET
60 http fetch GET https://registry.npmjs.org/picocolors attempt 1 failed with ECONNRESET
61 http fetch GET https://registry.npmjs.org/caniuse-lite attempt 1 failed with ECONNRESET
62 http fetch GET https://registry.npmjs.org/nanoid attempt 1 failed with ECONNRESET
63 http fetch GET https://registry.npmjs.org/picocolors attempt 1 failed with ECONNRESET
64 http fetch GET https://registry.npmjs.org/source-map-js attempt 1 failed with ECONNRESET
65 http fetch GET 200 https://registry.npmjs.org/fraction.js 25356ms attempt #2 (cache miss)
66 silly packumentCache full:https://registry.npmjs.org/fraction.js set size:undefined disposed:false
67 http fetch GET https://registry.npmjs.org/source-map-js attempt 2 failed with ECONNRESET
68 http fetch GET https://registry.npmjs.org/postcss-value-parser attempt 2 failed with ECONNRESET
69 http fetch GET https://registry.npmjs.org/caniuse-lite attempt 2 failed with ECONNRESET
70 http fetch GET https://registry.npmjs.org/picocolors attempt 2 failed with ECONNRESET
71 http fetch GET https://registry.npmjs.org/picocolors attempt 2 failed with ECONNRESET
72 http fetch GET https://registry.npmjs.org/nanoid attempt 2 failed with ECONNRESET
73 http fetch GET https://registry.npmjs.org/nanoid attempt 2 failed with ECONNRESET
74 http fetch GET https://registry.npmjs.org/picocolors attempt 2 failed with ECONNRESET
75 http fetch GET https://registry.npmjs.org/source-map-js attempt 2 failed with ECONNRESET
76 http fetch GET 200 https://registry.npmjs.org/source-map-js 100383ms attempt #3 (cache miss)
77 silly packumentCache full:https://registry.npmjs.org/source-map-js set size:undefined disposed:false
78 http fetch GET https://registry.npmjs.org/picocolors attempt 3 failed with ECONNRESET
79 http fetch GET https://registry.npmjs.org/caniuse-lite attempt 3 failed with ECONNRESET
80 http fetch GET https://registry.npmjs.org/picocolors attempt 3 failed with ECONNRESET
81 http fetch GET https://registry.npmjs.org/postcss-value-parser attempt 3 failed with ECONNRESET
82 http fetch GET https://registry.npmjs.org/picocolors attempt 3 failed with ECONNRESET
83 http fetch GET https://registry.npmjs.org/nanoid attempt 3 failed with ECONNRESET
84 http fetch GET https://registry.npmjs.org/nanoid attempt 3 failed with ECONNRESET
85 http fetch GET https://registry.npmjs.org/source-map-js attempt 3 failed with ECONNRESET
86 silly fetch manifest caniuse-lite@^1.0.30001787
87 silly packumentCache full:https://registry.npmjs.org/caniuse-lite cache-miss
88 http cache https://registry.npmjs.org/caniuse-lite 6ms (cache hit)
89 silly packumentCache full:https://registry.npmjs.org/caniuse-lite set size:2293068 disposed:false
90 silly fetch manifest picocolors@^1.1.1
91 silly packumentCache full:https://registry.npmjs.org/picocolors cache-miss
92 http cache https://registry.npmjs.org/picocolors 3ms (cache hit)
93 silly packumentCache full:https://registry.npmjs.org/picocolors set size:16648 disposed:false
94 silly fetch manifest postcss-value-parser@^4.2.0
95 silly packumentCache full:https://registry.npmjs.org/postcss-value-parser cache-miss
96 http fetch GET 200 https://registry.npmjs.org/postcss-value-parser 376ms (cache miss)
97 silly packumentCache full:https://registry.npmjs.org/postcss-value-parser set size:undefined disposed:false
98 silly placeDep ROOT browserslist@4.28.2 OK for: autoprefixer@10.5.0 want: ^4.28.2
99 silly placeDep ROOT caniuse-lite@1.0.30001793 OK for: autoprefixer@10.5.0 want: ^1.0.30001787
100 silly placeDep ROOT fraction.js@5.3.4 OK for: autoprefixer@10.5.0 want: ^5.3.4
101 silly placeDep ROOT picocolors@1.1.1 OK for: autoprefixer@10.5.0 want: ^1.1.1
102 silly placeDep ROOT postcss-value-parser@4.2.0 OK for: autoprefixer@10.5.0 want: ^4.2.0
103 silly fetch manifest baseline-browser-mapping@^2.10.12
104 silly packumentCache full:https://registry.npmjs.org/baseline-browser-mapping cache-miss
105 silly fetch manifest caniuse-lite@^1.0.30001782
106 silly packumentCache full:https://registry.npmjs.org/caniuse-lite cache-miss
107 silly fetch manifest electron-to-chromium@^1.5.328
108 silly packumentCache full:https://registry.npmjs.org/electron-to-chromium cache-miss
109 silly fetch manifest node-releases@^2.0.36
110 silly packumentCache full:https://registry.npmjs.org/node-releases cache-miss
111 silly fetch manifest update-browserslist-db@^1.2.3
112 silly packumentCache full:https://registry.npmjs.org/update-browserslist-db cache-miss
113 http cache https://registry.npmjs.org/caniuse-lite 7ms (cache hit)
114 silly packumentCache full:https://registry.npmjs.org/caniuse-lite set size:2293068 disposed:false
115 http fetch GET 200 https://registry.npmjs.org/baseline-browser-mapping 325ms (cache miss)
116 silly packumentCache full:https://registry.npmjs.org/baseline-browser-mapping set size:undefined disposed:false
117 http fetch GET 200 https://registry.npmjs.org/electron-to-chromium 560ms (cache miss)
118 silly packumentCache full:https://registry.npmjs.org/electron-to-chromium set size:undefined disposed:false
119 http fetch GET https://registry.npmjs.org/node-releases attempt 1 failed with ECONNRESET
120 http fetch GET https://registry.npmjs.org/update-browserslist-db attempt 1 failed with ECONNRESET
121 http fetch GET 200 https://registry.npmjs.org/update-browserslist-db 25394ms attempt #2 (cache miss)
122 silly packumentCache full:https://registry.npmjs.org/update-browserslist-db set size:undefined disposed:false
123 http fetch GET 200 https://registry.npmjs.org/node-releases 25395ms attempt #2 (cache miss)
124 silly packumentCache full:https://registry.npmjs.org/node-releases set size:undefined disposed:false
125 silly fetch manifest browserslist@>= 4.21.0
126 silly packumentCache full:https://registry.npmjs.org/browserslist cache-miss
127 http cache https://registry.npmjs.org/browserslist 2ms (cache hit)
128 silly packumentCache full:https://registry.npmjs.org/browserslist set size:504681 disposed:false
129 silly placeDep ROOT baseline-browser-mapping@2.10.33 OK for: browserslist@4.28.2 want: ^2.10.12
130 silly placeDep ROOT electron-to-chromium@1.5.364 OK for: browserslist@4.28.2 want: ^1.5.328
131 silly placeDep ROOT node-releases@2.0.46 OK for: browserslist@4.28.2 want: ^2.0.36
132 silly placeDep ROOT update-browserslist-db@1.2.3 OK for: browserslist@4.28.2 want: ^1.2.3
133 silly fetch manifest escalade@^3.2.0
134 silly packumentCache full:https://registry.npmjs.org/escalade cache-miss
135 http fetch GET 200 https://registry.npmjs.org/escalade 307ms (cache miss)
136 silly packumentCache full:https://registry.npmjs.org/escalade set size:undefined disposed:false
137 silly fetch manifest nanoid@^3.3.12
138 silly packumentCache full:https://registry.npmjs.org/nanoid cache-miss
139 http cache https://registry.npmjs.org/nanoid 1ms (cache hit)
140 silly packumentCache full:https://registry.npmjs.org/nanoid set size:310559 disposed:false
141 silly placeDep ROOT nanoid@3.3.12 OK for: postcss@8.5.15 want: ^3.3.12
142 silly placeDep ROOT source-map-js@1.2.1 OK for: postcss@8.5.15 want: ^1.2.1
143 silly placeDep ROOT escalade@3.2.0 OK for: update-browserslist-db@1.2.3 want: ^3.2.0
144 verbose type system
145 verbose stack FetchError: request to https://registry.npmjs.org/tailwindcss failed, reason: Client network socket disconnected before secure TLS connection was established
145 verbose stack     at ClientRequest.<anonymous> (/home/wecode/.nvm/versions/node/v24.13.0/lib/node_modules/npm/node_modules/minipass-fetch/lib/index.js:130:14)
145 verbose stack     at ClientRequest.emit (node:events:508:28)
145 verbose stack     at emitErrorEvent (node:_http_client:108:11)
145 verbose stack     at _destroy (node:_http_client:962:9)
145 verbose stack     at onSocketNT (node:_http_client:982:5)
145 verbose stack     at process.processTicksAndRejections (node:internal/process/task_queues:90:21)
146 error code ECONNRESET
147 error errno ECONNRESET
148 error network request to https://registry.npmjs.org/tailwindcss failed, reason: Client network socket disconnected before secure TLS connection was established
149 error network This is a problem related to network connectivity.
149 error network In most cases you are behind a proxy or have bad network settings.
149 error network
149 error network If you are behind a proxy, please make sure that the
149 error network 'proxy' config is set properly.  See: 'npm help config'
150 silly unfinished npm timer reify 1780314906071
151 silly unfinished npm timer reify:loadTrees 1780314906071
152 verbose cwd /home/wecode/Rendu/portfolio
153 verbose os Linux 6.8.0-111-generic
154 verbose node v24.13.0
155 verbose npm  v11.6.2
156 verbose exit 1
157 verbose code 1
158 error A complete log of this run can be found in: /home/wecode/Rendu/portfolio/clean/_logs/2026-06-01T11_55_05_976Z-debug-0.log
