0 verbose cli /home/wecode/.nvm/versions/node/v24.13.0/bin/node /home/wecode/.nvm/versions/node/v24.13.0/bin/npm
1 info using npm@11.6.2
2 info using node@v24.13.0
3 silly config load:file:/home/wecode/.nvm/versions/node/v24.13.0/lib/node_modules/npm/npmrc
4 silly config load:file:/home/wecode/Rendu/portfolio/.npmrc
5 silly config load:file:/home/wecode/.npmrc
6 silly config load:file:/home/wecode/.nvm/versions/node/v24.13.0/etc/npmrc
7 verbose title npm install tailwindcss postcss autoprefixer
8 verbose argv "install" "--save-dev" "tailwindcss" "postcss" "autoprefixer"
9 verbose logfile logs-max:10 dir:/home/wecode/Rendu/portfolio/clean/_logs/2026-06-01T11_58_34_191Z-
10 verbose logfile /home/wecode/Rendu/portfolio/clean/_logs/2026-06-01T11_58_34_191Z-debug-0.log
11 silly logfile done cleaning log files
12 silly packumentCache heap:4496293888 maxSize:1124073472 maxEntrySize:562036736
13 silly idealTree buildDeps
14 silly fetch manifest tailwindcss@*
15 silly packumentCache full:https://registry.npmjs.org/tailwindcss cache-miss
16 http fetch GET 200 https://registry.npmjs.org/tailwindcss 659ms (cache miss)
17 silly packumentCache full:https://registry.npmjs.org/tailwindcss set size:undefined disposed:false
18 silly fetch manifest postcss@*
19 silly packumentCache full:https://registry.npmjs.org/postcss cache-miss
20 http cache https://registry.npmjs.org/postcss 11ms (cache hit)
21 silly packumentCache full:https://registry.npmjs.org/postcss set size:723316 disposed:false
22 silly fetch manifest autoprefixer@*
23 silly packumentCache full:https://registry.npmjs.org/autoprefixer cache-miss
24 http cache https://registry.npmjs.org/autoprefixer 3ms (cache hit)
25 silly packumentCache full:https://registry.npmjs.org/autoprefixer set size:1319426 disposed:false
26 silly placeDep ROOT autoprefixer@10.5.0 OK for: portfolio@1.0.0 want: *
27 silly placeDep ROOT postcss@8.5.15 OK for: autoprefixer@10.5.0 want: ^8.1.0
28 silly placeDep ROOT postcss@8.5.15 REPLACE for: portfolio@1.0.0 want: *
29 silly placeDep ROOT tailwindcss@4.3.0 OK for: portfolio@1.0.0 want: *
30 silly fetch manifest browserslist@^4.28.2
31 silly packumentCache full:https://registry.npmjs.org/browserslist cache-miss
32 silly fetch manifest caniuse-lite@^1.0.30001787
33 silly packumentCache full:https://registry.npmjs.org/caniuse-lite cache-miss
34 silly fetch manifest fraction.js@^5.3.4
35 silly packumentCache full:https://registry.npmjs.org/fraction.js cache-miss
36 silly fetch manifest picocolors@^1.1.1
37 silly packumentCache full:https://registry.npmjs.org/picocolors cache-miss
38 silly fetch manifest postcss-value-parser@^4.2.0
39 silly packumentCache full:https://registry.npmjs.org/postcss-value-parser cache-miss
40 silly fetch manifest nanoid@^3.3.12
41 silly packumentCache full:https://registry.npmjs.org/nanoid cache-miss
42 silly fetch manifest picocolors@^1.1.1
43 silly packumentCache full:https://registry.npmjs.org/picocolors cache-miss
44 silly fetch manifest source-map-js@^1.2.1
45 silly packumentCache full:https://registry.npmjs.org/source-map-js cache-miss
46 silly fetch manifest nanoid@^3.3.12
47 silly packumentCache full:https://registry.npmjs.org/nanoid cache-miss
48 silly fetch manifest picocolors@^1.1.1
49 silly packumentCache full:https://registry.npmjs.org/picocolors cache-miss
50 silly fetch manifest source-map-js@^1.2.1
51 silly packumentCache full:https://registry.npmjs.org/source-map-js cache-miss
52 http cache https://registry.npmjs.org/fraction.js 11ms (cache hit)
53 silly packumentCache full:https://registry.npmjs.org/fraction.js set size:149386 disposed:false
54 http cache https://registry.npmjs.org/browserslist 14ms (cache hit)
55 silly packumentCache full:https://registry.npmjs.org/browserslist set size:504681 disposed:false
56 http fetch GET 200 https://registry.npmjs.org/picocolors 338ms (cache miss)
57 silly packumentCache full:https://registry.npmjs.org/picocolors set size:undefined disposed:false
58 http fetch GET 200 https://registry.npmjs.org/nanoid 361ms (cache miss)
59 silly packumentCache full:https://registry.npmjs.org/nanoid set size:undefined disposed:false
60 http fetch GET 200 https://registry.npmjs.org/caniuse-lite 400ms (cache miss)
61 silly packumentCache full:https://registry.npmjs.org/caniuse-lite set size:undefined disposed:false
62 http fetch GET https://registry.npmjs.org/source-map-js attempt 1 failed with ECONNRESET
63 http fetch GET https://registry.npmjs.org/source-map-js attempt 1 failed with ECONNRESET
64 http fetch GET https://registry.npmjs.org/picocolors attempt 1 failed with ECONNRESET
65 http fetch GET https://registry.npmjs.org/picocolors attempt 1 failed with ECONNRESET
66 http fetch GET https://registry.npmjs.org/postcss-value-parser attempt 1 failed with ECONNRESET
67 http fetch GET https://registry.npmjs.org/nanoid attempt 1 failed with ECONNRESET
68 http fetch GET 200 https://registry.npmjs.org/picocolors 25171ms attempt #2 (cache miss)
69 silly packumentCache full:https://registry.npmjs.org/picocolors set size:undefined disposed:false
70 http fetch GET 200 https://registry.npmjs.org/source-map-js 25175ms attempt #2 (cache miss)
71 silly packumentCache full:https://registry.npmjs.org/source-map-js set size:undefined disposed:false
72 http fetch GET 200 https://registry.npmjs.org/source-map-js 25178ms attempt #2 (cache miss)
73 silly packumentCache full:https://registry.npmjs.org/source-map-js set size:undefined disposed:false
74 http fetch GET https://registry.npmjs.org/nanoid attempt 2 failed with ECONNRESET
75 http fetch GET https://registry.npmjs.org/picocolors attempt 2 failed with ECONNRESET
76 http fetch GET https://registry.npmjs.org/postcss-value-parser attempt 2 failed with ECONNRESET
77 http fetch GET 200 https://registry.npmjs.org/postcss-value-parser 100255ms attempt #3 (cache miss)
78 silly packumentCache full:https://registry.npmjs.org/postcss-value-parser set size:undefined disposed:false
79 http fetch GET 200 https://registry.npmjs.org/picocolors 100522ms attempt #3 (cache miss)
80 silly packumentCache full:https://registry.npmjs.org/picocolors set size:undefined disposed:false
81 http fetch GET 200 https://registry.npmjs.org/nanoid 100538ms attempt #3 (cache miss)
82 silly packumentCache full:https://registry.npmjs.org/nanoid set size:undefined disposed:false
83 silly placeDep ROOT browserslist@4.28.2 OK for: autoprefixer@10.5.0 want: ^4.28.2
84 silly placeDep ROOT caniuse-lite@1.0.30001793 OK for: autoprefixer@10.5.0 want: ^1.0.30001787
85 silly placeDep ROOT fraction.js@5.3.4 OK for: autoprefixer@10.5.0 want: ^5.3.4
86 silly placeDep ROOT picocolors@1.1.1 OK for: autoprefixer@10.5.0 want: ^1.1.1
87 silly placeDep ROOT postcss-value-parser@4.2.0 OK for: autoprefixer@10.5.0 want: ^4.2.0
88 silly fetch manifest baseline-browser-mapping@^2.10.12
89 silly packumentCache full:https://registry.npmjs.org/baseline-browser-mapping cache-miss
90 silly fetch manifest caniuse-lite@^1.0.30001782
91 silly packumentCache full:https://registry.npmjs.org/caniuse-lite cache-miss
92 silly fetch manifest electron-to-chromium@^1.5.328
93 silly packumentCache full:https://registry.npmjs.org/electron-to-chromium cache-miss
94 silly fetch manifest node-releases@^2.0.36
95 silly packumentCache full:https://registry.npmjs.org/node-releases cache-miss
96 silly fetch manifest update-browserslist-db@^1.2.3
97 silly packumentCache full:https://registry.npmjs.org/update-browserslist-db cache-miss
98 http cache https://registry.npmjs.org/update-browserslist-db 3ms (cache hit)
99 silly packumentCache full:https://registry.npmjs.org/update-browserslist-db set size:62000 disposed:false
100 http cache https://registry.npmjs.org/baseline-browser-mapping 6ms (cache hit)
101 silly packumentCache full:https://registry.npmjs.org/baseline-browser-mapping set size:494649 disposed:false
102 http cache https://registry.npmjs.org/node-releases 7ms (cache hit)
103 silly packumentCache full:https://registry.npmjs.org/node-releases set size:281408 disposed:false
104 http cache https://registry.npmjs.org/caniuse-lite 12ms (cache hit)
105 silly packumentCache full:https://registry.npmjs.org/caniuse-lite set size:2293068 disposed:false
106 http cache https://registry.npmjs.org/electron-to-chromium 26ms (cache hit)
107 silly packumentCache full:https://registry.npmjs.org/electron-to-chromium set size:4810990 disposed:false
108 silly fetch manifest browserslist@>= 4.21.0
109 silly packumentCache full:https://registry.npmjs.org/browserslist cache-hit
110 silly placeDep ROOT baseline-browser-mapping@2.10.33 OK for: browserslist@4.28.2 want: ^2.10.12
111 silly placeDep ROOT electron-to-chromium@1.5.364 OK for: browserslist@4.28.2 want: ^1.5.328
112 silly placeDep ROOT node-releases@2.0.46 OK for: browserslist@4.28.2 want: ^2.0.36
113 silly placeDep ROOT update-browserslist-db@1.2.3 OK for: browserslist@4.28.2 want: ^1.2.3
114 silly fetch manifest escalade@^3.2.0
115 silly packumentCache full:https://registry.npmjs.org/escalade cache-miss
116 http cache https://registry.npmjs.org/escalade 4ms (cache hit)
117 silly packumentCache full:https://registry.npmjs.org/escalade set size:33724 disposed:false
118 silly placeDep ROOT nanoid@3.3.12 OK for: postcss@8.5.15 want: ^3.3.12
119 silly placeDep ROOT source-map-js@1.2.1 OK for: postcss@8.5.15 want: ^1.2.1
120 silly placeDep ROOT escalade@3.2.0 OK for: update-browserslist-db@1.2.3 want: ^3.2.0
121 silly reify moves {}
122 silly audit bulk request {
122 silly audit   autoprefixer: [ '10.5.0' ],
122 silly audit   postcss: [ '8.5.15' ],
122 silly audit   tailwindcss: [ '4.3.0' ],
122 silly audit   browserslist: [ '4.28.2' ],
122 silly audit   'caniuse-lite': [ '1.0.30001793' ],
122 silly audit   'fraction.js': [ '5.3.4' ],
122 silly audit   picocolors: [ '1.1.1' ],
122 silly audit   'postcss-value-parser': [ '4.2.0' ],
122 silly audit   'baseline-browser-mapping': [ '2.10.33' ],
122 silly audit   'electron-to-chromium': [ '1.5.364' ],
122 silly audit   'node-releases': [ '2.0.46' ],
122 silly audit   'update-browserslist-db': [ '1.2.3' ],
122 silly audit   nanoid: [ '3.3.12' ],
122 silly audit   'source-map-js': [ '1.2.1' ],
122 silly audit   escalade: [ '3.2.0' ]
122 silly audit }
123 http cache nanoid@https://registry.npmjs.org/nanoid/-/nanoid-3.3.12.tgz 0ms (cache hit)
124 http cache update-browserslist-db@https://registry.npmjs.org/update-browserslist-db/-/update-browserslist-db-1.2.3.tgz 0ms (cache hit)
125 http cache escalade@https://registry.npmjs.org/escalade/-/escalade-3.2.0.tgz 0ms (cache hit)
126 http cache source-map-js@https://registry.npmjs.org/source-map-js/-/source-map-js-1.2.1.tgz 0ms (cache hit)
127 http cache postcss-value-parser@https://registry.npmjs.org/postcss-value-parser/-/postcss-value-parser-4.2.0.tgz 0ms (cache hit)
128 http cache picocolors@https://registry.npmjs.org/picocolors/-/picocolors-1.1.1.tgz 0ms (cache hit)
129 http cache fraction.js@https://registry.npmjs.org/fraction.js/-/fraction.js-5.3.4.tgz 0ms (cache hit)
130 http cache node-releases@https://registry.npmjs.org/node-releases/-/node-releases-2.0.46.tgz 0ms (cache hit)
131 http cache electron-to-chromium@https://registry.npmjs.org/electron-to-chromium/-/electron-to-chromium-1.5.364.tgz 0ms (cache hit)
132 http cache caniuse-lite@https://registry.npmjs.org/caniuse-lite/-/caniuse-lite-1.0.30001793.tgz 0ms (cache hit)
133 http cache browserslist@https://registry.npmjs.org/browserslist/-/browserslist-4.28.2.tgz 0ms (cache hit)
134 http cache tailwindcss@https://registry.npmjs.org/tailwindcss/-/tailwindcss-4.3.0.tgz 0ms (cache hit)
135 http cache baseline-browser-mapping@https://registry.npmjs.org/baseline-browser-mapping/-/baseline-browser-mapping-2.10.33.tgz 0ms (cache hit)
136 http cache postcss@https://registry.npmjs.org/postcss/-/postcss-8.5.15.tgz 0ms (cache hit)
137 http cache autoprefixer@https://registry.npmjs.org/autoprefixer/-/autoprefixer-10.5.0.tgz 0ms (cache hit)
138 silly tarball no local data for nanoid@https://registry.npmjs.org/nanoid/-/nanoid-3.3.12.tgz. Extracting by manifest.
139 silly tarball no local data for update-browserslist-db@https://registry.npmjs.org/update-browserslist-db/-/update-browserslist-db-1.2.3.tgz. Extracting by manifest.
140 silly tarball no local data for escalade@https://registry.npmjs.org/escalade/-/escalade-3.2.0.tgz. Extracting by manifest.
141 silly tarball no local data for source-map-js@https://registry.npmjs.org/source-map-js/-/source-map-js-1.2.1.tgz. Extracting by manifest.
142 silly tarball no local data for postcss-value-parser@https://registry.npmjs.org/postcss-value-parser/-/postcss-value-parser-4.2.0.tgz. Extracting by manifest.
143 silly tarball no local data for picocolors@https://registry.npmjs.org/picocolors/-/picocolors-1.1.1.tgz. Extracting by manifest.
144 silly tarball no local data for fraction.js@https://registry.npmjs.org/fraction.js/-/fraction.js-5.3.4.tgz. Extracting by manifest.
145 silly tarball no local data for node-releases@https://registry.npmjs.org/node-releases/-/node-releases-2.0.46.tgz. Extracting by manifest.
146 silly tarball no local data for electron-to-chromium@https://registry.npmjs.org/electron-to-chromium/-/electron-to-chromium-1.5.364.tgz. Extracting by manifest.
147 silly tarball no local data for caniuse-lite@https://registry.npmjs.org/caniuse-lite/-/caniuse-lite-1.0.30001793.tgz. Extracting by manifest.
148 silly tarball no local data for browserslist@https://registry.npmjs.org/browserslist/-/browserslist-4.28.2.tgz. Extracting by manifest.
149 silly tarball no local data for tailwindcss@https://registry.npmjs.org/tailwindcss/-/tailwindcss-4.3.0.tgz. Extracting by manifest.
150 silly tarball no local data for baseline-browser-mapping@https://registry.npmjs.org/baseline-browser-mapping/-/baseline-browser-mapping-2.10.33.tgz. Extracting by manifest.
151 silly tarball no local data for postcss@https://registry.npmjs.org/postcss/-/postcss-8.5.15.tgz. Extracting by manifest.
152 silly tarball no local data for autoprefixer@https://registry.npmjs.org/autoprefixer/-/autoprefixer-10.5.0.tgz. Extracting by manifest.
153 http fetch GET 200 https://registry.npmjs.org/update-browserslist-db/-/update-browserslist-db-1.2.3.tgz 67ms (cache miss)
154 http fetch GET 200 https://registry.npmjs.org/nanoid/-/nanoid-3.3.12.tgz 70ms (cache miss)
155 http fetch GET 200 https://registry.npmjs.org/autoprefixer/-/autoprefixer-10.5.0.tgz 97ms (cache miss)
156 http fetch POST 200 https://registry.npmjs.org/-/npm/v1/security/advisories/bulk 441ms
157 silly audit report {}
