0 verbose cli /home/wecode/.nvm/versions/node/v24.13.0/bin/node /home/wecode/.nvm/versions/node/v24.13.0/bin/npm
1 info using npm@11.6.2
2 info using node@v24.13.0
3 silly config load:file:/home/wecode/.nvm/versions/node/v24.13.0/lib/node_modules/npm/npmrc
4 silly config load:file:/home/wecode/Rendu/portfolio/.npmrc
5 silly config load:file:/home/wecode/.npmrc
6 silly config load:file:/home/wecode/.nvm/versions/node/v24.13.0/etc/npmrc
7 verbose title npm view node-releases description dist-tags.latest homepage version time
8 verbose argv "view" "--json" "--" "node-releases" "description" "dist-tags.latest" "homepage" "version" "time"
9 verbose logfile logs-max:10 dir:/home/wecode/Rendu/portfolio/clean/_logs/2026-06-01T13_20_12_649Z-
10 verbose logfile /home/wecode/Rendu/portfolio/clean/_logs/2026-06-01T13_20_12_649Z-debug-0.log
11 silly logfile start cleaning logs, removing 1 files
12 silly logfile done cleaning log files
13 http fetch GET https://registry.npmjs.org/node-releases attempt 1 failed with ECONNRESET
14 http fetch GET https://registry.npmjs.org/node-releases attempt 2 failed with ECONNRESET
15 http fetch GET https://registry.npmjs.org/node-releases attempt 3 failed with ENETUNREACH
16 http fetch GET 200 https://registry.npmjs.org/node-releases 1064398ms (cache stale)
17 verbose cwd /home/wecode/Rendu/portfolio
18 verbose os Linux 6.8.0-111-generic
19 verbose node v24.13.0
20 verbose npm  v11.6.2
21 verbose exit 0
22 info ok
