0 verbose cli /home/wecode/.nvm/versions/node/v24.13.0/bin/node /home/wecode/.nvm/versions/node/v24.13.0/bin/npm
1 info using npm@11.6.2
2 info using node@v24.13.0
3 silly config load:file:/home/wecode/.nvm/versions/node/v24.13.0/lib/node_modules/npm/npmrc
4 silly config load:file:/home/wecode/Rendu/portfolio/.npmrc
5 silly config load:file:/home/wecode/.npmrc
6 silly config load:file:/home/wecode/.nvm/versions/node/v24.13.0/etc/npmrc
7 verbose title npm init
8 verbose argv "init" "--yes"
9 verbose logfile logs-max:10 dir:/home/wecode/Rendu/portfolio/clean/_logs/2026-06-01T11_58_34_030Z-
10 verbose logfile /home/wecode/Rendu/portfolio/clean/_logs/2026-06-01T11_58_34_030Z-debug-0.log
11 silly logfile done cleaning log files
12 silly package data {
12 silly package data   name: 'portfolio',
12 silly package data   version: '1.0.0',
12 silly package data   description: 'Ceci est un prototype de portfolio professionnel créé rapidement.',
12 silly package data   main: 'script.js',
12 silly package data   scripts: { test: 'echo "Error: no test specified" && exit 1' },
12 silly package data   repository: {
12 silly package data     type: 'git',
12 silly package data     url: 'git+https://github.com/Christ-dev1/portfolio.git'
12 silly package data   },
12 silly package data   keywords: [],
12 silly package data   author: '',
12 silly package data   license: 'ISC',
12 silly package data   type: 'commonjs',
12 silly package data   bugs: { url: 'https://github.com/Christ-dev1/portfolio/issues' },
12 silly package data   homepage: 'https://github.com/Christ-dev1/portfolio#readme'
12 silly package data }
13 verbose cwd /home/wecode/Rendu/portfolio
14 verbose os Linux 6.8.0-111-generic
15 verbose node v24.13.0
16 verbose npm  v11.6.2
17 verbose exit 0
18 info ok
