0 verbose cli /home/wecode/.nvm/versions/node/v24.13.0/bin/node /home/wecode/.nvm/versions/node/v24.13.0/bin/npm
1 info using npm@11.6.2
2 info using node@v24.13.0
3 silly config load:file:/home/wecode/.nvm/versions/node/v24.13.0/lib/node_modules/npm/npmrc
4 silly config load:file:/home/wecode/Rendu/portfolio/.npmrc
5 silly config load:file:/home/wecode/.npmrc
6 silly config load:file:/home/wecode/.nvm/versions/node/v24.13.0/etc/npmrc
7 verbose title npm install tailwindcss@3.4.5 postcss@8.5.15 autoprefixer@10.5.0
8 verbose argv "install" "--save-dev" "tailwindcss@3.4.5" "postcss@8.5.15" "autoprefixer@10.5.0" "--registry" "https://registry.npmjs.org/" "--legacy-peer-deps"
9 verbose logfile logs-max:10 dir:/home/wecode/Rendu/portfolio/clean/_logs/2026-06-01T13_18_18_944Z-
10 verbose logfile /home/wecode/Rendu/portfolio/clean/_logs/2026-06-01T13_18_18_944Z-debug-0.log
11 silly logfile start cleaning logs, removing 1 files
12 silly packumentCache heap:4496293888 maxSize:1124073472 maxEntrySize:562036736
13 silly logfile done cleaning log files
14 warn idealTree Removing dependencies.autoprefixer in favor of devDependencies.autoprefixer
15 silly idealTree buildDeps
16 silly fetch manifest tailwindcss@3.4.5
17 silly packumentCache full:https://registry.npmjs.org/tailwindcss cache-miss
18 http cache https://registry.npmjs.org/tailwindcss 25ms (cache hit)
19 silly packumentCache full:https://registry.npmjs.org/tailwindcss set size:10583444 disposed:false
20 silly fetch manifest postcss@8.5.15
21 silly packumentCache full:https://registry.npmjs.org/postcss cache-miss
22 http cache https://registry.npmjs.org/postcss 4ms (cache hit)
23 silly packumentCache full:https://registry.npmjs.org/postcss set size:723316 disposed:false
24 silly fetch manifest autoprefixer@10.5.0
25 silly packumentCache full:https://registry.npmjs.org/autoprefixer cache-miss
26 http cache https://registry.npmjs.org/autoprefixer 4ms (cache hit)
27 silly packumentCache full:https://registry.npmjs.org/autoprefixer set size:1319426 disposed:false
28 silly placeDep ROOT autoprefixer@10.5.0 REPLACE for: portfolio@1.0.0 want: 10.5.0
29 silly placeDep ROOT postcss@8.5.15 REPLACE for: portfolio@1.0.0 want: 8.5.15
30 silly placeDep ROOT tailwindcss@3.4.5 OK for: portfolio@1.0.0 want: 3.4.5
31 silly fetch manifest arg@^5.0.2
32 silly packumentCache full:https://registry.npmjs.org/arg cache-miss
33 silly fetch manifest dlv@^1.1.3
34 silly packumentCache full:https://registry.npmjs.org/dlv cache-miss
35 silly fetch manifest jiti@^1.21.0
36 silly packumentCache full:https://registry.npmjs.org/jiti cache-miss
37 silly fetch manifest is-glob@^4.0.3
38 silly packumentCache full:https://registry.npmjs.org/is-glob cache-miss
39 silly fetch manifest resolve@^1.22.2
40 silly packumentCache full:https://registry.npmjs.org/resolve cache-miss
41 silly fetch manifest sucrase@^3.32.0
42 silly packumentCache full:https://registry.npmjs.org/sucrase cache-miss
43 silly fetch manifest chokidar@^3.5.3
44 silly packumentCache full:https://registry.npmjs.org/chokidar cache-miss
45 silly fetch manifest fast-glob@^3.3.0
46 silly packumentCache full:https://registry.npmjs.org/fast-glob cache-miss
47 silly fetch manifest lilconfig@^2.1.0
48 silly packumentCache full:https://registry.npmjs.org/lilconfig cache-miss
49 silly fetch manifest didyoumean@^1.2.2
50 silly packumentCache full:https://registry.npmjs.org/didyoumean cache-miss
51 silly fetch manifest micromatch@^4.0.5
52 silly packumentCache full:https://registry.npmjs.org/micromatch cache-miss
53 silly fetch manifest postcss-js@^4.0.1
54 silly packumentCache full:https://registry.npmjs.org/postcss-js cache-miss
55 silly fetch manifest glob-parent@^6.0.2
56 silly packumentCache full:https://registry.npmjs.org/glob-parent cache-miss
57 silly fetch manifest object-hash@^3.0.0
58 silly packumentCache full:https://registry.npmjs.org/object-hash cache-miss
59 silly fetch manifest normalize-path@^3.0.0
60 silly packumentCache full:https://registry.npmjs.org/normalize-path cache-miss
61 http cache https://registry.npmjs.org/dlv 10ms (cache hit)
62 silly packumentCache full:https://registry.npmjs.org/dlv set size:16709 disposed:false
63 silly fetch manifest postcss-import@^15.1.0
64 silly packumentCache full:https://registry.npmjs.org/postcss-import cache-miss
65 http cache https://registry.npmjs.org/is-glob 10ms (cache hit)
66 silly packumentCache full:https://registry.npmjs.org/is-glob set size:40530 disposed:false
67 silly fetch manifest postcss-nested@^6.0.1
68 silly packumentCache full:https://registry.npmjs.org/postcss-nested cache-miss
69 http cache https://registry.npmjs.org/fast-glob 11ms (cache hit)
70 silly packumentCache full:https://registry.npmjs.org/fast-glob set size:220556 disposed:false
71 silly fetch manifest @alloc/quick-lru@^5.2.0
72 silly packumentCache full:https://registry.npmjs.org/@alloc%2fquick-lru cache-miss
73 http cache https://registry.npmjs.org/jiti 15ms (cache hit)
74 silly packumentCache full:https://registry.npmjs.org/jiti set size:387989 disposed:false
75 silly fetch manifest postcss-load-config@^4.0.1
76 silly packumentCache full:https://registry.npmjs.org/postcss-load-config cache-miss
77 http cache https://registry.npmjs.org/sucrase 18ms (cache hit)
78 silly packumentCache full:https://registry.npmjs.org/sucrase set size:449399 disposed:false
79 silly fetch manifest postcss-selector-parser@^6.0.11
80 silly packumentCache full:https://registry.npmjs.org/postcss-selector-parser cache-miss
81 http cache https://registry.npmjs.org/postcss-js 21ms (cache hit)
82 silly packumentCache full:https://registry.npmjs.org/postcss-js set size:51308 disposed:false
83 http cache https://registry.npmjs.org/lilconfig 22ms (cache hit)
84 silly packumentCache full:https://registry.npmjs.org/lilconfig set size:45636 disposed:false
85 http cache https://registry.npmjs.org/chokidar 24ms (cache hit)
86 silly packumentCache full:https://registry.npmjs.org/chokidar set size:255902 disposed:false
87 http cache https://registry.npmjs.org/arg 27ms (cache hit)
88 silly packumentCache full:https://registry.npmjs.org/arg set size:67036 disposed:false
89 http cache https://registry.npmjs.org/didyoumean 26ms (cache hit)
90 silly packumentCache full:https://registry.npmjs.org/didyoumean set size:11446 disposed:false
91 http cache https://registry.npmjs.org/glob-parent 26ms (cache hit)
92 silly packumentCache full:https://registry.npmjs.org/glob-parent set size:42445 disposed:false
93 http cache https://registry.npmjs.org/micromatch 27ms (cache hit)
94 silly packumentCache full:https://registry.npmjs.org/micromatch set size:240630 disposed:false
95 http cache https://registry.npmjs.org/normalize-path 28ms (cache hit)
96 silly packumentCache full:https://registry.npmjs.org/normalize-path set size:28713 disposed:false
97 http cache https://registry.npmjs.org/object-hash 30ms (cache hit)
98 silly packumentCache full:https://registry.npmjs.org/object-hash set size:100564 disposed:false
99 http cache https://registry.npmjs.org/resolve 33ms (cache hit)
100 silly packumentCache full:https://registry.npmjs.org/resolve set size:244568 disposed:false
101 http cache https://registry.npmjs.org/@alloc%2fquick-lru 23ms (cache hit)
102 silly packumentCache full:https://registry.npmjs.org/@alloc%2fquick-lru set size:7269 disposed:false
103 http cache https://registry.npmjs.org/postcss-import 28ms (cache hit)
104 silly packumentCache full:https://registry.npmjs.org/postcss-import set size:120971 disposed:false
105 http cache https://registry.npmjs.org/postcss-load-config 22ms (cache hit)
106 silly packumentCache full:https://registry.npmjs.org/postcss-load-config set size:86425 disposed:false
107 http cache https://registry.npmjs.org/postcss-nested 30ms (cache hit)
108 silly packumentCache full:https://registry.npmjs.org/postcss-nested set size:79120 disposed:false
109 http cache https://registry.npmjs.org/postcss-selector-parser 21ms (cache hit)
110 silly packumentCache full:https://registry.npmjs.org/postcss-selector-parser set size:177140 disposed:false
111 silly placeDep ROOT @alloc/quick-lru@5.2.0 OK for: tailwindcss@3.4.5 want: ^5.2.0
112 silly placeDep ROOT arg@5.0.2 OK for: tailwindcss@3.4.5 want: ^5.0.2
113 silly placeDep ROOT chokidar@3.6.0 OK for: tailwindcss@3.4.5 want: ^3.5.3
114 silly placeDep ROOT didyoumean@1.2.2 OK for: tailwindcss@3.4.5 want: ^1.2.2
115 silly placeDep ROOT dlv@1.1.3 OK for: tailwindcss@3.4.5 want: ^1.1.3
116 silly placeDep ROOT fast-glob@3.3.3 OK for: tailwindcss@3.4.5 want: ^3.3.0
117 silly placeDep ROOT glob-parent@6.0.2 OK for: tailwindcss@3.4.5 want: ^6.0.2
118 silly placeDep ROOT is-glob@4.0.3 OK for: tailwindcss@3.4.5 want: ^4.0.3
119 silly placeDep ROOT jiti@1.21.7 OK for: tailwindcss@3.4.5 want: ^1.21.0
120 silly placeDep ROOT lilconfig@2.1.0 OK for: tailwindcss@3.4.5 want: ^2.1.0
121 silly placeDep ROOT micromatch@4.0.8 OK for: tailwindcss@3.4.5 want: ^4.0.5
122 silly placeDep ROOT normalize-path@3.0.0 OK for: tailwindcss@3.4.5 want: ^3.0.0
123 silly placeDep ROOT object-hash@3.0.0 OK for: tailwindcss@3.4.5 want: ^3.0.0
124 silly placeDep ROOT postcss-import@15.1.0 OK for: tailwindcss@3.4.5 want: ^15.1.0
125 silly placeDep ROOT postcss-js@4.1.0 OK for: tailwindcss@3.4.5 want: ^4.0.1
126 silly placeDep ROOT postcss-load-config@4.0.2 OK for: tailwindcss@3.4.5 want: ^4.0.1
127 silly placeDep ROOT postcss-nested@6.2.0 OK for: tailwindcss@3.4.5 want: ^6.0.1
128 silly placeDep ROOT postcss-selector-parser@6.1.2 OK for: tailwindcss@3.4.5 want: ^6.0.11
129 silly placeDep ROOT resolve@1.22.12 OK for: tailwindcss@3.4.5 want: ^1.22.2
130 silly placeDep ROOT sucrase@3.35.1 OK for: tailwindcss@3.4.5 want: ^3.32.0
131 silly fetch manifest braces@~3.0.2
132 silly packumentCache full:https://registry.npmjs.org/braces cache-miss
133 silly fetch manifest is-glob@~4.0.1
134 silly packumentCache full:https://registry.npmjs.org/is-glob cache-hit
135 silly fetch manifest anymatch@~3.1.2
136 silly packumentCache full:https://registry.npmjs.org/anymatch cache-miss
137 silly fetch manifest readdirp@~3.6.0
138 silly packumentCache full:https://registry.npmjs.org/readdirp cache-miss
139 silly fetch manifest glob-parent@~5.1.2
140 silly packumentCache full:https://registry.npmjs.org/glob-parent cache-hit
141 silly fetch manifest is-binary-path@~2.1.0
142 silly packumentCache full:https://registry.npmjs.org/is-binary-path cache-miss
143 silly fetch manifest normalize-path@~3.0.0
144 silly packumentCache full:https://registry.npmjs.org/normalize-path cache-hit
145 silly fetch manifest fsevents@~2.3.2
146 silly packumentCache full:https://registry.npmjs.org/fsevents cache-miss
147 silly fetch manifest @nodelib/fs.stat@^2.0.2
148 silly packumentCache full:https://registry.npmjs.org/@nodelib%2ffs.stat cache-miss
149 silly fetch manifest @nodelib/fs.walk@^1.2.3
150 silly packumentCache full:https://registry.npmjs.org/@nodelib%2ffs.walk cache-miss
151 silly fetch manifest glob-parent@^5.1.2
152 silly packumentCache full:https://registry.npmjs.org/glob-parent cache-hit
153 silly fetch manifest merge2@^1.3.0
154 silly packumentCache full:https://registry.npmjs.org/merge2 cache-miss
155 silly fetch manifest micromatch@^4.0.8
156 silly packumentCache full:https://registry.npmjs.org/micromatch cache-hit
157 silly fetch manifest is-extglob@^2.1.1
158 silly packumentCache full:https://registry.npmjs.org/is-extglob cache-miss
159 silly fetch manifest braces@^3.0.3
160 silly packumentCache full:https://registry.npmjs.org/braces cache-miss
161 silly fetch manifest picomatch@^2.3.1
162 silly packumentCache full:https://registry.npmjs.org/picomatch cache-miss
163 silly fetch manifest resolve@^1.1.7
164 silly packumentCache full:https://registry.npmjs.org/resolve cache-hit
165 silly fetch manifest read-cache@^1.0.0
166 silly packumentCache full:https://registry.npmjs.org/read-cache cache-miss
167 silly fetch manifest camelcase-css@^2.0.1
168 silly packumentCache full:https://registry.npmjs.org/camelcase-css cache-miss
169 silly fetch manifest yaml@^2.3.4
170 silly packumentCache full:https://registry.npmjs.org/yaml cache-miss
171 silly fetch manifest lilconfig@^3.0.0
172 silly packumentCache full:https://registry.npmjs.org/lilconfig cache-hit
173 silly fetch manifest postcss-selector-parser@^6.1.1
174 silly packumentCache full:https://registry.npmjs.org/postcss-selector-parser cache-hit
175 silly fetch manifest cssesc@^3.0.0
176 silly packumentCache full:https://registry.npmjs.org/cssesc cache-miss
177 http cache https://registry.npmjs.org/@nodelib%2ffs.stat 26ms (cache hit)
178 silly packumentCache full:https://registry.npmjs.org/@nodelib%2ffs.stat set size:36993 disposed:false
179 silly fetch manifest util-deprecate@^1.0.2
180 silly packumentCache full:https://registry.npmjs.org/util-deprecate cache-miss
181 http cache https://registry.npmjs.org/@nodelib%2ffs.walk 27ms (cache hit)
182 silly packumentCache full:https://registry.npmjs.org/@nodelib%2ffs.walk set size:41589 disposed:false
183 silly fetch manifest es-errors@^1.3.0
184 silly packumentCache full:https://registry.npmjs.org/es-errors cache-miss
185 http cache https://registry.npmjs.org/is-binary-path 28ms (cache hit)
186 silly packumentCache full:https://registry.npmjs.org/is-binary-path set size:13475 disposed:false
187 silly fetch manifest path-parse@^1.0.7
188 silly packumentCache full:https://registry.npmjs.org/path-parse cache-miss
189 http cache https://registry.npmjs.org/braces 30ms (cache hit)
190 silly packumentCache full:https://registry.npmjs.org/braces set size:114529 disposed:false
191 silly fetch manifest is-core-module@^2.16.1
192 silly packumentCache full:https://registry.npmjs.org/is-core-module cache-miss
193 http cache https://registry.npmjs.org/anymatch 31ms (cache hit)
194 silly packumentCache full:https://registry.npmjs.org/anymatch set size:42974 disposed:false
195 silly fetch manifest supports-preserve-symlinks-flag@^1.0.0
196 silly packumentCache full:https://registry.npmjs.org/supports-preserve-symlinks-flag cache-miss
197 http cache https://registry.npmjs.org/fsevents 31ms (cache hit)
198 silly packumentCache full:https://registry.npmjs.org/fsevents set size:182472 disposed:false
199 silly fetch manifest @jridgewell/gen-mapping@^0.3.2
200 silly packumentCache full:https://registry.npmjs.org/@jridgewell%2fgen-mapping cache-miss
201 http cache https://registry.npmjs.org/picomatch 30ms (cache hit)
202 silly packumentCache full:https://registry.npmjs.org/picomatch set size:126376 disposed:false
203 silly fetch manifest commander@^4.0.0
204 silly packumentCache full:https://registry.npmjs.org/commander cache-miss
205 http cache https://registry.npmjs.org/yaml 31ms (cache hit)
206 silly packumentCache full:https://registry.npmjs.org/yaml set size:385754 disposed:false
207 silly fetch manifest lines-and-columns@^1.1.6
208 silly packumentCache full:https://registry.npmjs.org/lines-and-columns cache-miss
209 http cache https://registry.npmjs.org/read-cache 35ms (cache hit)
210 silly packumentCache full:https://registry.npmjs.org/read-cache set size:3003 disposed:false
211 silly fetch manifest mz@^2.7.0
212 silly packumentCache full:https://registry.npmjs.org/mz cache-miss
213 http cache https://registry.npmjs.org/cssesc 34ms (cache hit)
214 silly packumentCache full:https://registry.npmjs.org/cssesc set size:18815 disposed:false
215 silly fetch manifest pirates@^4.0.1
216 silly packumentCache full:https://registry.npmjs.org/pirates cache-miss
217 http cache https://registry.npmjs.org/camelcase-css 35ms (cache hit)
218 silly packumentCache full:https://registry.npmjs.org/camelcase-css set size:9392 disposed:false
219 silly fetch manifest tinyglobby@^0.2.11
220 silly packumentCache full:https://registry.npmjs.org/tinyglobby cache-miss
221 http cache https://registry.npmjs.org/braces 37ms (cache hit)
222 silly packumentCache full:https://registry.npmjs.org/braces set size:114529 disposed:false
223 silly packumentCache full:https://registry.npmjs.org/braces dispose
224 silly fetch manifest ts-interface-checker@^0.1.9
225 silly packumentCache full:https://registry.npmjs.org/ts-interface-checker cache-miss
226 http cache https://registry.npmjs.org/is-extglob 39ms (cache hit)
227 silly packumentCache full:https://registry.npmjs.org/is-extglob set size:11766 disposed:false
228 http cache https://registry.npmjs.org/util-deprecate 21ms (cache hit)
229 silly packumentCache full:https://registry.npmjs.org/util-deprecate set size:6674 disposed:false
230 http cache https://registry.npmjs.org/supports-preserve-symlinks-flag 17ms (cache hit)
231 silly packumentCache full:https://registry.npmjs.org/supports-preserve-symlinks-flag set size:6802 disposed:false
232 http cache https://registry.npmjs.org/path-parse 20ms (cache hit)
233 silly packumentCache full:https://registry.npmjs.org/path-parse set size:14523 disposed:false
234 http cache https://registry.npmjs.org/es-errors 21ms (cache hit)
235 silly packumentCache full:https://registry.npmjs.org/es-errors set size:16918 disposed:false
236 http cache https://registry.npmjs.org/is-core-module 25ms (cache hit)
237 silly packumentCache full:https://registry.npmjs.org/is-core-module set size:74378 disposed:false
238 http cache https://registry.npmjs.org/@jridgewell%2fgen-mapping 24ms (cache hit)
239 silly packumentCache full:https://registry.npmjs.org/@jridgewell%2fgen-mapping set size:75941 disposed:false
240 http cache https://registry.npmjs.org/mz 19ms (cache hit)
241 silly packumentCache full:https://registry.npmjs.org/mz set size:42731 disposed:false
242 http cache https://registry.npmjs.org/tinyglobby 18ms (cache hit)
243 silly packumentCache full:https://registry.npmjs.org/tinyglobby set size:54291 disposed:false
244 http cache https://registry.npmjs.org/lines-and-columns 21ms (cache hit)
245 silly packumentCache full:https://registry.npmjs.org/lines-and-columns set size:73796 disposed:false
246 http cache https://registry.npmjs.org/commander 26ms (cache hit)
247 silly packumentCache full:https://registry.npmjs.org/commander set size:353115 disposed:false
248 http cache https://registry.npmjs.org/ts-interface-checker 21ms (cache hit)
249 silly packumentCache full:https://registry.npmjs.org/ts-interface-checker set size:58946 disposed:false
250 http cache https://registry.npmjs.org/pirates 24ms (cache hit)
251 silly packumentCache full:https://registry.npmjs.org/pirates set size:51327 disposed:false
252 http fetch GET https://registry.npmjs.org/readdirp attempt 1 failed with ECONNRESET
253 http fetch GET https://registry.npmjs.org/merge2 attempt 1 failed with ECONNRESET
254 http fetch GET 200 https://registry.npmjs.org/merge2 25476ms attempt #2 (cache miss)
255 silly packumentCache full:https://registry.npmjs.org/merge2 set size:undefined disposed:false
256 http fetch GET 200 https://registry.npmjs.org/readdirp 25478ms attempt #2 (cache miss)
257 silly packumentCache full:https://registry.npmjs.org/readdirp set size:undefined disposed:false
258 silly placeDep ROOT anymatch@3.1.3 OK for: chokidar@3.6.0 want: ~3.1.2
259 silly placeDep ROOT braces@3.0.3 OK for: chokidar@3.6.0 want: ~3.0.2
260 silly placeDep ROOT fsevents@2.3.3 OK for: chokidar@3.6.0 want: ~2.3.2
261 silly placeDep node_modules/chokidar glob-parent@5.1.2 OK for: chokidar@3.6.0 want: ~5.1.2
262 silly placeDep ROOT is-binary-path@2.1.0 OK for: chokidar@3.6.0 want: ~2.1.0
263 silly placeDep ROOT readdirp@3.6.0 OK for: chokidar@3.6.0 want: ~3.6.0
264 silly fetch manifest picomatch@^2.0.4
265 silly packumentCache full:https://registry.npmjs.org/picomatch cache-hit
266 silly fetch manifest fill-range@^7.1.1
267 silly packumentCache full:https://registry.npmjs.org/fill-range cache-miss
268 silly fetch manifest binary-extensions@^2.0.0
269 silly packumentCache full:https://registry.npmjs.org/binary-extensions cache-miss
270 silly fetch manifest picomatch@^2.2.1
271 silly packumentCache full:https://registry.npmjs.org/picomatch cache-hit
272 http fetch GET 200 https://registry.npmjs.org/fill-range 311ms (cache miss)
273 silly packumentCache full:https://registry.npmjs.org/fill-range set size:undefined disposed:false
274 http fetch GET 200 https://registry.npmjs.org/binary-extensions 336ms (cache miss)
275 silly packumentCache full:https://registry.npmjs.org/binary-extensions set size:undefined disposed:false
276 silly placeDep ROOT picomatch@2.3.2 OK for: anymatch@3.1.3 want: ^2.0.4
277 silly placeDep ROOT fill-range@7.1.1 OK for: braces@3.0.3 want: ^7.1.1
278 silly fetch manifest to-regex-range@^5.0.1
279 silly packumentCache full:https://registry.npmjs.org/to-regex-range cache-miss
280 http fetch GET 200 https://registry.npmjs.org/to-regex-range 364ms (cache miss)
281 silly packumentCache full:https://registry.npmjs.org/to-regex-range set size:undefined disposed:false
282 silly placeDep ROOT @nodelib/fs.stat@2.0.5 OK for: fast-glob@3.3.3 want: ^2.0.2
283 silly placeDep ROOT @nodelib/fs.walk@1.2.8 OK for: fast-glob@3.3.3 want: ^1.2.3
284 silly placeDep node_modules/fast-glob glob-parent@5.1.2 OK for: fast-glob@3.3.3 want: ^5.1.2
285 silly placeDep ROOT merge2@1.4.1 OK for: fast-glob@3.3.3 want: ^1.3.0
286 silly fetch manifest fastq@^1.6.0
287 silly packumentCache full:https://registry.npmjs.org/fastq cache-miss
288 silly fetch manifest @nodelib/fs.scandir@2.1.5
289 silly packumentCache full:https://registry.npmjs.org/@nodelib%2ffs.scandir cache-miss
290 http fetch GET 200 https://registry.npmjs.org/fastq 406ms (cache miss)
291 silly packumentCache full:https://registry.npmjs.org/fastq set size:undefined disposed:false
292 http fetch GET 200 https://registry.npmjs.org/@nodelib%2ffs.scandir 781ms (cache miss)
293 silly packumentCache full:https://registry.npmjs.org/@nodelib%2ffs.scandir set size:undefined disposed:false
294 silly placeDep ROOT @nodelib/fs.scandir@2.1.5 OK for: @nodelib/fs.walk@1.2.8 want: 2.1.5
295 silly placeDep ROOT fastq@1.20.1 OK for: @nodelib/fs.walk@1.2.8 want: ^1.6.0
296 silly fetch manifest run-parallel@^1.1.9
297 silly packumentCache full:https://registry.npmjs.org/run-parallel cache-miss
298 silly fetch manifest reusify@^1.0.4
299 silly packumentCache full:https://registry.npmjs.org/reusify cache-miss
300 http fetch GET 200 https://registry.npmjs.org/reusify 307ms (cache miss)
301 silly packumentCache full:https://registry.npmjs.org/reusify set size:undefined disposed:false
302 http fetch GET 200 https://registry.npmjs.org/run-parallel 317ms (cache miss)
303 silly packumentCache full:https://registry.npmjs.org/run-parallel set size:undefined disposed:false
304 silly placeDep ROOT run-parallel@1.2.0 OK for: @nodelib/fs.scandir@2.1.5 want: ^1.1.9
305 silly fetch manifest queue-microtask@^1.2.2
306 silly packumentCache full:https://registry.npmjs.org/queue-microtask cache-miss
307 http fetch GET 200 https://registry.npmjs.org/queue-microtask 336ms (cache miss)
308 silly packumentCache full:https://registry.npmjs.org/queue-microtask set size:undefined disposed:false
309 silly placeDep ROOT reusify@1.1.0 OK for: fastq@1.20.1 want: ^1.0.4
310 silly placeDep ROOT to-regex-range@5.0.1 OK for: fill-range@7.1.1 want: ^5.0.1
311 silly fetch manifest is-number@^7.0.0
312 silly packumentCache full:https://registry.npmjs.org/is-number cache-miss
313 http fetch GET 200 https://registry.npmjs.org/is-number 364ms (cache miss)
314 silly packumentCache full:https://registry.npmjs.org/is-number set size:undefined disposed:false
315 silly placeDep ROOT binary-extensions@2.3.0 OK for: is-binary-path@2.1.0 want: ^2.0.0
316 silly placeDep ROOT is-extglob@2.1.1 OK for: is-glob@4.0.3 want: ^2.1.1
317 silly placeDep ROOT read-cache@1.0.0 OK for: postcss-import@15.1.0 want: ^1.0.0
318 silly fetch manifest pify@^2.3.0
319 silly packumentCache full:https://registry.npmjs.org/pify cache-miss
320 http fetch GET 200 https://registry.npmjs.org/pify 336ms (cache miss)
321 silly packumentCache full:https://registry.npmjs.org/pify set size:undefined disposed:false
322 silly placeDep ROOT camelcase-css@2.0.1 OK for: postcss-js@4.1.0 want: ^2.0.1
323 silly placeDep node_modules/postcss-load-config lilconfig@3.1.3 OK for: postcss-load-config@4.0.2 want: ^3.0.0
324 silly placeDep ROOT yaml@2.9.0 OK for: postcss-load-config@4.0.2 want: ^2.3.4
325 silly placeDep ROOT cssesc@3.0.0 OK for: postcss-selector-parser@6.1.2 want: ^3.0.0
326 silly placeDep ROOT util-deprecate@1.0.2 OK for: postcss-selector-parser@6.1.2 want: ^1.0.2
327 silly placeDep ROOT pify@2.3.0 OK for: read-cache@1.0.0 want: ^2.3.0
328 silly placeDep ROOT es-errors@1.3.0 OK for: resolve@1.22.12 want: ^1.3.0
329 silly placeDep ROOT is-core-module@2.16.2 OK for: resolve@1.22.12 want: ^2.16.1
330 silly placeDep ROOT path-parse@1.0.7 OK for: resolve@1.22.12 want: ^1.0.7
331 silly placeDep ROOT supports-preserve-symlinks-flag@1.0.0 OK for: resolve@1.22.12 want: ^1.0.0
332 silly fetch manifest hasown@^2.0.3
333 silly packumentCache full:https://registry.npmjs.org/hasown cache-miss
334 http fetch GET 200 https://registry.npmjs.org/hasown 311ms (cache miss)
335 silly packumentCache full:https://registry.npmjs.org/hasown set size:undefined disposed:false
336 silly placeDep ROOT hasown@2.0.4 OK for: is-core-module@2.16.2 want: ^2.0.3
337 silly fetch manifest function-bind@^1.1.2
338 silly packumentCache full:https://registry.npmjs.org/function-bind cache-miss
339 http fetch GET 200 https://registry.npmjs.org/function-bind 44ms (cache miss)
340 silly packumentCache full:https://registry.npmjs.org/function-bind set size:undefined disposed:false
341 silly placeDep ROOT function-bind@1.1.2 OK for: hasown@2.0.4 want: ^1.1.2
342 silly placeDep ROOT queue-microtask@1.2.3 OK for: run-parallel@1.2.0 want: ^1.2.2
343 silly placeDep ROOT @jridgewell/gen-mapping@0.3.13 OK for: sucrase@3.35.1 want: ^0.3.2
344 silly placeDep ROOT commander@4.1.1 OK for: sucrase@3.35.1 want: ^4.0.0
345 silly placeDep ROOT lines-and-columns@1.2.4 OK for: sucrase@3.35.1 want: ^1.1.6
346 silly placeDep ROOT mz@2.7.0 OK for: sucrase@3.35.1 want: ^2.7.0
347 silly placeDep ROOT pirates@4.0.7 OK for: sucrase@3.35.1 want: ^4.0.1
348 silly placeDep ROOT tinyglobby@0.2.17 OK for: sucrase@3.35.1 want: ^0.2.11
349 silly placeDep ROOT ts-interface-checker@0.1.13 OK for: sucrase@3.35.1 want: ^0.1.9
350 silly fetch manifest @jridgewell/trace-mapping@^0.3.24
351 silly packumentCache full:https://registry.npmjs.org/@jridgewell%2ftrace-mapping cache-miss
352 silly fetch manifest @jridgewell/sourcemap-codec@^1.5.0
353 silly packumentCache full:https://registry.npmjs.org/@jridgewell%2fsourcemap-codec cache-miss
354 silly fetch manifest any-promise@^1.0.0
355 silly packumentCache full:https://registry.npmjs.org/any-promise cache-miss
356 silly fetch manifest object-assign@^4.0.1
357 silly packumentCache full:https://registry.npmjs.org/object-assign cache-miss
358 silly fetch manifest thenify-all@^1.0.0
359 silly packumentCache full:https://registry.npmjs.org/thenify-all cache-miss
360 silly fetch manifest fdir@^6.5.0
361 silly packumentCache full:https://registry.npmjs.org/fdir cache-miss
362 silly fetch manifest picomatch@^4.0.4
363 silly packumentCache full:https://registry.npmjs.org/picomatch cache-hit
364 http fetch GET 200 https://registry.npmjs.org/object-assign 73ms (cache miss)
365 silly packumentCache full:https://registry.npmjs.org/object-assign set size:undefined disposed:false
366 http fetch GET 200 https://registry.npmjs.org/@jridgewell%2ftrace-mapping 75ms (cache miss)
367 silly packumentCache full:https://registry.npmjs.org/@jridgewell%2ftrace-mapping set size:undefined disposed:false
368 http fetch GET 200 https://registry.npmjs.org/@jridgewell%2fsourcemap-codec 692ms (cache miss)
369 silly packumentCache full:https://registry.npmjs.org/@jridgewell%2fsourcemap-codec set size:undefined disposed:false
370 http fetch GET https://registry.npmjs.org/fdir attempt 1 failed with ECONNRESET
371 http fetch GET https://registry.npmjs.org/any-promise attempt 1 failed with ECONNRESET
372 http fetch GET https://registry.npmjs.org/thenify-all attempt 1 failed with ECONNRESET
373 http fetch GET 200 https://registry.npmjs.org/thenify-all 25069ms attempt #2 (cache miss)
374 silly packumentCache full:https://registry.npmjs.org/thenify-all set size:undefined disposed:false
375 http fetch GET 200 https://registry.npmjs.org/any-promise 25072ms attempt #2 (cache miss)
376 silly packumentCache full:https://registry.npmjs.org/any-promise set size:undefined disposed:false
377 http fetch GET 200 https://registry.npmjs.org/fdir 25544ms attempt #2 (cache miss)
378 silly packumentCache full:https://registry.npmjs.org/fdir set size:undefined disposed:false
379 silly placeDep ROOT @jridgewell/sourcemap-codec@1.5.5 OK for: @jridgewell/gen-mapping@0.3.13 want: ^1.5.0
380 silly placeDep ROOT @jridgewell/trace-mapping@0.3.31 OK for: @jridgewell/gen-mapping@0.3.13 want: ^0.3.24
381 silly fetch manifest @jridgewell/resolve-uri@^3.1.0
382 silly packumentCache full:https://registry.npmjs.org/@jridgewell%2fresolve-uri cache-miss
383 http fetch GET 200 https://registry.npmjs.org/@jridgewell%2fresolve-uri 809ms (cache miss)
384 silly packumentCache full:https://registry.npmjs.org/@jridgewell%2fresolve-uri set size:undefined disposed:false
385 silly placeDep ROOT @jridgewell/resolve-uri@3.1.2 OK for: @jridgewell/trace-mapping@0.3.31 want: ^3.1.0
386 silly placeDep ROOT any-promise@1.3.0 OK for: mz@2.7.0 want: ^1.0.0
387 silly placeDep ROOT object-assign@4.1.1 OK for: mz@2.7.0 want: ^4.0.1
388 silly placeDep ROOT thenify-all@1.6.0 OK for: mz@2.7.0 want: ^1.0.0
389 silly fetch manifest thenify@>= 3.1.0 < 4
390 silly packumentCache full:https://registry.npmjs.org/thenify cache-miss
391 http fetch GET 200 https://registry.npmjs.org/thenify 332ms (cache miss)
392 silly packumentCache full:https://registry.npmjs.org/thenify set size:undefined disposed:false
393 silly placeDep ROOT thenify@3.3.1 OK for: thenify-all@1.6.0 want: >= 3.1.0 < 4
394 silly placeDep ROOT fdir@6.5.0 OK for: tinyglobby@0.2.17 want: ^6.5.0
395 silly placeDep node_modules/tinyglobby picomatch@4.0.4 OK for: tinyglobby@0.2.17 want: ^4.0.4
396 silly placeDep ROOT is-number@7.0.0 OK for: to-regex-range@5.0.1 want: ^7.0.0
397 silly reify mark retired [
397 silly reify   '/home/wecode/Rendu/portfolio/node_modules/autoprefixer',
397 silly reify   '/home/wecode/Rendu/portfolio/node_modules/.bin/autoprefixer'
397 silly reify ]
398 silly reify moves {
398 silly reify   '/home/wecode/Rendu/portfolio/node_modules/autoprefixer': '/home/wecode/Rendu/portfolio/node_modules/.autoprefixer-2HyRyPI1',
398 silly reify   '/home/wecode/Rendu/portfolio/node_modules/.bin/autoprefixer': '/home/wecode/Rendu/portfolio/node_modules/.bin/.autoprefixer-GNSBWynX'
398 silly reify }
399 silly audit bulk request {
399 silly audit   'baseline-browser-mapping': [ '2.10.33' ],
399 silly audit   browserslist: [ '4.28.2' ],
399 silly audit   'caniuse-lite': [ '1.0.30001793' ],
399 silly audit   'electron-to-chromium': [ '1.5.364' ],
399 silly audit   nanoid: [ '3.3.12' ],
399 silly audit   'node-releases': [ '2.0.46' ],
399 silly audit   picocolors: [ '1.1.1' ],
399 silly audit   'postcss-value-parser': [ '4.2.0' ],
399 silly audit   'source-map-js': [ '1.2.1' ],
399 silly audit   'update-browserslist-db': [ '1.2.3' ],
399 silly audit   escalade: [ '3.2.0' ],
399 silly audit   autoprefixer: [ '10.5.0' ],
399 silly audit   'fraction.js': [ '5.3.4' ],
399 silly audit   postcss: [ '8.5.15' ],
399 silly audit   tailwindcss: [ '3.4.5' ],
399 silly audit   '@alloc/quick-lru': [ '5.2.0' ],
399 silly audit   arg: [ '5.0.2' ],
399 silly audit   chokidar: [ '3.6.0' ],
399 silly audit   didyoumean: [ '1.2.2' ],
399 silly audit   dlv: [ '1.1.3' ],
399 silly audit   'fast-glob': [ '3.3.3' ],
399 silly audit   'glob-parent': [ '6.0.2', '5.1.2' ],
399 silly audit   'is-glob': [ '4.0.3' ],
399 silly audit   jiti: [ '1.21.7' ],
399 silly audit   lilconfig: [ '2.1.0', '3.1.3' ],
399 silly audit   micromatch: [ '4.0.8' ],
399 silly audit   'normalize-path': [ '3.0.0' ],
399 silly audit   'object-hash': [ '3.0.0' ],
399 silly audit   'postcss-import': [ '15.1.0' ],
399 silly audit   'postcss-js': [ '4.1.0' ],
399 silly audit   'postcss-load-config': [ '4.0.2' ],
399 silly audit   'postcss-nested': [ '6.2.0' ],
399 silly audit   'postcss-selector-parser': [ '6.1.2' ],
399 silly audit   resolve: [ '1.22.12' ],
399 silly audit   sucrase: [ '3.35.1' ],
399 silly audit   anymatch: [ '3.1.3' ],
399 silly audit   braces: [ '3.0.3' ],
399 silly audit   fsevents: [ '2.3.3' ],
399 silly audit   'is-binary-path': [ '2.1.0' ],
399 silly audit   readdirp: [ '3.6.0' ],
399 silly audit   picomatch: [ '2.3.2', '4.0.4' ],
399 silly audit   'fill-range': [ '7.1.1' ],
399 silly audit   '@nodelib/fs.stat': [ '2.0.5' ],
399 silly audit   '@nodelib/fs.walk': [ '1.2.8' ],
399 silly audit   merge2: [ '1.4.1' ],
399 silly audit   '@nodelib/fs.scandir': [ '2.1.5' ],
399 silly audit   fastq: [ '1.20.1' ],
399 silly audit   'run-parallel': [ '1.2.0' ],
399 silly audit   reusify: [ '1.1.0' ],
399 silly audit   'to-regex-range': [ '5.0.1' ],
399 silly audit   'binary-extensions': [ '2.3.0' ],
399 silly audit   'is-extglob': [ '2.1.1' ],
399 silly audit   'read-cache': [ '1.0.0' ],
399 silly audit   'camelcase-css': [ '2.0.1' ],
399 silly audit   yaml: [ '2.9.0' ],
399 silly audit   cssesc: [ '3.0.0' ],
399 silly audit   'util-deprecate': [ '1.0.2' ],
399 silly audit   pify: [ '2.3.0' ],
399 silly audit   'es-errors': [ '1.3.0' ],
399 silly audit   'is-core-module': [ '2.16.2' ],
399 silly audit   'path-parse': [ '1.0.7' ],
399 silly audit   'supports-preserve-symlinks-flag': [ '1.0.0' ],
399 silly audit   hasown: [ '2.0.4' ],
399 silly audit   'function-bind': [ '1.1.2' ],
399 silly audit   'queue-microtask': [ '1.2.3' ],
399 silly audit   '@jridgewell/gen-mapping': [ '0.3.13' ],
399 silly audit   commander: [ '4.1.1' ],
399 silly audit   'lines-and-columns': [ '1.2.4' ],
399 silly audit   mz: [ '2.7.0' ],
399 silly audit   pirates: [ '4.0.7' ],
399 silly audit   tinyglobby: [ '0.2.17' ],
399 silly audit   'ts-interface-checker': [ '0.1.13' ],
399 silly audit   '@jridgewell/sourcemap-codec': [ '1.5.5' ],
399 silly audit   '@jridgewell/trace-mapping': [ '0.3.31' ],
399 silly audit   '@jridgewell/resolve-uri': [ '3.1.2' ],
399 silly audit   'any-promise': [ '1.3.0' ],
399 silly audit   'object-assign': [ '4.1.1' ],
399 silly audit   'thenify-all': [ '1.6.0' ],
399 silly audit   thenify: [ '3.3.1' ],
399 silly audit   fdir: [ '6.5.0' ],
399 silly audit   'is-number': [ '7.0.0' ]
399 silly audit }
400 http cache is-number@https://registry.npmjs.org/is-number/-/is-number-7.0.0.tgz 0ms (cache hit)
401 http cache fdir@https://registry.npmjs.org/fdir/-/fdir-6.5.0.tgz 0ms (cache hit)
402 http cache thenify@https://registry.npmjs.org/thenify/-/thenify-3.3.1.tgz 0ms (cache hit)
403 http cache thenify-all@https://registry.npmjs.org/thenify-all/-/thenify-all-1.6.0.tgz 0ms (cache hit)
404 http cache object-assign@https://registry.npmjs.org/object-assign/-/object-assign-4.1.1.tgz 0ms (cache hit)
405 http cache @jridgewell/resolve-uri@https://registry.npmjs.org/@jridgewell/resolve-uri/-/resolve-uri-3.1.2.tgz 0ms (cache hit)
406 http cache any-promise@https://registry.npmjs.org/any-promise/-/any-promise-1.3.0.tgz 0ms (cache hit)
407 http cache @jridgewell/sourcemap-codec@https://registry.npmjs.org/@jridgewell/sourcemap-codec/-/sourcemap-codec-1.5.5.tgz 0ms (cache hit)
408 http cache @jridgewell/trace-mapping@https://registry.npmjs.org/@jridgewell/trace-mapping/-/trace-mapping-0.3.31.tgz 0ms (cache hit)
409 http cache tinyglobby@https://registry.npmjs.org/tinyglobby/-/tinyglobby-0.2.17.tgz 0ms (cache hit)
410 http cache pirates@https://registry.npmjs.org/pirates/-/pirates-4.0.7.tgz 0ms (cache hit)
411 http cache mz@https://registry.npmjs.org/mz/-/mz-2.7.0.tgz 0ms (cache hit)
412 http cache lines-and-columns@https://registry.npmjs.org/lines-and-columns/-/lines-and-columns-1.2.4.tgz 0ms (cache hit)
413 http cache commander@https://registry.npmjs.org/commander/-/commander-4.1.1.tgz 0ms (cache hit)
414 http cache @jridgewell/gen-mapping@https://registry.npmjs.org/@jridgewell/gen-mapping/-/gen-mapping-0.3.13.tgz 0ms (cache hit)
415 http cache queue-microtask@https://registry.npmjs.org/queue-microtask/-/queue-microtask-1.2.3.tgz 0ms (cache hit)
416 http cache hasown@https://registry.npmjs.org/hasown/-/hasown-2.0.4.tgz 0ms (cache hit)
417 http cache function-bind@https://registry.npmjs.org/function-bind/-/function-bind-1.1.2.tgz 0ms (cache hit)
418 http cache ts-interface-checker@https://registry.npmjs.org/ts-interface-checker/-/ts-interface-checker-0.1.13.tgz 0ms (cache hit)
419 http cache supports-preserve-symlinks-flag@https://registry.npmjs.org/supports-preserve-symlinks-flag/-/supports-preserve-symlinks-flag-1.0.0.tgz 0ms (cache hit)
420 http cache path-parse@https://registry.npmjs.org/path-parse/-/path-parse-1.0.7.tgz 0ms (cache hit)
421 http cache is-core-module@https://registry.npmjs.org/is-core-module/-/is-core-module-2.16.2.tgz 0ms (cache hit)
422 http cache es-errors@https://registry.npmjs.org/es-errors/-/es-errors-1.3.0.tgz 0ms (cache hit)
423 http cache pify@https://registry.npmjs.org/pify/-/pify-2.3.0.tgz 0ms (cache hit)
424 http cache util-deprecate@https://registry.npmjs.org/util-deprecate/-/util-deprecate-1.0.2.tgz 0ms (cache hit)
425 http cache camelcase-css@https://registry.npmjs.org/camelcase-css/-/camelcase-css-2.0.1.tgz 0ms (cache hit)
426 http cache yaml@https://registry.npmjs.org/yaml/-/yaml-2.9.0.tgz 0ms (cache hit)
427 http cache cssesc@https://registry.npmjs.org/cssesc/-/cssesc-3.0.0.tgz 0ms (cache hit)
428 http cache read-cache@https://registry.npmjs.org/read-cache/-/read-cache-1.0.0.tgz 0ms (cache hit)
429 http cache binary-extensions@https://registry.npmjs.org/binary-extensions/-/binary-extensions-2.3.0.tgz 0ms (cache hit)
430 http cache to-regex-range@https://registry.npmjs.org/to-regex-range/-/to-regex-range-5.0.1.tgz 0ms (cache hit)
431 http cache reusify@https://registry.npmjs.org/reusify/-/reusify-1.1.0.tgz 0ms (cache hit)
432 http cache is-extglob@https://registry.npmjs.org/is-extglob/-/is-extglob-2.1.1.tgz 0ms (cache hit)
433 http cache run-parallel@https://registry.npmjs.org/run-parallel/-/run-parallel-1.2.0.tgz 0ms (cache hit)
434 http cache fastq@https://registry.npmjs.org/fastq/-/fastq-1.20.1.tgz 0ms (cache hit)
435 http cache @nodelib/fs.walk@https://registry.npmjs.org/@nodelib/fs.walk/-/fs.walk-1.2.8.tgz 0ms (cache hit)
436 http cache @nodelib/fs.scandir@https://registry.npmjs.org/@nodelib/fs.scandir/-/fs.scandir-2.1.5.tgz 0ms (cache hit)
437 http cache merge2@https://registry.npmjs.org/merge2/-/merge2-1.4.1.tgz 0ms (cache hit)
438 http cache @nodelib/fs.stat@https://registry.npmjs.org/@nodelib/fs.stat/-/fs.stat-2.0.5.tgz 0ms (cache hit)
439 http cache picomatch@https://registry.npmjs.org/picomatch/-/picomatch-2.3.2.tgz 0ms (cache hit)
440 http cache fill-range@https://registry.npmjs.org/fill-range/-/fill-range-7.1.1.tgz 0ms (cache hit)
441 http cache readdirp@https://registry.npmjs.org/readdirp/-/readdirp-3.6.0.tgz 0ms (cache hit)
442 http cache is-binary-path@https://registry.npmjs.org/is-binary-path/-/is-binary-path-2.1.0.tgz 0ms (cache hit)
443 http cache braces@https://registry.npmjs.org/braces/-/braces-3.0.3.tgz 0ms (cache hit)
444 http cache anymatch@https://registry.npmjs.org/anymatch/-/anymatch-3.1.3.tgz 0ms (cache hit)
445 http cache sucrase@https://registry.npmjs.org/sucrase/-/sucrase-3.35.1.tgz 0ms (cache hit)
446 http cache resolve@https://registry.npmjs.org/resolve/-/resolve-1.22.12.tgz 0ms (cache hit)
447 http cache postcss-selector-parser@https://registry.npmjs.org/postcss-selector-parser/-/postcss-selector-parser-6.1.2.tgz 0ms (cache hit)
448 http cache postcss-load-config@https://registry.npmjs.org/postcss-load-config/-/postcss-load-config-4.0.2.tgz 0ms (cache hit)
449 http cache postcss-js@https://registry.npmjs.org/postcss-js/-/postcss-js-4.1.0.tgz 0ms (cache hit)
450 http cache postcss-nested@https://registry.npmjs.org/postcss-nested/-/postcss-nested-6.2.0.tgz 0ms (cache hit)
451 http cache postcss-import@https://registry.npmjs.org/postcss-import/-/postcss-import-15.1.0.tgz 0ms (cache hit)
452 http cache object-hash@https://registry.npmjs.org/object-hash/-/object-hash-3.0.0.tgz 0ms (cache hit)
453 http cache micromatch@https://registry.npmjs.org/micromatch/-/micromatch-4.0.8.tgz 0ms (cache hit)
454 http cache normalize-path@https://registry.npmjs.org/normalize-path/-/normalize-path-3.0.0.tgz 0ms (cache hit)
455 http cache lilconfig@https://registry.npmjs.org/lilconfig/-/lilconfig-2.1.0.tgz 0ms (cache hit)
456 http cache is-glob@https://registry.npmjs.org/is-glob/-/is-glob-4.0.3.tgz 0ms (cache hit)
457 http cache jiti@https://registry.npmjs.org/jiti/-/jiti-1.21.7.tgz 0ms (cache hit)
458 http cache fast-glob@https://registry.npmjs.org/fast-glob/-/fast-glob-3.3.3.tgz 0ms (cache hit)
459 http cache dlv@https://registry.npmjs.org/dlv/-/dlv-1.1.3.tgz 0ms (cache hit)
460 http cache didyoumean@https://registry.npmjs.org/didyoumean/-/didyoumean-1.2.2.tgz 0ms (cache hit)
461 http cache glob-parent@https://registry.npmjs.org/glob-parent/-/glob-parent-6.0.2.tgz 0ms (cache hit)
462 http cache chokidar@https://registry.npmjs.org/chokidar/-/chokidar-3.6.0.tgz 0ms (cache hit)
463 http cache @alloc/quick-lru@https://registry.npmjs.org/@alloc/quick-lru/-/quick-lru-5.2.0.tgz 0ms (cache hit)
464 http cache arg@https://registry.npmjs.org/arg/-/arg-5.0.2.tgz 0ms (cache hit)
465 http cache autoprefixer@https://registry.npmjs.org/autoprefixer/-/autoprefixer-10.5.0.tgz 1ms (cache hit)
466 http cache picomatch@https://registry.npmjs.org/picomatch/-/picomatch-4.0.4.tgz 0ms (cache hit)
467 http cache lilconfig@https://registry.npmjs.org/lilconfig/-/lilconfig-3.1.3.tgz 0ms (cache hit)
468 http cache tailwindcss@https://registry.npmjs.org/tailwindcss/-/tailwindcss-3.4.5.tgz 0ms (cache hit)
469 http cache glob-parent@https://registry.npmjs.org/glob-parent/-/glob-parent-5.1.2.tgz 0ms (cache hit)
470 http cache glob-parent@https://registry.npmjs.org/glob-parent/-/glob-parent-5.1.2.tgz 0ms (cache hit)
471 silly tarball no local data for is-number@https://registry.npmjs.org/is-number/-/is-number-7.0.0.tgz. Extracting by manifest.
472 silly tarball no local data for fdir@https://registry.npmjs.org/fdir/-/fdir-6.5.0.tgz. Extracting by manifest.
473 silly tarball no local data for thenify@https://registry.npmjs.org/thenify/-/thenify-3.3.1.tgz. Extracting by manifest.
474 silly tarball no local data for thenify-all@https://registry.npmjs.org/thenify-all/-/thenify-all-1.6.0.tgz. Extracting by manifest.
475 silly tarball no local data for object-assign@https://registry.npmjs.org/object-assign/-/object-assign-4.1.1.tgz. Extracting by manifest.
476 silly tarball no local data for @jridgewell/resolve-uri@https://registry.npmjs.org/@jridgewell/resolve-uri/-/resolve-uri-3.1.2.tgz. Extracting by manifest.
477 silly tarball no local data for any-promise@https://registry.npmjs.org/any-promise/-/any-promise-1.3.0.tgz. Extracting by manifest.
478 silly tarball no local data for @jridgewell/sourcemap-codec@https://registry.npmjs.org/@jridgewell/sourcemap-codec/-/sourcemap-codec-1.5.5.tgz. Extracting by manifest.
479 silly tarball no local data for @jridgewell/trace-mapping@https://registry.npmjs.org/@jridgewell/trace-mapping/-/trace-mapping-0.3.31.tgz. Extracting by manifest.
480 silly tarball no local data for tinyglobby@https://registry.npmjs.org/tinyglobby/-/tinyglobby-0.2.17.tgz. Extracting by manifest.
481 silly tarball no local data for pirates@https://registry.npmjs.org/pirates/-/pirates-4.0.7.tgz. Extracting by manifest.
482 silly tarball no local data for mz@https://registry.npmjs.org/mz/-/mz-2.7.0.tgz. Extracting by manifest.
483 silly tarball no local data for lines-and-columns@https://registry.npmjs.org/lines-and-columns/-/lines-and-columns-1.2.4.tgz. Extracting by manifest.
484 silly tarball no local data for commander@https://registry.npmjs.org/commander/-/commander-4.1.1.tgz. Extracting by manifest.
485 silly tarball no local data for @jridgewell/gen-mapping@https://registry.npmjs.org/@jridgewell/gen-mapping/-/gen-mapping-0.3.13.tgz. Extracting by manifest.
486 silly tarball no local data for queue-microtask@https://registry.npmjs.org/queue-microtask/-/queue-microtask-1.2.3.tgz. Extracting by manifest.
487 silly tarball no local data for hasown@https://registry.npmjs.org/hasown/-/hasown-2.0.4.tgz. Extracting by manifest.
488 silly tarball no local data for function-bind@https://registry.npmjs.org/function-bind/-/function-bind-1.1.2.tgz. Extracting by manifest.
489 silly tarball no local data for ts-interface-checker@https://registry.npmjs.org/ts-interface-checker/-/ts-interface-checker-0.1.13.tgz. Extracting by manifest.
490 silly tarball no local data for supports-preserve-symlinks-flag@https://registry.npmjs.org/supports-preserve-symlinks-flag/-/supports-preserve-symlinks-flag-1.0.0.tgz. Extracting by manifest.
491 silly tarball no local data for path-parse@https://registry.npmjs.org/path-parse/-/path-parse-1.0.7.tgz. Extracting by manifest.
492 silly tarball no local data for is-core-module@https://registry.npmjs.org/is-core-module/-/is-core-module-2.16.2.tgz. Extracting by manifest.
493 silly tarball no local data for es-errors@https://registry.npmjs.org/es-errors/-/es-errors-1.3.0.tgz. Extracting by manifest.
494 silly tarball no local data for pify@https://registry.npmjs.org/pify/-/pify-2.3.0.tgz. Extracting by manifest.
495 silly tarball no local data for util-deprecate@https://registry.npmjs.org/util-deprecate/-/util-deprecate-1.0.2.tgz. Extracting by manifest.
496 silly tarball no local data for camelcase-css@https://registry.npmjs.org/camelcase-css/-/camelcase-css-2.0.1.tgz. Extracting by manifest.
497 silly tarball no local data for yaml@https://registry.npmjs.org/yaml/-/yaml-2.9.0.tgz. Extracting by manifest.
498 silly tarball no local data for cssesc@https://registry.npmjs.org/cssesc/-/cssesc-3.0.0.tgz. Extracting by manifest.
499 silly tarball no local data for read-cache@https://registry.npmjs.org/read-cache/-/read-cache-1.0.0.tgz. Extracting by manifest.
500 silly tarball no local data for binary-extensions@https://registry.npmjs.org/binary-extensions/-/binary-extensions-2.3.0.tgz. Extracting by manifest.
501 silly tarball no local data for to-regex-range@https://registry.npmjs.org/to-regex-range/-/to-regex-range-5.0.1.tgz. Extracting by manifest.
502 silly tarball no local data for reusify@https://registry.npmjs.org/reusify/-/reusify-1.1.0.tgz. Extracting by manifest.
503 silly tarball no local data for is-extglob@https://registry.npmjs.org/is-extglob/-/is-extglob-2.1.1.tgz. Extracting by manifest.
504 silly tarball no local data for run-parallel@https://registry.npmjs.org/run-parallel/-/run-parallel-1.2.0.tgz. Extracting by manifest.
505 silly tarball no local data for fastq@https://registry.npmjs.org/fastq/-/fastq-1.20.1.tgz. Extracting by manifest.
506 silly tarball no local data for @nodelib/fs.walk@https://registry.npmjs.org/@nodelib/fs.walk/-/fs.walk-1.2.8.tgz. Extracting by manifest.
507 silly tarball no local data for @nodelib/fs.scandir@https://registry.npmjs.org/@nodelib/fs.scandir/-/fs.scandir-2.1.5.tgz. Extracting by manifest.
508 silly tarball no local data for merge2@https://registry.npmjs.org/merge2/-/merge2-1.4.1.tgz. Extracting by manifest.
509 silly tarball no local data for @nodelib/fs.stat@https://registry.npmjs.org/@nodelib/fs.stat/-/fs.stat-2.0.5.tgz. Extracting by manifest.
510 silly tarball no local data for picomatch@https://registry.npmjs.org/picomatch/-/picomatch-2.3.2.tgz. Extracting by manifest.
511 silly tarball no local data for fill-range@https://registry.npmjs.org/fill-range/-/fill-range-7.1.1.tgz. Extracting by manifest.
512 silly tarball no local data for readdirp@https://registry.npmjs.org/readdirp/-/readdirp-3.6.0.tgz. Extracting by manifest.
513 silly tarball no local data for is-binary-path@https://registry.npmjs.org/is-binary-path/-/is-binary-path-2.1.0.tgz. Extracting by manifest.
514 silly tarball no local data for braces@https://registry.npmjs.org/braces/-/braces-3.0.3.tgz. Extracting by manifest.
515 silly tarball no local data for anymatch@https://registry.npmjs.org/anymatch/-/anymatch-3.1.3.tgz. Extracting by manifest.
516 silly tarball no local data for sucrase@https://registry.npmjs.org/sucrase/-/sucrase-3.35.1.tgz. Extracting by manifest.
517 silly tarball no local data for resolve@https://registry.npmjs.org/resolve/-/resolve-1.22.12.tgz. Extracting by manifest.
518 silly tarball no local data for postcss-selector-parser@https://registry.npmjs.org/postcss-selector-parser/-/postcss-selector-parser-6.1.2.tgz. Extracting by manifest.
519 silly tarball no local data for postcss-load-config@https://registry.npmjs.org/postcss-load-config/-/postcss-load-config-4.0.2.tgz. Extracting by manifest.
520 silly tarball no local data for postcss-js@https://registry.npmjs.org/postcss-js/-/postcss-js-4.1.0.tgz. Extracting by manifest.
521 silly tarball no local data for postcss-nested@https://registry.npmjs.org/postcss-nested/-/postcss-nested-6.2.0.tgz. Extracting by manifest.
522 silly tarball no local data for postcss-import@https://registry.npmjs.org/postcss-import/-/postcss-import-15.1.0.tgz. Extracting by manifest.
523 silly tarball no local data for object-hash@https://registry.npmjs.org/object-hash/-/object-hash-3.0.0.tgz. Extracting by manifest.
524 silly tarball no local data for micromatch@https://registry.npmjs.org/micromatch/-/micromatch-4.0.8.tgz. Extracting by manifest.
525 silly tarball no local data for normalize-path@https://registry.npmjs.org/normalize-path/-/normalize-path-3.0.0.tgz. Extracting by manifest.
526 silly tarball no local data for lilconfig@https://registry.npmjs.org/lilconfig/-/lilconfig-2.1.0.tgz. Extracting by manifest.
527 silly tarball no local data for is-glob@https://registry.npmjs.org/is-glob/-/is-glob-4.0.3.tgz. Extracting by manifest.
528 silly tarball no local data for jiti@https://registry.npmjs.org/jiti/-/jiti-1.21.7.tgz. Extracting by manifest.
529 silly tarball no local data for fast-glob@https://registry.npmjs.org/fast-glob/-/fast-glob-3.3.3.tgz. Extracting by manifest.
530 silly tarball no local data for dlv@https://registry.npmjs.org/dlv/-/dlv-1.1.3.tgz. Extracting by manifest.
531 silly tarball no local data for didyoumean@https://registry.npmjs.org/didyoumean/-/didyoumean-1.2.2.tgz. Extracting by manifest.
532 silly tarball no local data for glob-parent@https://registry.npmjs.org/glob-parent/-/glob-parent-6.0.2.tgz. Extracting by manifest.
533 silly tarball no local data for chokidar@https://registry.npmjs.org/chokidar/-/chokidar-3.6.0.tgz. Extracting by manifest.
534 silly tarball no local data for @alloc/quick-lru@https://registry.npmjs.org/@alloc/quick-lru/-/quick-lru-5.2.0.tgz. Extracting by manifest.
535 silly tarball no local data for arg@https://registry.npmjs.org/arg/-/arg-5.0.2.tgz. Extracting by manifest.
536 silly tarball no local data for picomatch@https://registry.npmjs.org/picomatch/-/picomatch-4.0.4.tgz. Extracting by manifest.
537 silly tarball no local data for lilconfig@https://registry.npmjs.org/lilconfig/-/lilconfig-3.1.3.tgz. Extracting by manifest.
538 silly tarball no local data for tailwindcss@https://registry.npmjs.org/tailwindcss/-/tailwindcss-3.4.5.tgz. Extracting by manifest.
539 silly tarball no local data for glob-parent@https://registry.npmjs.org/glob-parent/-/glob-parent-5.1.2.tgz. Extracting by manifest.
540 silly tarball no local data for glob-parent@https://registry.npmjs.org/glob-parent/-/glob-parent-5.1.2.tgz. Extracting by manifest.
541 http fetch GET 200 https://registry.npmjs.org/is-number/-/is-number-7.0.0.tgz 65ms (cache miss)
542 http fetch GET 200 https://registry.npmjs.org/fdir/-/fdir-6.5.0.tgz 95ms (cache miss)
543 http fetch GET 200 https://registry.npmjs.org/object-assign/-/object-assign-4.1.1.tgz 102ms (cache miss)
544 http fetch GET 200 https://registry.npmjs.org/thenify/-/thenify-3.3.1.tgz 104ms (cache miss)
545 http fetch GET 200 https://registry.npmjs.org/queue-microtask/-/queue-microtask-1.2.3.tgz 136ms (cache miss)
546 http fetch GET 200 https://registry.npmjs.org/function-bind/-/function-bind-1.1.2.tgz 140ms (cache miss)
547 http fetch GET 200 https://registry.npmjs.org/hasown/-/hasown-2.0.4.tgz 149ms (cache miss)
548 http fetch GET 200 https://registry.npmjs.org/supports-preserve-symlinks-flag/-/supports-preserve-symlinks-flag-1.0.0.tgz 182ms (cache miss)
549 http fetch GET 200 https://registry.npmjs.org/path-parse/-/path-parse-1.0.7.tgz 182ms (cache miss)
550 http fetch GET 200 https://registry.npmjs.org/ts-interface-checker/-/ts-interface-checker-0.1.13.tgz 188ms (cache miss)
551 http fetch GET 200 https://registry.npmjs.org/es-errors/-/es-errors-1.3.0.tgz 221ms (cache miss)
552 http fetch GET 200 https://registry.npmjs.org/is-core-module/-/is-core-module-2.16.2.tgz 223ms (cache miss)
553 http fetch GET 200 https://registry.npmjs.org/pify/-/pify-2.3.0.tgz 241ms (cache miss)
554 http fetch GET 200 https://registry.npmjs.org/camelcase-css/-/camelcase-css-2.0.1.tgz 266ms (cache miss)
555 http fetch GET 200 https://registry.npmjs.org/util-deprecate/-/util-deprecate-1.0.2.tgz 286ms (cache miss)
556 http fetch POST 200 https://registry.npmjs.org/-/npm/v1/security/advisories/bulk 320ms
557 silly audit report {}
558 http fetch GET 200 https://registry.npmjs.org/cssesc/-/cssesc-3.0.0.tgz 321ms (cache miss)
559 http fetch GET 200 https://registry.npmjs.org/yaml/-/yaml-2.9.0.tgz 329ms (cache miss)
560 http fetch GET 200 https://registry.npmjs.org/read-cache/-/read-cache-1.0.0.tgz 354ms (cache miss)
561 http fetch GET 200 https://registry.npmjs.org/to-regex-range/-/to-regex-range-5.0.1.tgz 354ms (cache miss)
562 http fetch GET 200 https://registry.npmjs.org/binary-extensions/-/binary-extensions-2.3.0.tgz 368ms (cache miss)
563 http fetch GET 200 https://registry.npmjs.org/reusify/-/reusify-1.1.0.tgz 368ms (cache miss)
564 http fetch GET 200 https://registry.npmjs.org/is-extglob/-/is-extglob-2.1.1.tgz 394ms (cache miss)
565 http fetch GET 200 https://registry.npmjs.org/run-parallel/-/run-parallel-1.2.0.tgz 394ms (cache miss)
566 http fetch GET 200 https://registry.npmjs.org/fastq/-/fastq-1.20.1.tgz 407ms (cache miss)
567 http fetch GET 200 https://registry.npmjs.org/merge2/-/merge2-1.4.1.tgz 456ms (cache miss)
568 http fetch GET 200 https://registry.npmjs.org/@nodelib/fs.scandir/-/fs.scandir-2.1.5.tgz 463ms (cache miss)
569 http fetch GET 200 https://registry.npmjs.org/fill-range/-/fill-range-7.1.1.tgz 493ms (cache miss)
570 http fetch GET 200 https://registry.npmjs.org/@jridgewell/gen-mapping/-/gen-mapping-0.3.13.tgz 507ms (cache miss)
571 http fetch GET 200 https://registry.npmjs.org/picomatch/-/picomatch-2.3.2.tgz 513ms (cache miss)
572 http fetch GET 200 https://registry.npmjs.org/readdirp/-/readdirp-3.6.0.tgz 530ms (cache miss)
573 http fetch GET 200 https://registry.npmjs.org/is-binary-path/-/is-binary-path-2.1.0.tgz 548ms (cache miss)
574 http fetch GET 200 https://registry.npmjs.org/braces/-/braces-3.0.3.tgz 562ms (cache miss)
575 http fetch GET 200 https://registry.npmjs.org/anymatch/-/anymatch-3.1.3.tgz 578ms (cache miss)
576 http fetch GET 200 https://registry.npmjs.org/postcss-selector-parser/-/postcss-selector-parser-6.1.2.tgz 618ms (cache miss)
577 http fetch GET 200 https://registry.npmjs.org/resolve/-/resolve-1.22.12.tgz 626ms (cache miss)
578 http fetch GET 200 https://registry.npmjs.org/postcss-js/-/postcss-js-4.1.0.tgz 639ms (cache miss)
579 http fetch GET 200 https://registry.npmjs.org/postcss-nested/-/postcss-nested-6.2.0.tgz 651ms (cache miss)
580 http fetch GET 200 https://registry.npmjs.org/postcss-load-config/-/postcss-load-config-4.0.2.tgz 652ms (cache miss)
581 http fetch GET 200 https://registry.npmjs.org/sucrase/-/sucrase-3.35.1.tgz 656ms (cache miss)
582 http fetch GET 200 https://registry.npmjs.org/postcss-import/-/postcss-import-15.1.0.tgz 673ms (cache miss)
583 http fetch GET 200 https://registry.npmjs.org/object-hash/-/object-hash-3.0.0.tgz 686ms (cache miss)
584 http fetch GET 200 https://registry.npmjs.org/micromatch/-/micromatch-4.0.8.tgz 699ms (cache miss)
585 http fetch GET 200 https://registry.npmjs.org/normalize-path/-/normalize-path-3.0.0.tgz 707ms (cache miss)
586 http fetch GET 200 https://registry.npmjs.org/lilconfig/-/lilconfig-2.1.0.tgz 724ms (cache miss)
587 http fetch GET 200 https://registry.npmjs.org/is-glob/-/is-glob-4.0.3.tgz 764ms (cache miss)
588 http fetch GET 200 https://registry.npmjs.org/fast-glob/-/fast-glob-3.3.3.tgz 774ms (cache miss)
589 http fetch GET 200 https://registry.npmjs.org/jiti/-/jiti-1.21.7.tgz 779ms (cache miss)
590 http fetch GET 200 https://registry.npmjs.org/glob-parent/-/glob-parent-6.0.2.tgz 814ms (cache miss)
591 http fetch GET 200 https://registry.npmjs.org/@nodelib/fs.walk/-/fs.walk-1.2.8.tgz 826ms (cache miss)
592 http fetch GET 200 https://registry.npmjs.org/didyoumean/-/didyoumean-1.2.2.tgz 844ms (cache miss)
593 http fetch GET 200 https://registry.npmjs.org/dlv/-/dlv-1.1.3.tgz 844ms (cache miss)
594 http fetch GET 200 https://registry.npmjs.org/@nodelib/fs.stat/-/fs.stat-2.0.5.tgz 853ms (cache miss)
595 http fetch GET 200 https://registry.npmjs.org/chokidar/-/chokidar-3.6.0.tgz 860ms (cache miss)
596 http fetch GET 200 https://registry.npmjs.org/picomatch/-/picomatch-4.0.4.tgz 884ms (cache miss)
597 http fetch GET 200 https://registry.npmjs.org/arg/-/arg-5.0.2.tgz 889ms (cache miss)
598 http fetch GET 200 https://registry.npmjs.org/lilconfig/-/lilconfig-3.1.3.tgz 894ms (cache miss)
599 http fetch GET 200 https://registry.npmjs.org/glob-parent/-/glob-parent-5.1.2.tgz 917ms (cache miss)
600 http fetch GET 200 https://registry.npmjs.org/glob-parent/-/glob-parent-5.1.2.tgz 930ms (cache miss)
601 http fetch GET 200 https://registry.npmjs.org/tailwindcss/-/tailwindcss-3.4.5.tgz 1206ms (cache miss)
602 http fetch GET 200 https://registry.npmjs.org/@alloc/quick-lru/-/quick-lru-5.2.0.tgz 1229ms (cache miss)
603 http fetch GET https://registry.npmjs.org/thenify-all/-/thenify-all-1.6.0.tgz attempt 1 failed with ECONNRESET
604 http fetch GET https://registry.npmjs.org/any-promise/-/any-promise-1.3.0.tgz attempt 1 failed with ECONNRESET
605 http fetch GET https://registry.npmjs.org/@jridgewell/trace-mapping/-/trace-mapping-0.3.31.tgz attempt 1 failed with ECONNRESET
606 http fetch GET https://registry.npmjs.org/pirates/-/pirates-4.0.7.tgz attempt 1 failed with ECONNRESET
607 http fetch GET https://registry.npmjs.org/mz/-/mz-2.7.0.tgz attempt 1 failed with ECONNRESET
608 http fetch GET https://registry.npmjs.org/lines-and-columns/-/lines-and-columns-1.2.4.tgz attempt 1 failed with ECONNRESET
609 http fetch GET https://registry.npmjs.org/tinyglobby/-/tinyglobby-0.2.17.tgz attempt 1 failed with ECONNRESET
610 http fetch GET https://registry.npmjs.org/@jridgewell/sourcemap-codec/-/sourcemap-codec-1.5.5.tgz attempt 1 failed with ECONNRESET
611 http fetch GET https://registry.npmjs.org/@jridgewell/resolve-uri/-/resolve-uri-3.1.2.tgz attempt 1 failed with ECONNRESET
612 http fetch GET https://registry.npmjs.org/commander/-/commander-4.1.1.tgz attempt 1 failed with ECONNRESET
613 http fetch GET 200 https://registry.npmjs.org/thenify-all/-/thenify-all-1.6.0.tgz 25097ms attempt #2 (cache miss)
614 http fetch GET 200 https://registry.npmjs.org/pirates/-/pirates-4.0.7.tgz 25098ms attempt #2 (cache miss)
615 http fetch GET 200 https://registry.npmjs.org/mz/-/mz-2.7.0.tgz 25099ms attempt #2 (cache miss)
616 http fetch GET 200 https://registry.npmjs.org/any-promise/-/any-promise-1.3.0.tgz 25103ms attempt #2 (cache miss)
617 http fetch GET 200 https://registry.npmjs.org/lines-and-columns/-/lines-and-columns-1.2.4.tgz 25113ms attempt #2 (cache miss)
618 http fetch GET 200 https://registry.npmjs.org/@jridgewell/trace-mapping/-/trace-mapping-0.3.31.tgz 25551ms attempt #2 (cache miss)
619 http fetch GET https://registry.npmjs.org/tinyglobby/-/tinyglobby-0.2.17.tgz attempt 2 failed with ECONNRESET
620 http fetch GET https://registry.npmjs.org/@jridgewell/sourcemap-codec/-/sourcemap-codec-1.5.5.tgz attempt 2 failed with ECONNRESET
621 http fetch GET https://registry.npmjs.org/commander/-/commander-4.1.1.tgz attempt 2 failed with ECONNRESET
622 http fetch GET https://registry.npmjs.org/@jridgewell/resolve-uri/-/resolve-uri-3.1.2.tgz attempt 2 failed with ECONNRESET
623 http fetch GET 200 https://registry.npmjs.org/commander/-/commander-4.1.1.tgz 100159ms attempt #3 (cache miss)
624 http fetch GET 200 https://registry.npmjs.org/tinyglobby/-/tinyglobby-0.2.17.tgz 100257ms attempt #3 (cache miss)
625 http fetch GET 200 https://registry.npmjs.org/@jridgewell/resolve-uri/-/resolve-uri-3.1.2.tgz 100578ms attempt #3 (cache miss)
626 http fetch GET 200 https://registry.npmjs.org/@jridgewell/sourcemap-codec/-/sourcemap-codec-1.5.5.tgz 100753ms attempt #3 (cache miss)
627 silly ADD node_modules/is-number
628 silly ADD node_modules/fdir
629 silly ADD node_modules/thenify
630 silly ADD node_modules/thenify-all
631 silly ADD node_modules/object-assign
632 silly ADD node_modules/any-promise
633 silly ADD node_modules/@jridgewell/resolve-uri
634 silly ADD node_modules/@jridgewell/trace-mapping
635 silly ADD node_modules/@jridgewell/sourcemap-codec
636 silly ADD node_modules/ts-interface-checker
637 silly ADD node_modules/tinyglobby
638 silly ADD node_modules/tinyglobby/node_modules/picomatch
639 silly ADD node_modules/pirates
640 silly ADD node_modules/mz
641 silly ADD node_modules/lines-and-columns
642 silly ADD node_modules/commander
643 silly ADD node_modules/@jridgewell/gen-mapping
644 silly ADD node_modules/queue-microtask
645 silly ADD node_modules/function-bind
646 silly ADD node_modules/hasown
647 silly ADD node_modules/supports-preserve-symlinks-flag
648 silly ADD node_modules/path-parse
649 silly ADD node_modules/is-core-module
650 silly ADD node_modules/es-errors
651 silly ADD node_modules/pify
652 silly ADD node_modules/util-deprecate
653 silly ADD node_modules/cssesc
654 silly ADD node_modules/yaml
655 silly ADD node_modules/camelcase-css
656 silly ADD node_modules/read-cache
657 silly ADD node_modules/is-extglob
658 silly ADD node_modules/binary-extensions
659 silly ADD node_modules/to-regex-range
660 silly ADD node_modules/reusify
661 silly ADD node_modules/run-parallel
662 silly ADD node_modules/fastq
663 silly ADD node_modules/@nodelib/fs.scandir
664 silly ADD node_modules/merge2
665 silly ADD node_modules/@nodelib/fs.walk
666 silly ADD node_modules/@nodelib/fs.stat
667 silly ADD node_modules/fill-range
668 silly ADD node_modules/picomatch
669 silly ADD node_modules/readdirp
670 silly ADD node_modules/is-binary-path
671 silly ADD node_modules/braces
672 silly ADD node_modules/anymatch
673 silly ADD node_modules/sucrase
674 silly ADD node_modules/resolve
675 silly ADD node_modules/postcss-selector-parser
676 silly ADD node_modules/postcss-nested
677 silly ADD node_modules/postcss-load-config
678 silly ADD node_modules/postcss-load-config/node_modules/lilconfig
679 silly ADD node_modules/postcss-js
680 silly ADD node_modules/postcss-import
681 silly ADD node_modules/object-hash
682 silly ADD node_modules/normalize-path
683 silly ADD node_modules/micromatch
684 silly ADD node_modules/lilconfig
685 silly ADD node_modules/jiti
686 silly ADD node_modules/is-glob
687 silly ADD node_modules/glob-parent
688 silly ADD node_modules/fast-glob
689 silly ADD node_modules/fast-glob/node_modules/glob-parent
690 silly ADD node_modules/dlv
691 silly ADD node_modules/didyoumean
692 silly ADD node_modules/chokidar
693 silly ADD node_modules/chokidar/node_modules/glob-parent
694 silly ADD node_modules/arg
695 silly ADD node_modules/@alloc/quick-lru
696 silly ADD node_modules/tailwindcss
697 silly CHANGE node_modules/autoprefixer
698 verbose cwd /home/wecode/Rendu/portfolio
699 verbose os Linux 6.8.0-111-generic
700 verbose node v24.13.0
701 verbose npm  v11.6.2
702 verbose exit 0
703 info ok
