0 verbose cli /home/wecode/.nvm/versions/node/v24.13.0/bin/node /home/wecode/.nvm/versions/node/v24.13.0/bin/npm
1 info using npm@11.6.2
2 info using node@v24.13.0
3 silly config load:file:/home/wecode/.nvm/versions/node/v24.13.0/lib/node_modules/npm/npmrc
4 silly config load:file:/home/wecode/Rendu/portfolio/.npmrc
5 silly config load:file:/home/wecode/.npmrc
6 silly config load:file:/home/wecode/.nvm/versions/node/v24.13.0/etc/npmrc
7 verbose title npm install tailwindcss@3.4.5 postcss@8.5.15 autoprefixer@10.5.0
8 verbose argv "install" "--save-dev" "tailwindcss@3.4.5" "postcss@8.5.15" "autoprefixer@10.5.0" "--registry" "https://registry.npmjs.org/" "--legacy-peer-deps"
9 verbose logfile logs-max:10 dir:/home/wecode/Rendu/portfolio/clean/_logs/2026-06-01T13_17_31_644Z-
10 verbose logfile /home/wecode/Rendu/portfolio/clean/_logs/2026-06-01T13_17_31_644Z-debug-0.log
11 silly logfile start cleaning logs, removing 1 files
12 silly packumentCache heap:4496293888 maxSize:1124073472 maxEntrySize:562036736
13 silly logfile done cleaning log files
14 warn idealTree Removing dependencies.autoprefixer in favor of devDependencies.autoprefixer
15 silly idealTree buildDeps
16 silly fetch manifest tailwindcss@3.4.5
17 silly packumentCache full:https://registry.npmjs.org/tailwindcss cache-miss
18 http cache https://registry.npmjs.org/tailwindcss 25ms (cache hit)
19 silly packumentCache full:https://registry.npmjs.org/tailwindcss set size:10583444 disposed:false
20 silly fetch manifest postcss@8.5.15
21 silly packumentCache full:https://registry.npmjs.org/postcss cache-miss
22 http cache https://registry.npmjs.org/postcss 4ms (cache hit)
23 silly packumentCache full:https://registry.npmjs.org/postcss set size:723316 disposed:false
24 silly fetch manifest autoprefixer@10.5.0
25 silly packumentCache full:https://registry.npmjs.org/autoprefixer cache-miss
26 http cache https://registry.npmjs.org/autoprefixer 4ms (cache hit)
27 silly packumentCache full:https://registry.npmjs.org/autoprefixer set size:1319426 disposed:false
28 silly placeDep ROOT autoprefixer@10.5.0 REPLACE for: portfolio@1.0.0 want: 10.5.0
29 silly placeDep ROOT postcss@8.5.15 REPLACE for: portfolio@1.0.0 want: 8.5.15
30 silly placeDep ROOT tailwindcss@3.4.5 OK for: portfolio@1.0.0 want: 3.4.5
31 silly fetch manifest arg@^5.0.2
32 silly packumentCache full:https://registry.npmjs.org/arg cache-miss
33 silly fetch manifest dlv@^1.1.3
34 silly packumentCache full:https://registry.npmjs.org/dlv cache-miss
35 silly fetch manifest jiti@^1.21.0
36 silly packumentCache full:https://registry.npmjs.org/jiti cache-miss
37 silly fetch manifest is-glob@^4.0.3
38 silly packumentCache full:https://registry.npmjs.org/is-glob cache-miss
39 silly fetch manifest resolve@^1.22.2
40 silly packumentCache full:https://registry.npmjs.org/resolve cache-miss
41 silly fetch manifest sucrase@^3.32.0
42 silly packumentCache full:https://registry.npmjs.org/sucrase cache-miss
43 silly fetch manifest chokidar@^3.5.3
44 silly packumentCache full:https://registry.npmjs.org/chokidar cache-miss
45 silly fetch manifest fast-glob@^3.3.0
46 silly packumentCache full:https://registry.npmjs.org/fast-glob cache-miss
47 silly fetch manifest lilconfig@^2.1.0
48 silly packumentCache full:https://registry.npmjs.org/lilconfig cache-miss
49 silly fetch manifest didyoumean@^1.2.2
50 silly packumentCache full:https://registry.npmjs.org/didyoumean cache-miss
51 silly fetch manifest micromatch@^4.0.5
52 silly packumentCache full:https://registry.npmjs.org/micromatch cache-miss
53 silly fetch manifest postcss-js@^4.0.1
54 silly packumentCache full:https://registry.npmjs.org/postcss-js cache-miss
55 silly fetch manifest glob-parent@^6.0.2
56 silly packumentCache full:https://registry.npmjs.org/glob-parent cache-miss
57 silly fetch manifest object-hash@^3.0.0
58 silly packumentCache full:https://registry.npmjs.org/object-hash cache-miss
59 silly fetch manifest normalize-path@^3.0.0
60 silly packumentCache full:https://registry.npmjs.org/normalize-path cache-miss
61 http cache https://registry.npmjs.org/dlv 23ms (cache hit)
62 silly packumentCache full:https://registry.npmjs.org/dlv set size:16709 disposed:false
63 silly fetch manifest postcss-import@^15.1.0
64 silly packumentCache full:https://registry.npmjs.org/postcss-import cache-miss
65 http cache https://registry.npmjs.org/arg 24ms (cache hit)
66 silly packumentCache full:https://registry.npmjs.org/arg set size:67036 disposed:false
67 silly fetch manifest postcss-nested@^6.0.1
68 silly packumentCache full:https://registry.npmjs.org/postcss-nested cache-miss
69 http cache https://registry.npmjs.org/jiti 27ms (cache hit)
70 silly packumentCache full:https://registry.npmjs.org/jiti set size:387989 disposed:false
71 silly fetch manifest @alloc/quick-lru@^5.2.0
72 silly packumentCache full:https://registry.npmjs.org/@alloc%2fquick-lru cache-miss
73 http cache https://registry.npmjs.org/resolve 29ms (cache hit)
74 silly packumentCache full:https://registry.npmjs.org/resolve set size:244568 disposed:false
75 silly fetch manifest postcss-load-config@^4.0.1
76 silly packumentCache full:https://registry.npmjs.org/postcss-load-config cache-miss
77 http cache https://registry.npmjs.org/fast-glob 32ms (cache hit)
78 silly packumentCache full:https://registry.npmjs.org/fast-glob set size:220556 disposed:false
79 silly fetch manifest postcss-selector-parser@^6.0.11
80 silly packumentCache full:https://registry.npmjs.org/postcss-selector-parser cache-miss
81 http cache https://registry.npmjs.org/is-glob 34ms (cache hit)
82 silly packumentCache full:https://registry.npmjs.org/is-glob set size:40530 disposed:false
83 http cache https://registry.npmjs.org/didyoumean 35ms (cache hit)
84 silly packumentCache full:https://registry.npmjs.org/didyoumean set size:11446 disposed:false
85 http cache https://registry.npmjs.org/lilconfig 35ms (cache hit)
86 silly packumentCache full:https://registry.npmjs.org/lilconfig set size:45636 disposed:false
87 http cache https://registry.npmjs.org/postcss-js 35ms (cache hit)
88 silly packumentCache full:https://registry.npmjs.org/postcss-js set size:51308 disposed:false
89 http cache https://registry.npmjs.org/micromatch 36ms (cache hit)
90 silly packumentCache full:https://registry.npmjs.org/micromatch set size:240630 disposed:false
91 http cache https://registry.npmjs.org/glob-parent 41ms (cache hit)
92 silly packumentCache full:https://registry.npmjs.org/glob-parent set size:42445 disposed:false
93 http cache https://registry.npmjs.org/normalize-path 42ms (cache hit)
94 silly packumentCache full:https://registry.npmjs.org/normalize-path set size:28713 disposed:false
95 http cache https://registry.npmjs.org/chokidar 44ms (cache hit)
96 silly packumentCache full:https://registry.npmjs.org/chokidar set size:255902 disposed:false
97 http cache https://registry.npmjs.org/postcss-import 25ms (cache hit)
98 silly packumentCache full:https://registry.npmjs.org/postcss-import set size:120971 disposed:false
99 http cache https://registry.npmjs.org/postcss-load-config 18ms (cache hit)
100 silly packumentCache full:https://registry.npmjs.org/postcss-load-config set size:86425 disposed:false
101 http cache https://registry.npmjs.org/postcss-selector-parser 16ms (cache hit)
102 silly packumentCache full:https://registry.npmjs.org/postcss-selector-parser set size:177140 disposed:false
103 http cache https://registry.npmjs.org/@alloc%2fquick-lru 23ms (cache hit)
104 silly packumentCache full:https://registry.npmjs.org/@alloc%2fquick-lru set size:7269 disposed:false
105 http cache https://registry.npmjs.org/postcss-nested 28ms (cache hit)
106 silly packumentCache full:https://registry.npmjs.org/postcss-nested set size:79120 disposed:false
107 http fetch GET https://registry.npmjs.org/object-hash attempt 1 failed with ECONNRESET
108 http fetch GET https://registry.npmjs.org/sucrase attempt 1 failed with ECONNRESET
109 http fetch GET 200 https://registry.npmjs.org/sucrase 25157ms attempt #2 (cache miss)
110 silly packumentCache full:https://registry.npmjs.org/sucrase set size:undefined disposed:false
111 http fetch GET https://registry.npmjs.org/object-hash attempt 2 failed with ECONNRESET
112 http fetch GET 200 https://registry.npmjs.org/object-hash 100139ms attempt #3 (cache miss)
113 silly packumentCache full:https://registry.npmjs.org/object-hash set size:undefined disposed:false
114 silly placeDep ROOT @alloc/quick-lru@5.2.0 OK for: tailwindcss@3.4.5 want: ^5.2.0
115 silly placeDep ROOT arg@5.0.2 OK for: tailwindcss@3.4.5 want: ^5.0.2
116 silly placeDep ROOT chokidar@3.6.0 OK for: tailwindcss@3.4.5 want: ^3.5.3
117 silly placeDep ROOT didyoumean@1.2.2 OK for: tailwindcss@3.4.5 want: ^1.2.2
118 silly placeDep ROOT dlv@1.1.3 OK for: tailwindcss@3.4.5 want: ^1.1.3
119 silly placeDep ROOT fast-glob@3.3.3 OK for: tailwindcss@3.4.5 want: ^3.3.0
120 silly placeDep ROOT glob-parent@6.0.2 OK for: tailwindcss@3.4.5 want: ^6.0.2
121 silly placeDep ROOT is-glob@4.0.3 OK for: tailwindcss@3.4.5 want: ^4.0.3
122 silly placeDep ROOT jiti@1.21.7 OK for: tailwindcss@3.4.5 want: ^1.21.0
123 silly placeDep ROOT lilconfig@2.1.0 OK for: tailwindcss@3.4.5 want: ^2.1.0
124 silly placeDep ROOT micromatch@4.0.8 OK for: tailwindcss@3.4.5 want: ^4.0.5
125 silly placeDep ROOT normalize-path@3.0.0 OK for: tailwindcss@3.4.5 want: ^3.0.0
126 silly placeDep ROOT object-hash@3.0.0 OK for: tailwindcss@3.4.5 want: ^3.0.0
127 silly placeDep ROOT postcss-import@15.1.0 OK for: tailwindcss@3.4.5 want: ^15.1.0
128 silly placeDep ROOT postcss-js@4.1.0 OK for: tailwindcss@3.4.5 want: ^4.0.1
129 silly placeDep ROOT postcss-load-config@4.0.2 OK for: tailwindcss@3.4.5 want: ^4.0.1
130 silly placeDep ROOT postcss-nested@6.2.0 OK for: tailwindcss@3.4.5 want: ^6.0.1
131 silly placeDep ROOT postcss-selector-parser@6.1.2 OK for: tailwindcss@3.4.5 want: ^6.0.11
132 silly placeDep ROOT resolve@1.22.12 OK for: tailwindcss@3.4.5 want: ^1.22.2
133 silly placeDep ROOT sucrase@3.35.1 OK for: tailwindcss@3.4.5 want: ^3.32.0
134 silly fetch manifest braces@~3.0.2
135 silly packumentCache full:https://registry.npmjs.org/braces cache-miss
136 silly fetch manifest is-glob@~4.0.1
137 silly packumentCache full:https://registry.npmjs.org/is-glob cache-hit
138 silly fetch manifest anymatch@~3.1.2
139 silly packumentCache full:https://registry.npmjs.org/anymatch cache-miss
140 silly fetch manifest readdirp@~3.6.0
141 silly packumentCache full:https://registry.npmjs.org/readdirp cache-miss
142 silly fetch manifest glob-parent@~5.1.2
143 silly packumentCache full:https://registry.npmjs.org/glob-parent cache-hit
144 silly fetch manifest is-binary-path@~2.1.0
145 silly packumentCache full:https://registry.npmjs.org/is-binary-path cache-miss
146 silly fetch manifest normalize-path@~3.0.0
147 silly packumentCache full:https://registry.npmjs.org/normalize-path cache-hit
148 silly fetch manifest fsevents@~2.3.2
149 silly packumentCache full:https://registry.npmjs.org/fsevents cache-miss
150 silly fetch manifest @nodelib/fs.stat@^2.0.2
151 silly packumentCache full:https://registry.npmjs.org/@nodelib%2ffs.stat cache-miss
152 silly fetch manifest @nodelib/fs.walk@^1.2.3
153 silly packumentCache full:https://registry.npmjs.org/@nodelib%2ffs.walk cache-miss
154 silly fetch manifest glob-parent@^5.1.2
155 silly packumentCache full:https://registry.npmjs.org/glob-parent cache-hit
156 silly fetch manifest merge2@^1.3.0
157 silly packumentCache full:https://registry.npmjs.org/merge2 cache-miss
158 silly fetch manifest micromatch@^4.0.8
159 silly packumentCache full:https://registry.npmjs.org/micromatch cache-hit
160 silly fetch manifest is-extglob@^2.1.1
161 silly packumentCache full:https://registry.npmjs.org/is-extglob cache-miss
162 silly fetch manifest braces@^3.0.3
163 silly packumentCache full:https://registry.npmjs.org/braces cache-miss
164 silly fetch manifest picomatch@^2.3.1
165 silly packumentCache full:https://registry.npmjs.org/picomatch cache-miss
166 silly fetch manifest resolve@^1.1.7
167 silly packumentCache full:https://registry.npmjs.org/resolve cache-hit
168 silly fetch manifest read-cache@^1.0.0
169 silly packumentCache full:https://registry.npmjs.org/read-cache cache-miss
170 silly fetch manifest camelcase-css@^2.0.1
171 silly packumentCache full:https://registry.npmjs.org/camelcase-css cache-miss
172 silly fetch manifest yaml@^2.3.4
173 silly packumentCache full:https://registry.npmjs.org/yaml cache-miss
174 silly fetch manifest lilconfig@^3.0.0
175 silly packumentCache full:https://registry.npmjs.org/lilconfig cache-hit
176 silly fetch manifest postcss-selector-parser@^6.1.1
177 silly packumentCache full:https://registry.npmjs.org/postcss-selector-parser cache-hit
178 silly fetch manifest cssesc@^3.0.0
179 silly packumentCache full:https://registry.npmjs.org/cssesc cache-miss
180 http cache https://registry.npmjs.org/braces 23ms (cache hit)
181 silly packumentCache full:https://registry.npmjs.org/braces set size:114529 disposed:false
182 silly fetch manifest util-deprecate@^1.0.2
183 silly packumentCache full:https://registry.npmjs.org/util-deprecate cache-miss
184 http cache https://registry.npmjs.org/@nodelib%2ffs.stat 24ms (cache hit)
185 silly packumentCache full:https://registry.npmjs.org/@nodelib%2ffs.stat set size:36993 disposed:false
186 silly fetch manifest es-errors@^1.3.0
187 silly packumentCache full:https://registry.npmjs.org/es-errors cache-miss
188 http cache https://registry.npmjs.org/is-binary-path 26ms (cache hit)
189 silly packumentCache full:https://registry.npmjs.org/is-binary-path set size:13475 disposed:false
190 silly fetch manifest path-parse@^1.0.7
191 silly packumentCache full:https://registry.npmjs.org/path-parse cache-miss
192 http cache https://registry.npmjs.org/is-extglob 24ms (cache hit)
193 silly packumentCache full:https://registry.npmjs.org/is-extglob set size:11766 disposed:false
194 silly fetch manifest is-core-module@^2.16.1
195 silly packumentCache full:https://registry.npmjs.org/is-core-module cache-miss
196 http cache https://registry.npmjs.org/anymatch 27ms (cache hit)
197 silly packumentCache full:https://registry.npmjs.org/anymatch set size:42974 disposed:false
198 silly fetch manifest supports-preserve-symlinks-flag@^1.0.0
199 silly packumentCache full:https://registry.npmjs.org/supports-preserve-symlinks-flag cache-miss
200 http cache https://registry.npmjs.org/@nodelib%2ffs.walk 27ms (cache hit)
201 silly packumentCache full:https://registry.npmjs.org/@nodelib%2ffs.walk set size:41589 disposed:false
202 silly fetch manifest @jridgewell/gen-mapping@^0.3.2
203 silly packumentCache full:https://registry.npmjs.org/@jridgewell%2fgen-mapping cache-miss
204 http cache https://registry.npmjs.org/fsevents 28ms (cache hit)
205 silly packumentCache full:https://registry.npmjs.org/fsevents set size:182472 disposed:false
206 silly fetch manifest commander@^4.0.0
207 silly packumentCache full:https://registry.npmjs.org/commander cache-miss
208 http cache https://registry.npmjs.org/merge2 29ms (cache hit)
209 silly packumentCache full:https://registry.npmjs.org/merge2 set size:46159 disposed:false
210 silly fetch manifest lines-and-columns@^1.1.6
211 silly packumentCache full:https://registry.npmjs.org/lines-and-columns cache-miss
212 http cache https://registry.npmjs.org/read-cache 28ms (cache hit)
213 silly packumentCache full:https://registry.npmjs.org/read-cache set size:3003 disposed:false
214 silly fetch manifest mz@^2.7.0
215 silly packumentCache full:https://registry.npmjs.org/mz cache-miss
216 http cache https://registry.npmjs.org/readdirp 32ms (cache hit)
217 silly packumentCache full:https://registry.npmjs.org/readdirp set size:107589 disposed:false
218 silly fetch manifest pirates@^4.0.1
219 silly packumentCache full:https://registry.npmjs.org/pirates cache-miss
220 http cache https://registry.npmjs.org/braces 30ms (cache hit)
221 silly packumentCache full:https://registry.npmjs.org/braces set size:114529 disposed:false
222 silly packumentCache full:https://registry.npmjs.org/braces dispose
223 silly fetch manifest tinyglobby@^0.2.11
224 silly packumentCache full:https://registry.npmjs.org/tinyglobby cache-miss
225 http cache https://registry.npmjs.org/picomatch 31ms (cache hit)
226 silly packumentCache full:https://registry.npmjs.org/picomatch set size:126376 disposed:false
227 silly fetch manifest ts-interface-checker@^0.1.9
228 silly packumentCache full:https://registry.npmjs.org/ts-interface-checker cache-miss
229 http cache https://registry.npmjs.org/camelcase-css 32ms (cache hit)
230 silly packumentCache full:https://registry.npmjs.org/camelcase-css set size:9392 disposed:false
231 http cache https://registry.npmjs.org/yaml 32ms (cache hit)
232 silly packumentCache full:https://registry.npmjs.org/yaml set size:385754 disposed:false
233 http cache https://registry.npmjs.org/cssesc 28ms (cache hit)
234 silly packumentCache full:https://registry.npmjs.org/cssesc set size:18815 disposed:false
235 http cache https://registry.npmjs.org/supports-preserve-symlinks-flag 15ms (cache hit)
236 silly packumentCache full:https://registry.npmjs.org/supports-preserve-symlinks-flag set size:6802 disposed:false
237 http cache https://registry.npmjs.org/util-deprecate 19ms (cache hit)
238 silly packumentCache full:https://registry.npmjs.org/util-deprecate set size:6674 disposed:false
239 http cache https://registry.npmjs.org/is-core-module 17ms (cache hit)
240 silly packumentCache full:https://registry.npmjs.org/is-core-module set size:74378 disposed:false
241 http cache https://registry.npmjs.org/es-errors 20ms (cache hit)
242 silly packumentCache full:https://registry.npmjs.org/es-errors set size:16918 disposed:false
243 http cache https://registry.npmjs.org/lines-and-columns 14ms (cache hit)
244 silly packumentCache full:https://registry.npmjs.org/lines-and-columns set size:73796 disposed:false
245 http cache https://registry.npmjs.org/pirates 14ms (cache hit)
246 silly packumentCache full:https://registry.npmjs.org/pirates set size:51327 disposed:false
247 http cache https://registry.npmjs.org/commander 18ms (cache hit)
248 silly packumentCache full:https://registry.npmjs.org/commander set size:353115 disposed:false
249 http cache https://registry.npmjs.org/path-parse 24ms (cache hit)
250 silly packumentCache full:https://registry.npmjs.org/path-parse set size:14523 disposed:false
251 http cache https://registry.npmjs.org/mz 18ms (cache hit)
252 silly packumentCache full:https://registry.npmjs.org/mz set size:42731 disposed:false
253 http cache https://registry.npmjs.org/@jridgewell%2fgen-mapping 23ms (cache hit)
254 silly packumentCache full:https://registry.npmjs.org/@jridgewell%2fgen-mapping set size:75941 disposed:false
255 http cache https://registry.npmjs.org/tinyglobby 17ms (cache hit)
256 silly packumentCache full:https://registry.npmjs.org/tinyglobby set size:54291 disposed:false
257 http cache https://registry.npmjs.org/ts-interface-checker 17ms (cache hit)
258 silly packumentCache full:https://registry.npmjs.org/ts-interface-checker set size:58946 disposed:false
259 silly placeDep ROOT anymatch@3.1.3 OK for: chokidar@3.6.0 want: ~3.1.2
260 silly placeDep ROOT braces@3.0.3 OK for: chokidar@3.6.0 want: ~3.0.2
261 silly placeDep ROOT fsevents@2.3.3 OK for: chokidar@3.6.0 want: ~2.3.2
262 silly placeDep node_modules/chokidar glob-parent@5.1.2 OK for: chokidar@3.6.0 want: ~5.1.2
263 silly placeDep ROOT is-binary-path@2.1.0 OK for: chokidar@3.6.0 want: ~2.1.0
264 silly placeDep ROOT readdirp@3.6.0 OK for: chokidar@3.6.0 want: ~3.6.0
265 silly fetch manifest picomatch@^2.0.4
266 silly packumentCache full:https://registry.npmjs.org/picomatch cache-hit
267 silly fetch manifest fill-range@^7.1.1
268 silly packumentCache full:https://registry.npmjs.org/fill-range cache-miss
269 silly fetch manifest binary-extensions@^2.0.0
270 silly packumentCache full:https://registry.npmjs.org/binary-extensions cache-miss
271 silly fetch manifest picomatch@^2.2.1
272 silly packumentCache full:https://registry.npmjs.org/picomatch cache-hit
273 http cache https://registry.npmjs.org/binary-extensions 7ms (cache hit)
274 silly packumentCache full:https://registry.npmjs.org/binary-extensions set size:51551 disposed:false
275 http cache https://registry.npmjs.org/fill-range 7ms (cache hit)
276 silly packumentCache full:https://registry.npmjs.org/fill-range set size:90162 disposed:false
277 silly placeDep ROOT picomatch@2.3.2 OK for: anymatch@3.1.3 want: ^2.0.4
278 silly placeDep ROOT fill-range@7.1.1 OK for: braces@3.0.3 want: ^7.1.1
279 silly fetch manifest to-regex-range@^5.0.1
280 silly packumentCache full:https://registry.npmjs.org/to-regex-range cache-miss
281 http cache https://registry.npmjs.org/to-regex-range 1ms (cache hit)
282 silly packumentCache full:https://registry.npmjs.org/to-regex-range set size:61569 disposed:false
283 silly placeDep ROOT @nodelib/fs.stat@2.0.5 OK for: fast-glob@3.3.3 want: ^2.0.2
284 silly placeDep ROOT @nodelib/fs.walk@1.2.8 OK for: fast-glob@3.3.3 want: ^1.2.3
285 silly placeDep node_modules/fast-glob glob-parent@5.1.2 OK for: fast-glob@3.3.3 want: ^5.1.2
286 silly placeDep ROOT merge2@1.4.1 OK for: fast-glob@3.3.3 want: ^1.3.0
287 silly fetch manifest fastq@^1.6.0
288 silly packumentCache full:https://registry.npmjs.org/fastq cache-miss
289 silly fetch manifest @nodelib/fs.scandir@2.1.5
290 silly packumentCache full:https://registry.npmjs.org/@nodelib%2ffs.scandir cache-miss
291 http cache https://registry.npmjs.org/fastq 2ms (cache hit)
292 silly packumentCache full:https://registry.npmjs.org/fastq set size:78301 disposed:false
293 http cache https://registry.npmjs.org/@nodelib%2ffs.scandir 2ms (cache hit)
294 silly packumentCache full:https://registry.npmjs.org/@nodelib%2ffs.scandir set size:49256 disposed:false
295 silly placeDep ROOT @nodelib/fs.scandir@2.1.5 OK for: @nodelib/fs.walk@1.2.8 want: 2.1.5
296 silly placeDep ROOT fastq@1.20.1 OK for: @nodelib/fs.walk@1.2.8 want: ^1.6.0
297 silly fetch manifest run-parallel@^1.1.9
298 silly packumentCache full:https://registry.npmjs.org/run-parallel cache-miss
299 silly fetch manifest reusify@^1.0.4
300 silly packumentCache full:https://registry.npmjs.org/reusify cache-miss
301 http cache https://registry.npmjs.org/reusify 2ms (cache hit)
302 silly packumentCache full:https://registry.npmjs.org/reusify set size:14249 disposed:false
303 http cache https://registry.npmjs.org/run-parallel 3ms (cache hit)
304 silly packumentCache full:https://registry.npmjs.org/run-parallel set size:35172 disposed:false
305 silly placeDep ROOT run-parallel@1.2.0 OK for: @nodelib/fs.scandir@2.1.5 want: ^1.1.9
306 silly fetch manifest queue-microtask@^1.2.2
307 silly packumentCache full:https://registry.npmjs.org/queue-microtask cache-miss
308 http cache https://registry.npmjs.org/queue-microtask 1ms (cache hit)
309 silly packumentCache full:https://registry.npmjs.org/queue-microtask set size:36088 disposed:false
310 silly placeDep ROOT reusify@1.1.0 OK for: fastq@1.20.1 want: ^1.0.4
311 silly placeDep ROOT to-regex-range@5.0.1 OK for: fill-range@7.1.1 want: ^5.0.1
312 silly fetch manifest is-number@^7.0.0
313 silly packumentCache full:https://registry.npmjs.org/is-number cache-miss
314 http cache https://registry.npmjs.org/is-number 1ms (cache hit)
315 silly packumentCache full:https://registry.npmjs.org/is-number set size:36183 disposed:false
316 silly placeDep ROOT binary-extensions@2.3.0 OK for: is-binary-path@2.1.0 want: ^2.0.0
317 silly placeDep ROOT is-extglob@2.1.1 OK for: is-glob@4.0.3 want: ^2.1.1
318 silly placeDep ROOT read-cache@1.0.0 OK for: postcss-import@15.1.0 want: ^1.0.0
319 silly fetch manifest pify@^2.3.0
320 silly packumentCache full:https://registry.npmjs.org/pify cache-miss
321 http cache https://registry.npmjs.org/pify 1ms (cache hit)
322 silly packumentCache full:https://registry.npmjs.org/pify set size:33583 disposed:false
323 silly placeDep ROOT camelcase-css@2.0.1 OK for: postcss-js@4.1.0 want: ^2.0.1
324 silly placeDep node_modules/postcss-load-config lilconfig@3.1.3 OK for: postcss-load-config@4.0.2 want: ^3.0.0
325 silly placeDep ROOT yaml@2.9.0 OK for: postcss-load-config@4.0.2 want: ^2.3.4
326 silly placeDep ROOT cssesc@3.0.0 OK for: postcss-selector-parser@6.1.2 want: ^3.0.0
327 silly placeDep ROOT util-deprecate@1.0.2 OK for: postcss-selector-parser@6.1.2 want: ^1.0.2
328 silly placeDep ROOT pify@2.3.0 OK for: read-cache@1.0.0 want: ^2.3.0
329 silly placeDep ROOT es-errors@1.3.0 OK for: resolve@1.22.12 want: ^1.3.0
330 silly placeDep ROOT is-core-module@2.16.2 OK for: resolve@1.22.12 want: ^2.16.1
331 silly placeDep ROOT path-parse@1.0.7 OK for: resolve@1.22.12 want: ^1.0.7
332 silly placeDep ROOT supports-preserve-symlinks-flag@1.0.0 OK for: resolve@1.22.12 want: ^1.0.0
333 silly fetch manifest hasown@^2.0.3
334 silly packumentCache full:https://registry.npmjs.org/hasown cache-miss
335 http cache https://registry.npmjs.org/hasown 2ms (cache hit)
336 silly packumentCache full:https://registry.npmjs.org/hasown set size:18361 disposed:false
337 silly placeDep ROOT hasown@2.0.4 OK for: is-core-module@2.16.2 want: ^2.0.3
338 silly fetch manifest function-bind@^1.1.2
339 silly packumentCache full:https://registry.npmjs.org/function-bind cache-miss
340 http cache https://registry.npmjs.org/function-bind 1ms (cache hit)
341 silly packumentCache full:https://registry.npmjs.org/function-bind set size:15733 disposed:false
342 silly placeDep ROOT function-bind@1.1.2 OK for: hasown@2.0.4 want: ^1.1.2
343 silly placeDep ROOT queue-microtask@1.2.3 OK for: run-parallel@1.2.0 want: ^1.2.2
344 silly placeDep ROOT @jridgewell/gen-mapping@0.3.13 OK for: sucrase@3.35.1 want: ^0.3.2
345 silly placeDep ROOT commander@4.1.1 OK for: sucrase@3.35.1 want: ^4.0.0
346 silly placeDep ROOT lines-and-columns@1.2.4 OK for: sucrase@3.35.1 want: ^1.1.6
347 silly placeDep ROOT mz@2.7.0 OK for: sucrase@3.35.1 want: ^2.7.0
348 silly placeDep ROOT pirates@4.0.7 OK for: sucrase@3.35.1 want: ^4.0.1
349 silly placeDep ROOT tinyglobby@0.2.17 OK for: sucrase@3.35.1 want: ^0.2.11
350 silly placeDep ROOT ts-interface-checker@0.1.13 OK for: sucrase@3.35.1 want: ^0.1.9
351 silly fetch manifest @jridgewell/trace-mapping@^0.3.24
352 silly packumentCache full:https://registry.npmjs.org/@jridgewell%2ftrace-mapping cache-miss
353 silly fetch manifest @jridgewell/sourcemap-codec@^1.5.0
354 silly packumentCache full:https://registry.npmjs.org/@jridgewell%2fsourcemap-codec cache-miss
355 silly fetch manifest any-promise@^1.0.0
356 silly packumentCache full:https://registry.npmjs.org/any-promise cache-miss
357 silly fetch manifest object-assign@^4.0.1
358 silly packumentCache full:https://registry.npmjs.org/object-assign cache-miss
359 silly fetch manifest thenify-all@^1.0.0
360 silly packumentCache full:https://registry.npmjs.org/thenify-all cache-miss
361 silly fetch manifest fdir@^6.5.0
362 silly packumentCache full:https://registry.npmjs.org/fdir cache-miss
363 silly fetch manifest picomatch@^4.0.4
364 silly packumentCache full:https://registry.npmjs.org/picomatch cache-hit
365 http cache https://registry.npmjs.org/@jridgewell%2fsourcemap-codec 5ms (cache hit)
366 silly packumentCache full:https://registry.npmjs.org/@jridgewell%2fsourcemap-codec set size:51856 disposed:false
367 http cache https://registry.npmjs.org/object-assign 7ms (cache hit)
368 silly packumentCache full:https://registry.npmjs.org/object-assign set size:28988 disposed:false
369 http cache https://registry.npmjs.org/@jridgewell%2ftrace-mapping 8ms (cache hit)
370 silly packumentCache full:https://registry.npmjs.org/@jridgewell%2ftrace-mapping set size:170909 disposed:false
371 http fetch GET 200 https://registry.npmjs.org/any-promise 313ms (cache miss)
372 silly packumentCache full:https://registry.npmjs.org/any-promise set size:undefined disposed:false
373 http fetch GET 200 https://registry.npmjs.org/thenify-all 377ms (cache miss)
374 silly packumentCache full:https://registry.npmjs.org/thenify-all set size:undefined disposed:false
375 http fetch GET https://registry.npmjs.org/fdir attempt 1 failed with ECONNRESET
376 http fetch GET 200 https://registry.npmjs.org/fdir 25071ms attempt #2 (cache miss)
377 silly packumentCache full:https://registry.npmjs.org/fdir set size:undefined disposed:false
378 silly placeDep ROOT @jridgewell/sourcemap-codec@1.5.5 OK for: @jridgewell/gen-mapping@0.3.13 want: ^1.5.0
379 silly placeDep ROOT @jridgewell/trace-mapping@0.3.31 OK for: @jridgewell/gen-mapping@0.3.13 want: ^0.3.24
380 silly fetch manifest @jridgewell/resolve-uri@^3.1.0
381 silly packumentCache full:https://registry.npmjs.org/@jridgewell%2fresolve-uri cache-miss
382 http cache https://registry.npmjs.org/@jridgewell%2fresolve-uri 1ms (cache hit)
383 silly packumentCache full:https://registry.npmjs.org/@jridgewell%2fresolve-uri set size:57361 disposed:false
384 silly placeDep ROOT @jridgewell/resolve-uri@3.1.2 OK for: @jridgewell/trace-mapping@0.3.31 want: ^3.1.0
385 silly placeDep ROOT any-promise@1.3.0 OK for: mz@2.7.0 want: ^1.0.0
386 silly placeDep ROOT object-assign@4.1.1 OK for: mz@2.7.0 want: ^4.0.1
387 silly placeDep ROOT thenify-all@1.6.0 OK for: mz@2.7.0 want: ^1.0.0
388 silly fetch manifest thenify@>= 3.1.0 < 4
389 silly packumentCache full:https://registry.npmjs.org/thenify cache-miss
390 http cache https://registry.npmjs.org/thenify 1ms (cache hit)
391 silly packumentCache full:https://registry.npmjs.org/thenify set size:21379 disposed:false
392 silly placeDep ROOT thenify@3.3.1 OK for: thenify-all@1.6.0 want: >= 3.1.0 < 4
393 silly placeDep ROOT fdir@6.5.0 OK for: tinyglobby@0.2.17 want: ^6.5.0
394 silly placeDep node_modules/tinyglobby picomatch@4.0.4 OK for: tinyglobby@0.2.17 want: ^4.0.4
395 silly placeDep ROOT is-number@7.0.0 OK for: to-regex-range@5.0.1 want: ^7.0.0
396 silly reify mark retired [
396 silly reify   '/home/wecode/Rendu/portfolio/node_modules/autoprefixer',
396 silly reify   '/home/wecode/Rendu/portfolio/node_modules/.bin/autoprefixer'
396 silly reify ]
397 silly reify moves {
397 silly reify   '/home/wecode/Rendu/portfolio/node_modules/autoprefixer': '/home/wecode/Rendu/portfolio/node_modules/.autoprefixer-2HyRyPI1',
397 silly reify   '/home/wecode/Rendu/portfolio/node_modules/.bin/autoprefixer': '/home/wecode/Rendu/portfolio/node_modules/.bin/.autoprefixer-GNSBWynX'
397 silly reify }
398 verbose stack Error: ENOTEMPTY: directory not empty, rename '/home/wecode/Rendu/portfolio/node_modules/autoprefixer' -> '/home/wecode/Rendu/portfolio/node_modules/.autoprefixer-2HyRyPI1'
398 verbose stack     at async Object.rename (node:internal/fs/promises:782:10)
398 verbose stack     at async moveFile (/home/wecode/.nvm/versions/node/v24.13.0/lib/node_modules/npm/node_modules/@npmcli/fs/lib/move-file.js:30:5)
398 verbose stack     at async Promise.allSettled (index 0)
398 verbose stack     at async [reifyPackages] (/home/wecode/.nvm/versions/node/v24.13.0/lib/node_modules/npm/node_modules/@npmcli/arborist/lib/arborist/reify.js:313:11)
398 verbose stack     at async Arborist.reify (/home/wecode/.nvm/versions/node/v24.13.0/lib/node_modules/npm/node_modules/@npmcli/arborist/lib/arborist/reify.js:125:5)
398 verbose stack     at async Install.exec (/home/wecode/.nvm/versions/node/v24.13.0/lib/node_modules/npm/lib/commands/install.js:150:5)
398 verbose stack     at async Npm.exec (/home/wecode/.nvm/versions/node/v24.13.0/lib/node_modules/npm/lib/npm.js:208:9)
398 verbose stack     at async module.exports (/home/wecode/.nvm/versions/node/v24.13.0/lib/node_modules/npm/lib/cli/entry.js:67:5)
399 error code ENOTEMPTY
400 error syscall rename
401 error path /home/wecode/Rendu/portfolio/node_modules/autoprefixer
402 error dest /home/wecode/Rendu/portfolio/node_modules/.autoprefixer-2HyRyPI1
403 error errno -39
404 error ENOTEMPTY: directory not empty, rename '/home/wecode/Rendu/portfolio/node_modules/autoprefixer' -> '/home/wecode/Rendu/portfolio/node_modules/.autoprefixer-2HyRyPI1'
405 silly unfinished npm timer reify 1780319851740
406 silly unfinished npm timer reify:retireShallow 1780319977179
407 verbose cwd /home/wecode/Rendu/portfolio
408 verbose os Linux 6.8.0-111-generic
409 verbose node v24.13.0
410 verbose npm  v11.6.2
411 verbose exit -39
412 verbose code -39
413 error A complete log of this run can be found in: /home/wecode/Rendu/portfolio/clean/_logs/2026-06-01T13_17_31_644Z-debug-0.log
