0 verbose cli /home/wecode/.nvm/versions/node/v24.13.0/bin/node /home/wecode/.nvm/versions/node/v24.13.0/bin/npm
1 info using npm@11.6.2
2 info using node@v24.13.0
3 silly config load:file:/home/wecode/.nvm/versions/node/v24.13.0/lib/node_modules/npm/npmrc
4 silly config load:file:/home/wecode/Rendu/portfolio/.npmrc
5 silly config load:file:/home/wecode/.npmrc
6 silly config load:file:/home/wecode/.nvm/versions/node/v24.13.0/etc/npmrc
7 verbose title npm list tailwindcss
8 verbose argv "list" "tailwindcss"
9 verbose logfile logs-max:10 dir:/home/wecode/Rendu/portfolio/clean/_logs/2026-06-01T13_22_27_486Z-
10 verbose logfile /home/wecode/Rendu/portfolio/clean/_logs/2026-06-01T13_22_27_486Z-debug-0.log
11 silly logfile start cleaning logs, removing 1 files
12 silly packumentCache heap:4496293888 maxSize:1124073472 maxEntrySize:562036736
13 silly logfile done cleaning log files
14 verbose cwd /home/wecode/Rendu/portfolio
15 verbose os Linux 6.8.0-111-generic
16 verbose node v24.13.0
17 verbose npm  v11.6.2
18 verbose exit 0
19 info ok
