0 verbose cli /home/wecode/.nvm/versions/node/v24.13.0/bin/node /home/wecode/.nvm/versions/node/v24.13.0/lib/node_modules/npm/bin/npm-cli.js
1 info using npm@11.6.2
2 info using node@v24.13.0
3 silly config load:file:/home/wecode/.nvm/versions/node/v24.13.0/lib/node_modules/npm/npmrc
4 silly config load:file:/home/wecode/Rendu/portfolio/.npmrc
5 silly config load:file:/home/wecode/.npmrc
6 silly config load:file:/home/wecode/.nvm/versions/node/v24.13.0/etc/npmrc
7 verbose title npm exec tailwindcss init -p
8 verbose argv "exec" "--" "tailwindcss" "init" "-p"
9 verbose logfile logs-max:10 dir:/home/wecode/Rendu/portfolio/clean/_logs/2026-06-01T13_18_32_533Z-
10 verbose logfile /home/wecode/Rendu/portfolio/clean/_logs/2026-06-01T13_18_32_533Z-debug-0.log
11 silly logfile start cleaning logs, removing 1 files
12 silly logfile done cleaning log files
13 silly packumentCache heap:4496293888 maxSize:1124073472 maxEntrySize:562036736
14 http fetch GET https://registry.npmjs.org/tailwindcss attempt 1 failed with ECONNRESET
15 http fetch GET https://registry.npmjs.org/tailwindcss attempt 2 failed with ECONNRESET
16 http fetch GET https://registry.npmjs.org/tailwindcss attempt 3 failed with ECONNRESET
17 http fetch GET 200 https://registry.npmjs.org/tailwindcss 115244ms (cache stale)
18 verbose stack Error: could not determine executable to run
18 verbose stack     at getBinFromManifest (/home/wecode/.nvm/versions/node/v24.13.0/lib/node_modules/npm/node_modules/libnpmexec/lib/get-bin-from-manifest.js:17:23)
18 verbose stack     at exec (/home/wecode/.nvm/versions/node/v24.13.0/lib/node_modules/npm/node_modules/libnpmexec/lib/index.js:206:15)
18 verbose stack     at async Npm.exec (/home/wecode/.nvm/versions/node/v24.13.0/lib/node_modules/npm/lib/npm.js:208:9)
18 verbose stack     at async module.exports (/home/wecode/.nvm/versions/node/v24.13.0/lib/node_modules/npm/lib/cli/entry.js:67:5)
19 verbose pkgid tailwindcss@4.3.0
20 error could not determine executable to run
21 verbose cwd /home/wecode/Rendu/portfolio
22 verbose os Linux 6.8.0-111-generic
23 verbose node v24.13.0
24 verbose npm  v11.6.2
25 verbose exit 1
26 verbose code 1
27 error A complete log of this run can be found in: /home/wecode/Rendu/portfolio/clean/_logs/2026-06-01T13_18_32_533Z-debug-0.log
