0 verbose cli /home/wecode/.nvm/versions/node/v24.13.0/bin/node /home/wecode/.nvm/versions/node/v24.13.0/bin/npm
1 info using npm@11.6.2
2 info using node@v24.13.0
3 silly config load:file:/home/wecode/.nvm/versions/node/v24.13.0/lib/node_modules/npm/npmrc
4 silly config load:file:/home/wecode/Rendu/portfolio/.npmrc
5 silly config load:file:/home/wecode/.npmrc
6 silly config load:file:/home/wecode/.nvm/versions/node/v24.13.0/etc/npmrc
7 verbose title npm uninstall tailwindcss
8 verbose argv "uninstall" "tailwindcss"
9 verbose logfile logs-max:10 dir:/home/wecode/Rendu/portfolio/clean/_logs/2026-06-01T13_21_01_185Z-
10 verbose logfile /home/wecode/Rendu/portfolio/clean/_logs/2026-06-01T13_21_01_185Z-debug-0.log
11 silly logfile start cleaning logs, removing 1 files
12 silly packumentCache heap:4496293888 maxSize:1124073472 maxEntrySize:562036736
13 silly logfile done cleaning log files
14 silly idealTree buildDeps
15 silly fetch manifest picomatch@^3 || ^4
16 silly packumentCache full:https://registry.npmjs.org/picomatch cache-miss
17 http cache https://registry.npmjs.org/picomatch 12ms (cache hit)
18 silly packumentCache full:https://registry.npmjs.org/picomatch set size:126376 disposed:false
19 silly placeDep ROOT picomatch@4.0.4 REPLACE for: fdir@6.5.0 want: ^3 || ^4
20 silly fetch manifest picomatch@^2.0.4
21 silly packumentCache full:https://registry.npmjs.org/picomatch cache-hit
22 silly placeDep node_modules/anymatch picomatch@2.3.2 OK for: anymatch@3.1.3 want: ^2.0.4
23 silly fetch manifest picomatch@^2.3.1
24 silly packumentCache full:https://registry.npmjs.org/picomatch cache-hit
25 silly placeDep node_modules/micromatch picomatch@2.3.2 OK for: micromatch@4.0.8 want: ^2.3.1
26 silly fetch manifest picomatch@^2.2.1
27 silly packumentCache full:https://registry.npmjs.org/picomatch cache-hit
28 silly placeDep node_modules/readdirp picomatch@2.3.2 OK for: readdirp@3.6.0 want: ^2.2.1
29 silly reify mark retired [ '/home/wecode/Rendu/portfolio/node_modules/@alloc/quick-lru' ]
30 silly reify mark retired [ '/home/wecode/Rendu/portfolio/node_modules/@jridgewell/gen-mapping' ]
31 silly reify mark retired [ '/home/wecode/Rendu/portfolio/node_modules/@jridgewell/resolve-uri' ]
32 silly reify mark retired [
32 silly reify   '/home/wecode/Rendu/portfolio/node_modules/@jridgewell/sourcemap-codec'
32 silly reify ]
33 silly reify mark retired [
33 silly reify   '/home/wecode/Rendu/portfolio/node_modules/@jridgewell/trace-mapping'
33 silly reify ]
34 silly reify mark retired [ '/home/wecode/Rendu/portfolio/node_modules/@nodelib/fs.scandir' ]
35 silly reify mark retired [ '/home/wecode/Rendu/portfolio/node_modules/@nodelib/fs.stat' ]
36 silly reify mark retired [ '/home/wecode/Rendu/portfolio/node_modules/@nodelib/fs.walk' ]
37 silly reify mark retired [ '/home/wecode/Rendu/portfolio/node_modules/any-promise' ]
38 silly reify mark retired [ '/home/wecode/Rendu/portfolio/node_modules/anymatch' ]
39 silly reify mark retired [ '/home/wecode/Rendu/portfolio/node_modules/arg' ]
40 silly reify mark retired [ '/home/wecode/Rendu/portfolio/node_modules/binary-extensions' ]
41 silly reify mark retired [ '/home/wecode/Rendu/portfolio/node_modules/braces' ]
42 silly reify mark retired [ '/home/wecode/Rendu/portfolio/node_modules/camelcase-css' ]
43 silly reify mark retired [ '/home/wecode/Rendu/portfolio/node_modules/chokidar' ]
44 silly reify mark retired [ '/home/wecode/Rendu/portfolio/node_modules/commander' ]
45 silly reify mark retired [
45 silly reify   '/home/wecode/Rendu/portfolio/node_modules/cssesc',
45 silly reify   '/home/wecode/Rendu/portfolio/node_modules/.bin/cssesc'
45 silly reify ]
46 silly reify mark retired [ '/home/wecode/Rendu/portfolio/node_modules/didyoumean' ]
47 silly reify mark retired [ '/home/wecode/Rendu/portfolio/node_modules/dlv' ]
48 silly reify mark retired [ '/home/wecode/Rendu/portfolio/node_modules/es-errors' ]
49 silly reify mark retired [ '/home/wecode/Rendu/portfolio/node_modules/fast-glob' ]
50 silly reify mark retired [ '/home/wecode/Rendu/portfolio/node_modules/fastq' ]
51 silly reify mark retired [ '/home/wecode/Rendu/portfolio/node_modules/fdir' ]
52 silly reify mark retired [ '/home/wecode/Rendu/portfolio/node_modules/fill-range' ]
53 silly reify mark retired [ '/home/wecode/Rendu/portfolio/node_modules/function-bind' ]
54 silly reify mark retired [ '/home/wecode/Rendu/portfolio/node_modules/glob-parent' ]
55 silly reify mark retired [ '/home/wecode/Rendu/portfolio/node_modules/hasown' ]
56 silly reify mark retired [ '/home/wecode/Rendu/portfolio/node_modules/is-binary-path' ]
57 silly reify mark retired [ '/home/wecode/Rendu/portfolio/node_modules/is-core-module' ]
58 silly reify mark retired [ '/home/wecode/Rendu/portfolio/node_modules/is-extglob' ]
59 silly reify mark retired [ '/home/wecode/Rendu/portfolio/node_modules/is-glob' ]
60 silly reify mark retired [ '/home/wecode/Rendu/portfolio/node_modules/is-number' ]
61 silly reify mark retired [
61 silly reify   '/home/wecode/Rendu/portfolio/node_modules/jiti',
61 silly reify   '/home/wecode/Rendu/portfolio/node_modules/.bin/jiti'
61 silly reify ]
62 silly reify mark retired [ '/home/wecode/Rendu/portfolio/node_modules/lilconfig' ]
63 silly reify mark retired [ '/home/wecode/Rendu/portfolio/node_modules/lines-and-columns' ]
64 silly reify mark retired [ '/home/wecode/Rendu/portfolio/node_modules/merge2' ]
65 silly reify mark retired [ '/home/wecode/Rendu/portfolio/node_modules/micromatch' ]
66 silly reify mark retired [ '/home/wecode/Rendu/portfolio/node_modules/mz' ]
67 silly reify mark retired [ '/home/wecode/Rendu/portfolio/node_modules/normalize-path' ]
68 silly reify mark retired [ '/home/wecode/Rendu/portfolio/node_modules/object-assign' ]
69 silly reify mark retired [ '/home/wecode/Rendu/portfolio/node_modules/object-hash' ]
70 silly reify mark retired [ '/home/wecode/Rendu/portfolio/node_modules/path-parse' ]
71 silly reify mark retired [ '/home/wecode/Rendu/portfolio/node_modules/picomatch' ]
72 silly reify mark retired [ '/home/wecode/Rendu/portfolio/node_modules/pify' ]
73 silly reify mark retired [ '/home/wecode/Rendu/portfolio/node_modules/pirates' ]
74 silly reify mark retired [ '/home/wecode/Rendu/portfolio/node_modules/postcss-import' ]
75 silly reify mark retired [ '/home/wecode/Rendu/portfolio/node_modules/postcss-js' ]
76 silly reify mark retired [ '/home/wecode/Rendu/portfolio/node_modules/postcss-load-config' ]
77 silly reify mark retired [ '/home/wecode/Rendu/portfolio/node_modules/postcss-nested' ]
78 silly reify mark retired [ '/home/wecode/Rendu/portfolio/node_modules/postcss-selector-parser' ]
79 silly reify mark retired [ '/home/wecode/Rendu/portfolio/node_modules/queue-microtask' ]
80 silly reify mark retired [ '/home/wecode/Rendu/portfolio/node_modules/read-cache' ]
81 silly reify mark retired [ '/home/wecode/Rendu/portfolio/node_modules/readdirp' ]
82 silly reify mark retired [
82 silly reify   '/home/wecode/Rendu/portfolio/node_modules/resolve',
82 silly reify   '/home/wecode/Rendu/portfolio/node_modules/.bin/resolve'
82 silly reify ]
83 silly reify mark retired [ '/home/wecode/Rendu/portfolio/node_modules/reusify' ]
84 silly reify mark retired [ '/home/wecode/Rendu/portfolio/node_modules/run-parallel' ]
85 silly reify mark retired [
85 silly reify   '/home/wecode/Rendu/portfolio/node_modules/sucrase',
85 silly reify   '/home/wecode/Rendu/portfolio/node_modules/.bin/sucrase',
85 silly reify   '/home/wecode/Rendu/portfolio/node_modules/.bin/sucrase-node'
85 silly reify ]
86 silly reify mark retired [
86 silly reify   '/home/wecode/Rendu/portfolio/node_modules/supports-preserve-symlinks-flag'
86 silly reify ]
87 silly reify mark retired [
87 silly reify   '/home/wecode/Rendu/portfolio/node_modules/tailwindcss',
87 silly reify   '/home/wecode/Rendu/portfolio/node_modules/.bin/tailwind',
87 silly reify   '/home/wecode/Rendu/portfolio/node_modules/.bin/tailwindcss'
87 silly reify ]
88 silly reify mark retired [ '/home/wecode/Rendu/portfolio/node_modules/thenify' ]
89 silly reify mark retired [ '/home/wecode/Rendu/portfolio/node_modules/thenify-all' ]
90 silly reify mark retired [ '/home/wecode/Rendu/portfolio/node_modules/tinyglobby' ]
91 silly reify mark retired [ '/home/wecode/Rendu/portfolio/node_modules/to-regex-range' ]
92 silly reify mark retired [ '/home/wecode/Rendu/portfolio/node_modules/ts-interface-checker' ]
93 silly reify mark retired [ '/home/wecode/Rendu/portfolio/node_modules/util-deprecate' ]
94 silly reify mark retired [
94 silly reify   '/home/wecode/Rendu/portfolio/node_modules/yaml',
94 silly reify   '/home/wecode/Rendu/portfolio/node_modules/.bin/yaml'
94 silly reify ]
95 silly reify moves {
95 silly reify   '/home/wecode/Rendu/portfolio/node_modules/@alloc/quick-lru': '/home/wecode/Rendu/portfolio/node_modules/@alloc/.quick-lru-ONvYtdT1',
95 silly reify   '/home/wecode/Rendu/portfolio/node_modules/@jridgewell/gen-mapping': '/home/wecode/Rendu/portfolio/node_modules/@jridgewell/.gen-mapping-384edMxn',
95 silly reify   '/home/wecode/Rendu/portfolio/node_modules/@jridgewell/resolve-uri': '/home/wecode/Rendu/portfolio/node_modules/@jridgewell/.resolve-uri-CljYwR0D',
95 silly reify   '/home/wecode/Rendu/portfolio/node_modules/@jridgewell/sourcemap-codec': '/home/wecode/Rendu/portfolio/node_modules/@jridgewell/.sourcemap-codec-7OeCo5if',
95 silly reify   '/home/wecode/Rendu/portfolio/node_modules/@jridgewell/trace-mapping': '/home/wecode/Rendu/portfolio/node_modules/@jridgewell/.trace-mapping-xhPUPU6P',
95 silly reify   '/home/wecode/Rendu/portfolio/node_modules/@nodelib/fs.scandir': '/home/wecode/Rendu/portfolio/node_modules/@nodelib/.fs.scandir-YI7CyFxJ',
95 silly reify   '/home/wecode/Rendu/portfolio/node_modules/@nodelib/fs.stat': '/home/wecode/Rendu/portfolio/node_modules/@nodelib/.fs.stat-qAdbFtZs',
95 silly reify   '/home/wecode/Rendu/portfolio/node_modules/@nodelib/fs.walk': '/home/wecode/Rendu/portfolio/node_modules/@nodelib/.fs.walk-BxO5uWGd',
95 silly reify   '/home/wecode/Rendu/portfolio/node_modules/any-promise': '/home/wecode/Rendu/portfolio/node_modules/.any-promise-mIQYBoGR',
95 silly reify   '/home/wecode/Rendu/portfolio/node_modules/anymatch': '/home/wecode/Rendu/portfolio/node_modules/.anymatch-LdZfYVfy',
95 silly reify   '/home/wecode/Rendu/portfolio/node_modules/arg': '/home/wecode/Rendu/portfolio/node_modules/.arg-bHPZeAQG',
95 silly reify   '/home/wecode/Rendu/portfolio/node_modules/binary-extensions': '/home/wecode/Rendu/portfolio/node_modules/.binary-extensions-EZd9AvEG',
95 silly reify   '/home/wecode/Rendu/portfolio/node_modules/braces': '/home/wecode/Rendu/portfolio/node_modules/.braces-n9ffUG6w',
95 silly reify   '/home/wecode/Rendu/portfolio/node_modules/camelcase-css': '/home/wecode/Rendu/portfolio/node_modules/.camelcase-css-ZdSxzVHh',
95 silly reify   '/home/wecode/Rendu/portfolio/node_modules/chokidar': '/home/wecode/Rendu/portfolio/node_modules/.chokidar-5uCofSIi',
95 silly reify   '/home/wecode/Rendu/portfolio/node_modules/commander': '/home/wecode/Rendu/portfolio/node_modules/.commander-596RfDmh',
95 silly reify   '/home/wecode/Rendu/portfolio/node_modules/cssesc': '/home/wecode/Rendu/portfolio/node_modules/.cssesc-ElkpcJYl',
95 silly reify   '/home/wecode/Rendu/portfolio/node_modules/.bin/cssesc': '/home/wecode/Rendu/portfolio/node_modules/.bin/.cssesc-Uc76qADs',
95 silly reify   '/home/wecode/Rendu/portfolio/node_modules/didyoumean': '/home/wecode/Rendu/portfolio/node_modules/.didyoumean-XZ4Ibkgr',
95 silly reify   '/home/wecode/Rendu/portfolio/node_modules/dlv': '/home/wecode/Rendu/portfolio/node_modules/.dlv-tlAcLOIN',
95 silly reify   '/home/wecode/Rendu/portfolio/node_modules/es-errors': '/home/wecode/Rendu/portfolio/node_modules/.es-errors-rkIQ284l',
95 silly reify   '/home/wecode/Rendu/portfolio/node_modules/fast-glob': '/home/wecode/Rendu/portfolio/node_modules/.fast-glob-UffJHSBE',
95 silly reify   '/home/wecode/Rendu/portfolio/node_modules/fastq': '/home/wecode/Rendu/portfolio/node_modules/.fastq-A42JKzOO',
95 silly reify   '/home/wecode/Rendu/portfolio/node_modules/fdir': '/home/wecode/Rendu/portfolio/node_modules/.fdir-ty5ZnmIo',
95 silly reify   '/home/wecode/Rendu/portfolio/node_modules/fill-range': '/home/wecode/Rendu/portfolio/node_modules/.fill-range-ysoitzXs',
95 silly reify   '/home/wecode/Rendu/portfolio/node_modules/function-bind': '/home/wecode/Rendu/portfolio/node_modules/.function-bind-6PfgMcTX',
95 silly reify   '/home/wecode/Rendu/portfolio/node_modules/glob-parent': '/home/wecode/Rendu/portfolio/node_modules/.glob-parent-mspCjObM',
95 silly reify   '/home/wecode/Rendu/portfolio/node_modules/hasown': '/home/wecode/Rendu/portfolio/node_modules/.hasown-dpKz678A',
95 silly reify   '/home/wecode/Rendu/portfolio/node_modules/is-binary-path': '/home/wecode/Rendu/portfolio/node_modules/.is-binary-path-ZYb1w3zl',
95 silly reify   '/home/wecode/Rendu/portfolio/node_modules/is-core-module': '/home/wecode/Rendu/portfolio/node_modules/.is-core-module-20D0tGa6',
95 silly reify   '/home/wecode/Rendu/portfolio/node_modules/is-extglob': '/home/wecode/Rendu/portfolio/node_modules/.is-extglob-9Q2JzZhk',
95 silly reify   '/home/wecode/Rendu/portfolio/node_modules/is-glob': '/home/wecode/Rendu/portfolio/node_modules/.is-glob-9TEDnN6k',
95 silly reify   '/home/wecode/Rendu/portfolio/node_modules/is-number': '/home/wecode/Rendu/portfolio/node_modules/.is-number-7sLQHbHW',
95 silly reify   '/home/wecode/Rendu/portfolio/node_modules/jiti': '/home/wecode/Rendu/portfolio/node_modules/.jiti-NXmukHq2',
95 silly reify   '/home/wecode/Rendu/portfolio/node_modules/.bin/jiti': '/home/wecode/Rendu/portfolio/node_modules/.bin/.jiti-BLyRkGah',
95 silly reify   '/home/wecode/Rendu/portfolio/node_modules/lilconfig': '/home/wecode/Rendu/portfolio/node_modules/.lilconfig-EIqAAOd1',
95 silly reify   '/home/wecode/Rendu/portfolio/node_modules/lines-and-columns': '/home/wecode/Rendu/portfolio/node_modules/.lines-and-columns-mqTY3A67',
95 silly reify   '/home/wecode/Rendu/portfolio/node_modules/merge2': '/home/wecode/Rendu/portfolio/node_modules/.merge2-wcWNwiqI',
95 silly reify   '/home/wecode/Rendu/portfolio/node_modules/micromatch': '/home/wecode/Rendu/portfolio/node_modules/.micromatch-1MsIYODF',
95 silly reify   '/home/wecode/Rendu/portfolio/node_modules/mz': '/home/wecode/Rendu/portfolio/node_modules/.mz-W9vRcoV6',
95 silly reify   '/home/wecode/Rendu/portfolio/node_modules/normalize-path': '/home/wecode/Rendu/portfolio/node_modules/.normalize-path-ckVdWXlZ',
95 silly reify   '/home/wecode/Rendu/portfolio/node_modules/object-assign': '/home/wecode/Rendu/portfolio/node_modules/.object-assign-pfaYbD6T',
95 silly reify   '/home/wecode/Rendu/portfolio/node_modules/object-hash': '/home/wecode/Rendu/portfolio/node_modules/.object-hash-AEqHz8Cg',
95 silly reify   '/home/wecode/Rendu/portfolio/node_modules/path-parse': '/home/wecode/Rendu/portfolio/node_modules/.path-parse-d3DRW1gs',
95 silly reify   '/home/wecode/Rendu/portfolio/node_modules/picomatch': '/home/wecode/Rendu/portfolio/node_modules/.picomatch-Fuq8maif',
95 silly reify   '/home/wecode/Rendu/portfolio/node_modules/pify': '/home/wecode/Rendu/portfolio/node_modules/.pify-eVjyYaIR',
95 silly reify   '/home/wecode/Rendu/portfolio/node_modules/pirates': '/home/wecode/Rendu/portfolio/node_modules/.pirates-opADQLiH',
95 silly reify   '/home/wecode/Rendu/portfolio/node_modules/postcss-import': '/home/wecode/Rendu/portfolio/node_modules/.postcss-import-XWhvEFRK',
95 silly reify   '/home/wecode/Rendu/portfolio/node_modules/postcss-js': '/home/wecode/Rendu/portfolio/node_modules/.postcss-js-bLESsXf1',
95 silly reify   '/home/wecode/Rendu/portfolio/node_modules/postcss-load-config': '/home/wecode/Rendu/portfolio/node_modules/.postcss-load-config-VpjciWSU',
95 silly reify   '/home/wecode/Rendu/portfolio/node_modules/postcss-nested': '/home/wecode/Rendu/portfolio/node_modules/.postcss-nested-P8J4k5dl',
95 silly reify   '/home/wecode/Rendu/portfolio/node_modules/postcss-selector-parser': '/home/wecode/Rendu/portfolio/node_modules/.postcss-selector-parser-0a4AhMNR',
95 silly reify   '/home/wecode/Rendu/portfolio/node_modules/queue-microtask': '/home/wecode/Rendu/portfolio/node_modules/.queue-microtask-Mi9ZIMYi',
95 silly reify   '/home/wecode/Rendu/portfolio/node_modules/read-cache': '/home/wecode/Rendu/portfolio/node_modules/.read-cache-Qb0naLqt',
95 silly reify   '/home/wecode/Rendu/portfolio/node_modules/readdirp': '/home/wecode/Rendu/portfolio/node_modules/.readdirp-ISbcpiuE',
95 silly reify   '/home/wecode/Rendu/portfolio/node_modules/resolve': '/home/wecode/Rendu/portfolio/node_modules/.resolve-beOQTJ64',
95 silly reify   '/home/wecode/Rendu/portfolio/node_modules/.bin/resolve': '/home/wecode/Rendu/portfolio/node_modules/.bin/.resolve-igAbYnt6',
95 silly reify   '/home/wecode/Rendu/portfolio/node_modules/reusify': '/home/wecode/Rendu/portfolio/node_modules/.reusify-ze4pufYT',
95 silly reify   '/home/wecode/Rendu/portfolio/node_modules/run-parallel': '/home/wecode/Rendu/portfolio/node_modules/.run-parallel-9VDo260Z',
95 silly reify   '/home/wecode/Rendu/portfolio/node_modules/sucrase': '/home/wecode/Rendu/portfolio/node_modules/.sucrase-SrtodsXo',
95 silly reify   '/home/wecode/Rendu/portfolio/node_modules/.bin/sucrase': '/home/wecode/Rendu/portfolio/node_modules/.bin/.sucrase-nkjFnGQx',
95 silly reify   '/home/wecode/Rendu/portfolio/node_modules/.bin/sucrase-node': '/home/wecode/Rendu/portfolio/node_modules/.bin/.sucrase-node-qvkPGuRv',
95 silly reify   '/home/wecode/Rendu/portfolio/node_modules/supports-preserve-symlinks-flag': '/home/wecode/Rendu/portfolio/node_modules/.supports-preserve-symlinks-flag-feU9A4mW',
95 silly reify   '/home/wecode/Rendu/portfolio/node_modules/tailwindcss': '/home/wecode/Rendu/portfolio/node_modules/.tailwindcss-bH1Tb2FV',
95 silly reify   '/home/wecode/Rendu/portfolio/node_modules/.bin/tailwind': '/home/wecode/Rendu/portfolio/node_modules/.bin/.tailwind-vpQbPTaS',
95 silly reify   '/home/wecode/Rendu/portfolio/node_modules/.bin/tailwindcss': '/home/wecode/Rendu/portfolio/node_modules/.bin/.tailwindcss-NywzEUaQ',
95 silly reify   '/home/wecode/Rendu/portfolio/node_modules/thenify': '/home/wecode/Rendu/portfolio/node_modules/.thenify-p2rqM49g',
95 silly reify   '/home/wecode/Rendu/portfolio/node_modules/thenify-all': '/home/wecode/Rendu/portfolio/node_modules/.thenify-all-FIhA9pbq',
95 silly reify   '/home/wecode/Rendu/portfolio/node_modules/tinyglobby': '/home/wecode/Rendu/portfolio/node_modules/.tinyglobby-ZQK73TTn',
95 silly reify   '/home/wecode/Rendu/portfolio/node_modules/to-regex-range': '/home/wecode/Rendu/portfolio/node_modules/.to-regex-range-0ky0kBkv',
95 silly reify   '/home/wecode/Rendu/portfolio/node_modules/ts-interface-checker': '/home/wecode/Rendu/portfolio/node_modules/.ts-interface-checker-3x1GdFk5',
95 silly reify   '/home/wecode/Rendu/portfolio/node_modules/util-deprecate': '/home/wecode/Rendu/portfolio/node_modules/.util-deprecate-yvLjur7c',
95 silly reify   '/home/wecode/Rendu/portfolio/node_modules/yaml': '/home/wecode/Rendu/portfolio/node_modules/.yaml-hgTZiwwm',
95 silly reify   '/home/wecode/Rendu/portfolio/node_modules/.bin/yaml': '/home/wecode/Rendu/portfolio/node_modules/.bin/.yaml-JxXBbS1K'
95 silly reify }
96 silly audit bulk request {
96 silly audit   autoprefixer: [ '10.5.0' ],
96 silly audit   'fraction.js': [ '5.3.4' ],
96 silly audit   'baseline-browser-mapping': [ '2.10.33' ],
96 silly audit   browserslist: [ '4.28.2' ],
96 silly audit   'caniuse-lite': [ '1.0.30001793' ],
96 silly audit   'electron-to-chromium': [ '1.5.364' ],
96 silly audit   nanoid: [ '3.3.12' ],
96 silly audit   'node-releases': [ '2.0.46' ],
96 silly audit   picocolors: [ '1.1.1' ],
96 silly audit   postcss: [ '8.5.15' ],
96 silly audit   'postcss-value-parser': [ '4.2.0' ],
96 silly audit   'source-map-js': [ '1.2.1' ],
96 silly audit   'update-browserslist-db': [ '1.2.3' ],
96 silly audit   escalade: [ '3.2.0' ]
96 silly audit }
97 verbose audit error FetchError: request to https://registry.npmjs.org/-/npm/v1/security/advisories/bulk failed, reason: Client network socket disconnected before secure TLS connection was established
97 verbose audit error     at ClientRequest.<anonymous> (/home/wecode/.nvm/versions/node/v24.13.0/lib/node_modules/npm/node_modules/minipass-fetch/lib/index.js:130:14)
97 verbose audit error     at ClientRequest.emit (node:events:508:28)
97 verbose audit error     at emitErrorEvent (node:_http_client:108:11)
97 verbose audit error     at _destroy (node:_http_client:962:9)
97 verbose audit error     at onSocketNT (node:_http_client:982:5)
97 verbose audit error     at process.processTicksAndRejections (node:internal/process/task_queues:90:21) {
97 verbose audit error   code: 'ECONNRESET',
97 verbose audit error   path: null,
97 verbose audit error   host: 'registry.npmjs.org',
97 verbose audit error   port: 443,
97 verbose audit error   localAddress: null,
97 verbose audit error   errno: 'ECONNRESET',
97 verbose audit error   type: 'system'
97 verbose audit error }
98 silly audit error undefined
99 silly audit report null
100 silly REMOVE node_modules/yaml
101 silly REMOVE node_modules/util-deprecate
102 silly REMOVE node_modules/ts-interface-checker
103 silly REMOVE node_modules/to-regex-range
104 silly REMOVE node_modules/tinyglobby
105 silly REMOVE node_modules/tinyglobby/node_modules/picomatch
106 silly REMOVE node_modules/thenify-all
107 silly REMOVE node_modules/thenify
108 silly REMOVE node_modules/tailwindcss
109 silly REMOVE node_modules/supports-preserve-symlinks-flag
110 silly REMOVE node_modules/sucrase
111 silly REMOVE node_modules/run-parallel
112 silly REMOVE node_modules/reusify
113 silly REMOVE node_modules/resolve
114 silly REMOVE node_modules/readdirp
115 silly REMOVE node_modules/read-cache
116 silly REMOVE node_modules/queue-microtask
117 silly REMOVE node_modules/postcss-selector-parser
118 silly REMOVE node_modules/postcss-nested
119 silly REMOVE node_modules/postcss-load-config
120 silly REMOVE node_modules/postcss-load-config/node_modules/lilconfig
121 silly REMOVE node_modules/postcss-js
122 silly REMOVE node_modules/postcss-import
123 silly REMOVE node_modules/pirates
124 silly REMOVE node_modules/pify
125 silly REMOVE node_modules/picomatch
126 silly REMOVE node_modules/path-parse
127 silly REMOVE node_modules/object-hash
128 silly REMOVE node_modules/object-assign
129 silly REMOVE node_modules/normalize-path
130 silly REMOVE node_modules/mz
131 silly REMOVE node_modules/micromatch
132 silly REMOVE node_modules/merge2
133 silly REMOVE node_modules/lines-and-columns
134 silly REMOVE node_modules/lilconfig
135 silly REMOVE node_modules/jiti
136 silly REMOVE node_modules/is-number
137 silly REMOVE node_modules/is-glob
138 silly REMOVE node_modules/is-extglob
139 silly REMOVE node_modules/is-core-module
140 silly REMOVE node_modules/is-binary-path
141 silly REMOVE node_modules/hasown
142 silly REMOVE node_modules/glob-parent
143 silly REMOVE node_modules/function-bind
144 silly REMOVE node_modules/fill-range
145 silly REMOVE node_modules/fdir
146 silly REMOVE node_modules/fastq
147 silly REMOVE node_modules/fast-glob
148 silly REMOVE node_modules/fast-glob/node_modules/glob-parent
149 silly REMOVE node_modules/es-errors
150 silly REMOVE node_modules/dlv
151 silly REMOVE node_modules/didyoumean
152 silly REMOVE node_modules/cssesc
153 silly REMOVE node_modules/commander
154 silly REMOVE node_modules/chokidar
155 silly REMOVE node_modules/chokidar/node_modules/glob-parent
156 silly REMOVE node_modules/camelcase-css
157 silly REMOVE node_modules/braces
158 silly REMOVE node_modules/binary-extensions
159 silly REMOVE node_modules/arg
160 silly REMOVE node_modules/anymatch
161 silly REMOVE node_modules/any-promise
162 silly REMOVE node_modules/@nodelib/fs.walk
163 silly REMOVE node_modules/@nodelib/fs.stat
164 silly REMOVE node_modules/@nodelib/fs.scandir
165 silly REMOVE node_modules/@jridgewell/trace-mapping
166 silly REMOVE node_modules/@jridgewell/sourcemap-codec
167 silly REMOVE node_modules/@jridgewell/resolve-uri
168 silly REMOVE node_modules/@jridgewell/gen-mapping
169 silly REMOVE node_modules/@alloc/quick-lru
170 verbose cwd /home/wecode/Rendu/portfolio
171 verbose os Linux 6.8.0-111-generic
172 verbose node v24.13.0
173 verbose npm  v11.6.2
174 verbose exit 0
175 info ok
