0 verbose cli /home/wecode/.nvm/versions/node/v24.13.0/bin/node /home/wecode/.nvm/versions/node/v24.13.0/bin/npm
1 info using npm@11.6.2
2 info using node@v24.13.0
3 silly config load:file:/home/wecode/.nvm/versions/node/v24.13.0/lib/node_modules/npm/npmrc
4 silly config load:file:/home/wecode/Rendu/portfolio/front-end/.npmrc
5 silly config load:file:/home/wecode/.npmrc
6 silly config load:file:/home/wecode/.nvm/versions/node/v24.13.0/etc/npmrc
7 verbose title npm install
8 verbose argv "install"
9 verbose logfile logs-max:10 dir:/home/wecode/Rendu/portfolio/front-end/clean/_logs/2026-06-03T18_04_26_126Z-
10 verbose logfile /home/wecode/Rendu/portfolio/front-end/clean/_logs/2026-06-03T18_04_26_126Z-debug-0.log
11 silly logfile start cleaning logs, removing 1 files
12 silly logfile done cleaning log files
13 silly packumentCache heap:4496293888 maxSize:1124073472 maxEntrySize:562036736
14 silly idealTree buildDeps
15 silly fetch manifest @emnapi/core@^1.7.1
16 silly packumentCache full:https://registry.npmjs.org/@emnapi%2fcore cache-miss
17 http fetch GET https://registry.npmjs.org/@emnapi%2fcore attempt 1 failed with ECONNRESET
18 http fetch GET 200 https://registry.npmjs.org/@emnapi%2fcore 25818ms (cache revalidated)
19 silly packumentCache full:https://registry.npmjs.org/@emnapi%2fcore set size:108001 disposed:false
20 silly fetch manifest @emnapi/runtime@^1.7.1
21 silly packumentCache full:https://registry.npmjs.org/@emnapi%2fruntime cache-miss
22 http fetch GET 200 https://registry.npmjs.org/@emnapi%2fruntime 698ms (cache revalidated)
23 silly packumentCache full:https://registry.npmjs.org/@emnapi%2fruntime set size:109985 disposed:false
24 silly placeDep ROOT @emnapi/core@1.10.0 OK for: @napi-rs/wasm-runtime@1.1.4 want: ^1.7.1
25 silly placeDep ROOT @emnapi/runtime@1.10.0 OK for: @napi-rs/wasm-runtime@1.1.4 want: ^1.7.1
26 silly reify moves {}
27 silly audit bulk request {
27 silly audit   '@alloc/quick-lru': [ '5.2.0' ],
27 silly audit   '@emnapi/wasi-threads': [ '1.2.1' ],
27 silly audit   '@eslint-community/eslint-utils': [ '4.9.1' ],
27 silly audit   '@eslint-community/regexpp': [ '4.12.2' ],
27 silly audit   '@eslint/eslintrc': [ '2.1.4' ],
27 silly audit   '@eslint/js': [ '8.57.1' ],
27 silly audit   '@humanwhocodes/config-array': [ '0.13.0' ],
27 silly audit   '@humanwhocodes/module-importer': [ '1.0.1' ],
27 silly audit   '@humanwhocodes/object-schema': [ '2.0.3' ],
27 silly audit   '@isaacs/cliui': [ '8.0.2' ],
27 silly audit   'ansi-regex': [ '6.2.2', '5.0.1' ],
27 silly audit   'strip-ansi': [ '7.2.0', '6.0.1' ],
27 silly audit   '@jridgewell/gen-mapping': [ '0.3.13' ],
27 silly audit   '@jridgewell/resolve-uri': [ '3.1.2' ],
27 silly audit   '@jridgewell/sourcemap-codec': [ '1.5.5' ],
27 silly audit   '@jridgewell/trace-mapping': [ '0.3.31' ],
27 silly audit   '@napi-rs/wasm-runtime': [ '1.1.4' ],
27 silly audit   '@next/env': [ '14.2.35' ],
27 silly audit   '@next/eslint-plugin-next': [ '14.2.35' ],
27 silly audit   '@next/swc-darwin-arm64': [ '14.2.33' ],
27 silly audit   '@next/swc-darwin-x64': [ '14.2.33' ],
27 silly audit   '@next/swc-linux-arm64-gnu': [ '14.2.33' ],
27 silly audit   '@next/swc-linux-arm64-musl': [ '14.2.33' ],
27 silly audit   '@next/swc-linux-x64-gnu': [ '14.2.33' ],
27 silly audit   '@next/swc-linux-x64-musl': [ '14.2.33' ],
27 silly audit   '@next/swc-win32-arm64-msvc': [ '14.2.33' ],
27 silly audit   '@next/swc-win32-ia32-msvc': [ '14.2.33' ],
27 silly audit   '@next/swc-win32-x64-msvc': [ '14.2.33' ],
27 silly audit   '@nodelib/fs.scandir': [ '2.1.5' ],
27 silly audit   '@nodelib/fs.stat': [ '2.0.5' ],
27 silly audit   '@nodelib/fs.walk': [ '1.2.8' ],
27 silly audit   '@nolyfill/is-core-module': [ '1.0.39' ],
27 silly audit   '@pkgjs/parseargs': [ '0.11.0' ],
27 silly audit   '@rtsao/scc': [ '1.1.0' ],
27 silly audit   '@rushstack/eslint-patch': [ '1.16.1' ],
27 silly audit   '@swc/counter': [ '0.1.3' ],
27 silly audit   '@swc/helpers': [ '0.5.5' ],
27 silly audit   '@tybys/wasm-util': [ '0.10.2' ],
27 silly audit   '@types/json5': [ '0.0.29' ],
27 silly audit   '@types/node': [ '20.19.41' ],
27 silly audit   '@types/prop-types': [ '15.7.15' ],
27 silly audit   '@types/react': [ '18.3.29' ],
27 silly audit   '@types/react-dom': [ '18.3.7' ],
27 silly audit   '@typescript-eslint/eslint-plugin': [ '8.60.0' ],
27 silly audit   ignore: [ '7.0.5', '5.3.2' ],
27 silly audit   '@typescript-eslint/parser': [ '8.60.0' ],
27 silly audit   '@typescript-eslint/project-service': [ '8.60.0' ],
27 silly audit   '@typescript-eslint/scope-manager': [ '8.60.0' ],
27 silly audit   '@typescript-eslint/tsconfig-utils': [ '8.60.0' ],
27 silly audit   '@typescript-eslint/type-utils': [ '8.60.0' ],
27 silly audit   '@typescript-eslint/types': [ '8.60.0' ],
27 silly audit   '@typescript-eslint/typescript-estree': [ '8.60.0' ],
27 silly audit   'balanced-match': [ '4.0.4', '1.0.2' ],
27 silly audit   'brace-expansion': [ '5.0.6', '1.1.15', '2.1.1' ],
27 silly audit   minimatch: [ '10.2.5', '9.0.9', '3.1.5' ],
27 silly audit   '@typescript-eslint/utils': [ '8.60.0' ],
27 silly audit   '@typescript-eslint/visitor-keys': [ '8.60.0' ],
27 silly audit   'eslint-visitor-keys': [ '5.0.1', '3.4.3' ],
27 silly audit   '@ungap/structured-clone': [ '1.3.1' ],
27 silly audit   '@unrs/resolver-binding-android-arm-eabi': [ '1.12.2' ],
27 silly audit   '@unrs/resolver-binding-android-arm64': [ '1.12.2' ],
27 silly audit   '@unrs/resolver-binding-darwin-arm64': [ '1.12.2' ],
27 silly audit   '@unrs/resolver-binding-darwin-x64': [ '1.12.2' ],
27 silly audit   '@unrs/resolver-binding-freebsd-x64': [ '1.12.2' ],
27 silly audit   '@unrs/resolver-binding-linux-arm-gnueabihf': [ '1.12.2' ],
27 silly audit   '@unrs/resolver-binding-linux-arm-musleabihf': [ '1.12.2' ],
27 silly audit   '@unrs/resolver-binding-linux-arm64-gnu': [ '1.12.2' ],
27 silly audit   '@unrs/resolver-binding-linux-arm64-musl': [ '1.12.2' ],
27 silly audit   '@unrs/resolver-binding-linux-loong64-gnu': [ '1.12.2' ],
27 silly audit   '@unrs/resolver-binding-linux-loong64-musl': [ '1.12.2' ],
27 silly audit   '@unrs/resolver-binding-linux-ppc64-gnu': [ '1.12.2' ],
27 silly audit   '@unrs/resolver-binding-linux-riscv64-gnu': [ '1.12.2' ],
27 silly audit   '@unrs/resolver-binding-linux-riscv64-musl': [ '1.12.2' ],
27 silly audit   '@unrs/resolver-binding-linux-s390x-gnu': [ '1.12.2' ],
27 silly audit   '@unrs/resolver-binding-linux-x64-gnu': [ '1.12.2' ],
27 silly audit   '@unrs/resolver-binding-linux-x64-musl': [ '1.12.2' ],
27 silly audit   '@unrs/resolver-binding-openharmony-arm64': [ '1.12.2' ],
27 silly audit   '@unrs/resolver-binding-wasm32-wasi': [ '1.12.2' ],
27 silly audit   '@unrs/resolver-binding-win32-arm64-msvc': [ '1.12.2' ],
27 silly audit   '@unrs/resolver-binding-win32-ia32-msvc': [ '1.12.2' ],
27 silly audit   '@unrs/resolver-binding-win32-x64-msvc': [ '1.12.2' ],
27 silly audit   acorn: [ '8.16.0' ],
27 silly audit   'acorn-jsx': [ '5.3.2' ],
27 silly audit   ajv: [ '6.15.0' ],
27 silly audit   'ansi-styles': [ '4.3.0', '6.2.3' ],
27 silly audit   'any-promise': [ '1.3.0' ],
27 silly audit   anymatch: [ '3.1.3' ],
27 silly audit   arg: [ '5.0.2' ],
27 silly audit   argparse: [ '2.0.1' ],
27 silly audit   'aria-query': [ '5.3.2' ],
27 silly audit   'array-buffer-byte-length': [ '1.0.2' ],
27 silly audit   'array-includes': [ '3.1.9' ],
27 silly audit   'array.prototype.findlast': [ '1.2.5' ],
27 silly audit   'array.prototype.findlastindex': [ '1.2.6' ],
27 silly audit   'array.prototype.flat': [ '1.3.3' ],
27 silly audit   'array.prototype.flatmap': [ '1.3.3' ],
27 silly audit   'array.prototype.tosorted': [ '1.1.4' ],
27 silly audit   'arraybuffer.prototype.slice': [ '1.0.4' ],
27 silly audit   'ast-types-flow': [ '0.0.8' ],
27 silly audit   'async-function': [ '1.0.0' ],
27 silly audit   autoprefixer: [ '10.5.0' ],
27 silly audit   'fraction.js': [ '5.3.4' ],
27 silly audit   'available-typed-arrays': [ '1.0.7' ],
27 silly audit   'axe-core': [ '4.11.4' ],
27 silly audit   'axobject-query': [ '4.1.0' ],
27 silly audit   'baseline-browser-mapping': [ '2.10.33' ],
27 silly audit   'binary-extensions': [ '2.3.0' ],
27 silly audit   braces: [ '3.0.3' ],
27 silly audit   browserslist: [ '4.28.2' ],
27 silly audit   busboy: [ '1.6.0' ],
27 silly audit   'call-bind': [ '1.0.9' ],
27 silly audit   'call-bind-apply-helpers': [ '1.0.2' ],
27 silly audit   'call-bound': [ '1.0.4' ],
27 silly audit   callsites: [ '3.1.0' ],
27 silly audit   'camelcase-css': [ '2.0.1' ],
27 silly audit   'caniuse-lite': [ '1.0.30001793' ],
27 silly audit   chalk: [ '4.1.2' ],
27 silly audit   chokidar: [ '3.6.0' ],
27 silly audit   'glob-parent': [ '5.1.2', '6.0.2' ],
27 silly audit   'client-only': [ '0.0.1' ],
27 silly audit   'color-convert': [ '2.0.1' ],
27 silly audit   'color-name': [ '1.1.4' ],
27 silly audit   commander: [ '4.1.1' ],
27 silly audit   'concat-map': [ '0.0.1' ],
27 silly audit   'cross-spawn': [ '7.0.6' ],
27 silly audit   cssesc: [ '3.0.0' ],
27 silly audit   csstype: [ '3.2.3' ],
27 silly audit   'damerau-levenshtein': [ '1.0.8' ],
27 silly audit   'data-view-buffer': [ '1.0.2' ],
27 silly audit   'data-view-byte-length': [ '1.0.2' ],
27 silly audit   'data-view-byte-offset': [ '1.0.1' ],
27 silly audit   debug: [ '4.4.3', '3.2.7' ],
27 silly audit   'deep-is': [ '0.1.4' ],
27 silly audit   'define-data-property': [ '1.1.4' ],
27 silly audit   'define-properties': [ '1.2.1' ],
27 silly audit   didyoumean: [ '1.2.2' ],
27 silly audit   dlv: [ '1.1.3' ],
27 silly audit   doctrine: [ '3.0.0', '2.1.0' ],
27 silly audit   'dunder-proto': [ '1.0.1' ],
27 silly audit   eastasianwidth: [ '0.2.0' ],
27 silly audit   'electron-to-chromium': [ '1.5.364' ],
27 silly audit   'emoji-regex': [ '9.2.2', '8.0.0' ],
27 silly audit   'es-abstract': [ '1.24.2' ],
27 silly audit   'es-define-property': [ '1.0.1' ],
27 silly audit   'es-errors': [ '1.3.0' ],
27 silly audit   'es-iterator-helpers': [ '1.3.2' ],
27 silly audit   'es-object-atoms': [ '1.1.2' ],
27 silly audit   'es-set-tostringtag': [ '2.1.0' ],
27 silly audit   'es-shim-unscopables': [ '1.1.0' ],
27 silly audit   'es-to-primitive': [ '1.3.0' ],
27 silly audit   'escape-string-regexp': [ '4.0.0' ],
27 silly audit   eslint: [ '8.57.1' ],
27 silly audit   'eslint-config-next': [ '14.2.35' ],
27 silly audit   'eslint-import-resolver-node': [ '0.3.10' ],
27 silly audit   resolve: [ '2.0.0-next.7', '1.22.12' ],
27 silly audit   'eslint-import-resolver-typescript': [ '3.10.1' ],
27 silly audit   'eslint-module-utils': [ '2.13.0' ],
27 silly audit   'eslint-plugin-import': [ '2.32.0' ],
27 silly audit   semver: [ '6.3.1', '7.8.1' ],
27 silly audit   'eslint-plugin-jsx-a11y': [ '6.10.2' ],
27 silly audit   'eslint-plugin-react': [ '7.37.5' ],
27 silly audit   'eslint-plugin-react-hooks': [ '5.0.0-canary-7118f5dd7-20230705' ],
27 silly audit   'eslint-scope': [ '7.2.2' ],
27 silly audit   espree: [ '9.6.1' ],
27 silly audit   esquery: [ '1.7.0' ],
27 silly audit   esrecurse: [ '4.3.0' ],
27 silly audit   estraverse: [ '5.3.0' ],
27 silly audit   esutils: [ '2.0.3' ],
27 silly audit   'fast-deep-equal': [ '3.1.3' ],
27 silly audit   'fast-glob': [ '3.3.3' ],
27 silly audit   'fast-json-stable-stringify': [ '2.1.0' ],
27 silly audit   'fast-levenshtein': [ '2.0.6' ],
27 silly audit   fastq: [ '1.20.1' ],
27 silly audit   'file-entry-cache': [ '6.0.1' ],
27 silly audit   'fill-range': [ '7.1.1' ],
27 silly audit   'find-up': [ '5.0.0' ],
27 silly audit   'flat-cache': [ '3.2.0' ],
27 silly audit   flatted: [ '3.4.2' ],
27 silly audit   'for-each': [ '0.3.5' ],
27 silly audit   'foreground-child': [ '3.3.1' ],
27 silly audit   'fs.realpath': [ '1.0.0' ],
27 silly audit   fsevents: [ '2.3.3' ],
27 silly audit   'function-bind': [ '1.1.2' ],
27 silly audit   'function.prototype.name': [ '1.1.8' ],
27 silly audit   'functions-have-names': [ '1.2.3' ],
27 silly audit   'generator-function': [ '2.0.1' ],
27 silly audit   'get-intrinsic': [ '1.3.0' ],
27 silly audit   'get-proto': [ '1.0.1' ],
27 silly audit   'get-symbol-description': [ '1.1.0' ],
27 silly audit   'get-tsconfig': [ '4.14.0' ],
27 silly audit   glob: [ '10.3.10', '7.2.3' ],
27 silly audit   globals: [ '13.24.0' ],
27 silly audit   globalthis: [ '1.0.4' ],
27 silly audit   gopd: [ '1.2.0' ],
27 silly audit   'graceful-fs': [ '4.2.11' ],
27 silly audit   graphemer: [ '1.4.0' ],
27 silly audit   'has-bigints': [ '1.1.0' ],
27 silly audit   'has-flag': [ '4.0.0' ],
27 silly audit   'has-property-descriptors': [ '1.0.2' ],
27 silly audit   'has-proto': [ '1.2.0' ],
27 silly audit   'has-symbols': [ '1.1.0' ],
27 silly audit   'has-tostringtag': [ '1.0.2' ],
27 silly audit   hasown: [ '2.0.4' ],
27 silly audit   'import-fresh': [ '3.3.1' ],
27 silly audit   imurmurhash: [ '0.1.4' ],
27 silly audit   inflight: [ '1.0.6' ],
27 silly audit   inherits: [ '2.0.4' ],
27 silly audit   'internal-slot': [ '1.1.0' ],
27 silly audit   'is-array-buffer': [ '3.0.5' ],
27 silly audit   'is-async-function': [ '2.1.1' ],
27 silly audit   'is-bigint': [ '1.1.0' ],
27 silly audit   'is-binary-path': [ '2.1.0' ],
27 silly audit   'is-boolean-object': [ '1.2.2' ],
27 silly audit   'is-bun-module': [ '2.0.0' ],
27 silly audit   'is-callable': [ '1.2.7' ],
27 silly audit   'is-core-module': [ '2.16.2' ],
27 silly audit   'is-data-view': [ '1.0.2' ],
27 silly audit   'is-date-object': [ '1.1.0' ],
27 silly audit   'is-extglob': [ '2.1.1' ],
27 silly audit   'is-finalizationregistry': [ '1.1.1' ],
27 silly audit   'is-fullwidth-code-point': [ '3.0.0' ],
27 silly audit   'is-generator-function': [ '1.1.2' ],
27 silly audit   'is-glob': [ '4.0.3' ],
27 silly audit   'is-map': [ '2.0.3' ],
27 silly audit   'is-negative-zero': [ '2.0.3' ],
27 silly audit   'is-number': [ '7.0.0' ],
27 silly audit   'is-number-object': [ '1.1.1' ],
27 silly audit   'is-path-inside': [ '3.0.3' ],
27 silly audit   'is-regex': [ '1.2.1' ],
27 silly audit   'is-set': [ '2.0.3' ],
27 silly audit   'is-shared-array-buffer': [ '1.0.4' ],
27 silly audit   'is-string': [ '1.1.1' ],
27 silly audit   'is-symbol': [ '1.1.1' ],
27 silly audit   'is-typed-array': [ '1.1.15' ],
27 silly audit   'is-weakmap': [ '2.0.2' ],
27 silly audit   'is-weakref': [ '1.1.1' ],
27 silly audit   'is-weakset': [ '2.0.4' ],
27 silly audit   isarray: [ '2.0.5' ],
27 silly audit   isexe: [ '2.0.0' ],
27 silly audit   'iterator.prototype': [ '1.1.5' ],
27 silly audit   jackspeak: [ '2.3.6' ],
27 silly audit   jiti: [ '1.21.7' ],
27 silly audit   'js-tokens': [ '4.0.0' ],
27 silly audit   'js-yaml': [ '4.2.0' ],
27 silly audit   'json-buffer': [ '3.0.1' ],
27 silly audit   'json-schema-traverse': [ '0.4.1' ],
27 silly audit   'json-stable-stringify-without-jsonify': [ '1.0.1' ],
27 silly audit   json5: [ '1.0.2' ],
27 silly audit   'jsx-ast-utils': [ '3.3.5' ],
27 silly audit   keyv: [ '4.5.4' ],
27 silly audit   'language-subtag-registry': [ '0.3.23' ],
27 silly audit   'language-tags': [ '1.0.9' ],
27 silly audit   levn: [ '0.4.1' ],
27 silly audit   lilconfig: [ '3.1.3' ],
27 silly audit   'lines-and-columns': [ '1.2.4' ],
27 silly audit   'locate-path': [ '6.0.0' ],
27 silly audit   'lodash.merge': [ '4.6.2' ],
27 silly audit   'loose-envify': [ '1.4.0' ],
27 silly audit   'lru-cache': [ '10.4.3' ],
27 silly audit   'math-intrinsics': [ '1.1.0' ],
27 silly audit   merge2: [ '1.4.1' ],
27 silly audit   micromatch: [ '4.0.8' ],
27 silly audit   minimist: [ '1.2.8' ],
27 silly audit   minipass: [ '7.1.3' ],
27 silly audit   ms: [ '2.1.3' ],
27 silly audit   mz: [ '2.7.0' ],
27 silly audit   nanoid: [ '3.3.12' ],
27 silly audit   'napi-postinstall': [ '0.3.4' ],
27 silly audit   'natural-compare': [ '1.4.0' ],
27 silly audit   next: [ '14.2.35' ],
27 silly audit   postcss: [ '8.4.31', '8.5.15' ],
27 silly audit   'node-exports-info': [ '1.6.0' ],
27 silly audit   'node-releases': [ '2.0.46' ],
27 silly audit   'normalize-path': [ '3.0.0' ],
27 silly audit   'object-assign': [ '4.1.1' ],
27 silly audit   'object-hash': [ '3.0.0' ],
27 silly audit   'object-inspect': [ '1.13.4' ],
27 silly audit   'object-keys': [ '1.1.1' ],
27 silly audit   'object.assign': [ '4.1.7' ],
27 silly audit   'object.entries': [ '1.1.9' ],
27 silly audit   'object.fromentries': [ '2.0.8' ],
27 silly audit   'object.groupby': [ '1.0.3' ],
27 silly audit   'object.values': [ '1.2.1' ],
27 silly audit   once: [ '1.4.0' ],
27 silly audit   optionator: [ '0.9.4' ],
27 silly audit   'own-keys': [ '1.0.1' ],
27 silly audit   'p-limit': [ '3.1.0' ],
27 silly audit   'p-locate': [ '5.0.0' ],
27 silly audit   'parent-module': [ '1.0.1' ],
27 silly audit   'path-exists': [ '4.0.0' ],
27 silly audit   'path-is-absolute': [ '1.0.1' ],
27 silly audit   'path-key': [ '3.1.1' ],
27 silly audit   'path-parse': [ '1.0.7' ],
27 silly audit   'path-scurry': [ '1.11.1' ],
27 silly audit   picocolors: [ '1.1.1' ],
27 silly audit   picomatch: [ '2.3.2', '4.0.4' ],
27 silly audit   pify: [ '2.3.0' ],
27 silly audit   pirates: [ '4.0.7' ],
27 silly audit   'possible-typed-array-names': [ '1.1.0' ],
27 silly audit   'postcss-import': [ '15.1.0' ],
27 silly audit   'postcss-js': [ '4.1.0' ],
27 silly audit   'postcss-load-config': [ '6.0.1' ],
27 silly audit   'postcss-nested': [ '6.2.0' ],
27 silly audit   'postcss-selector-parser': [ '6.1.2' ],
27 silly audit   'postcss-value-parser': [ '4.2.0' ],
27 silly audit   'prelude-ls': [ '1.2.1' ],
27 silly audit   'prop-types': [ '15.8.1' ],
27 silly audit   punycode: [ '2.3.1' ],
27 silly audit   'queue-microtask': [ '1.2.3' ],
27 silly audit   react: [ '18.3.1' ],
27 silly audit   'react-dom': [ '18.3.1' ],
27 silly audit   'react-is': [ '16.13.1' ],
27 silly audit   'read-cache': [ '1.0.0' ],
27 silly audit   readdirp: [ '3.6.0' ],
27 silly audit   'reflect.getprototypeof': [ '1.0.10' ],
27 silly audit   'regexp.prototype.flags': [ '1.5.4' ],
27 silly audit   'resolve-from': [ '4.0.0' ],
27 silly audit   'resolve-pkg-maps': [ '1.0.0' ],
27 silly audit   reusify: [ '1.1.0' ],
27 silly audit   rimraf: [ '3.0.2' ],
27 silly audit   'run-parallel': [ '1.2.0' ],
27 silly audit   'safe-array-concat': [ '1.1.4' ],
27 silly audit   'safe-push-apply': [ '1.0.0' ],
27 silly audit   'safe-regex-test': [ '1.1.0' ],
27 silly audit   scheduler: [ '0.23.2' ],
27 silly audit   'set-function-length': [ '1.2.2' ],
27 silly audit   'set-function-name': [ '2.0.2' ],
27 silly audit   'set-proto': [ '1.0.0' ],
27 silly audit   'shebang-command': [ '2.0.0' ],
27 silly audit   'shebang-regex': [ '3.0.0' ],
27 silly audit   'side-channel': [ '1.1.0' ],
27 silly audit   'side-channel-list': [ '1.0.1' ],
27 silly audit   'side-channel-map': [ '1.0.1' ],
27 silly audit   'side-channel-weakmap': [ '1.0.2' ],
27 silly audit   'signal-exit': [ '4.1.0' ],
27 silly audit   'source-map-js': [ '1.2.1' ],
27 silly audit   'stable-hash': [ '0.0.5' ],
27 silly audit   'stop-iteration-iterator': [ '1.1.0' ],
27 silly audit   streamsearch: [ '1.1.0' ],
27 silly audit   'string-width': [ '5.1.2', '4.2.3' ],
27 silly audit   'string.prototype.includes': [ '2.0.1' ],
27 silly audit   'string.prototype.matchall': [ '4.0.12' ],
27 silly audit   'string.prototype.repeat': [ '1.0.0' ],
27 silly audit   'string.prototype.trim': [ '1.2.10' ],
27 silly audit   'string.prototype.trimend': [ '1.0.9' ],
27 silly audit   'string.prototype.trimstart': [ '1.0.8' ],
27 silly audit   'strip-bom': [ '3.0.0' ],
27 silly audit   'strip-json-comments': [ '3.1.1' ],
27 silly audit   'styled-jsx': [ '5.1.1' ],
27 silly audit   sucrase: [ '3.35.1' ],
27 silly audit   'supports-color': [ '7.2.0' ],
27 silly audit   'supports-preserve-symlinks-flag': [ '1.0.0' ],
27 silly audit   tailwindcss: [ '3.4.19' ],
27 silly audit   'text-table': [ '0.2.0' ],
27 silly audit   thenify: [ '3.3.1' ],
27 silly audit   'thenify-all': [ '1.6.0' ],
27 silly audit   tinyglobby: [ '0.2.17' ],
27 silly audit   fdir: [ '6.5.0' ],
27 silly audit   'to-regex-range': [ '5.0.1' ],
27 silly audit   'ts-api-utils': [ '2.5.0' ],
27 silly audit   'ts-interface-checker': [ '0.1.13' ],
27 silly audit   'tsconfig-paths': [ '3.15.0' ],
27 silly audit   tslib: [ '2.8.1' ],
27 silly audit   'type-check': [ '0.4.0' ],
27 silly audit   'type-fest': [ '0.20.2' ],
27 silly audit   'typed-array-buffer': [ '1.0.3' ],
27 silly audit   'typed-array-byte-length': [ '1.0.3' ],
27 silly audit   'typed-array-byte-offset': [ '1.0.4' ],
27 silly audit   'typed-array-length': [ '1.0.8' ],
27 silly audit   typescript: [ '5.9.3' ],
27 silly audit   'unbox-primitive': [ '1.1.0' ],
27 silly audit   'undici-types': [ '6.21.0' ],
27 silly audit   'unrs-resolver': [ '1.12.2' ],
27 silly audit   'update-browserslist-db': [ '1.2.3' ],
27 silly audit   escalade: [ '3.2.0' ],
27 silly audit   'uri-js': [ '4.4.1' ],
27 silly audit   'util-deprecate': [ '1.0.2' ],
27 silly audit   which: [ '2.0.2' ],
27 silly audit   'which-boxed-primitive': [ '1.1.1' ],
27 silly audit   'which-builtin-type': [ '1.2.1' ],
27 silly audit   'which-collection': [ '1.0.2' ],
27 silly audit   'which-typed-array': [ '1.1.21' ],
27 silly audit   'word-wrap': [ '1.2.5' ],
27 silly audit   'wrap-ansi': [ '8.1.0', '7.0.0' ],
27 silly audit   wrappy: [ '1.0.2' ],
27 silly audit   'yocto-queue': [ '0.1.0' ]
27 silly audit }
28 http cache yocto-queue@https://registry.npmjs.org/yocto-queue/-/yocto-queue-0.1.0.tgz 0ms (cache hit)
29 http cache wrappy@https://registry.npmjs.org/wrappy/-/wrappy-1.0.2.tgz 0ms (cache hit)
30 http cache word-wrap@https://registry.npmjs.org/word-wrap/-/word-wrap-1.2.5.tgz 0ms (cache hit)
31 http cache wrap-ansi@https://registry.npmjs.org/wrap-ansi/-/wrap-ansi-8.1.0.tgz 0ms (cache hit)
32 http cache wrap-ansi-cjs@https://registry.npmjs.org/wrap-ansi/-/wrap-ansi-7.0.0.tgz 0ms (cache hit)
33 http cache which-typed-array@https://registry.npmjs.org/which-typed-array/-/which-typed-array-1.1.21.tgz 0ms (cache hit)
34 http cache which-collection@https://registry.npmjs.org/which-collection/-/which-collection-1.0.2.tgz 0ms (cache hit)
35 http cache which-builtin-type@https://registry.npmjs.org/which-builtin-type/-/which-builtin-type-1.2.1.tgz 0ms (cache hit)
36 http cache which-boxed-primitive@https://registry.npmjs.org/which-boxed-primitive/-/which-boxed-primitive-1.1.1.tgz 0ms (cache hit)
37 http cache util-deprecate@https://registry.npmjs.org/util-deprecate/-/util-deprecate-1.0.2.tgz 0ms (cache hit)
38 http cache which@https://registry.npmjs.org/which/-/which-2.0.2.tgz 0ms (cache hit)
39 http cache uri-js@https://registry.npmjs.org/uri-js/-/uri-js-4.4.1.tgz 0ms (cache hit)
40 silly packumentCache corgi:https://registry.npmjs.org/update-browserslist-db cache-miss
41 http cache unrs-resolver@https://registry.npmjs.org/unrs-resolver/-/unrs-resolver-1.12.2.tgz 0ms (cache hit)
42 http cache unbox-primitive@https://registry.npmjs.org/unbox-primitive/-/unbox-primitive-1.1.0.tgz 0ms (cache hit)
43 http cache undici-types@https://registry.npmjs.org/undici-types/-/undici-types-6.21.0.tgz 0ms (cache hit)
44 http cache typescript@https://registry.npmjs.org/typescript/-/typescript-5.9.3.tgz 0ms (cache hit)
45 http cache typed-array-byte-offset@https://registry.npmjs.org/typed-array-byte-offset/-/typed-array-byte-offset-1.0.4.tgz 0ms (cache hit)
46 http cache typed-array-length@https://registry.npmjs.org/typed-array-length/-/typed-array-length-1.0.8.tgz 0ms (cache hit)
47 http cache type-fest@https://registry.npmjs.org/type-fest/-/type-fest-0.20.2.tgz 0ms (cache hit)
48 http cache type-check@https://registry.npmjs.org/type-check/-/type-check-0.4.0.tgz 0ms (cache hit)
49 http cache typed-array-buffer@https://registry.npmjs.org/typed-array-buffer/-/typed-array-buffer-1.0.3.tgz 0ms (cache hit)
50 http cache tsconfig-paths@https://registry.npmjs.org/tsconfig-paths/-/tsconfig-paths-3.15.0.tgz 0ms (cache hit)
51 http cache typed-array-byte-length@https://registry.npmjs.org/typed-array-byte-length/-/typed-array-byte-length-1.0.3.tgz 0ms (cache hit)
52 http cache tslib@https://registry.npmjs.org/tslib/-/tslib-2.8.1.tgz 0ms (cache hit)
53 http cache ts-interface-checker@https://registry.npmjs.org/ts-interface-checker/-/ts-interface-checker-0.1.13.tgz 0ms (cache hit)
54 http cache ts-api-utils@https://registry.npmjs.org/ts-api-utils/-/ts-api-utils-2.5.0.tgz 0ms (cache hit)
55 http cache to-regex-range@https://registry.npmjs.org/to-regex-range/-/to-regex-range-5.0.1.tgz 0ms (cache hit)
56 http cache thenify-all@https://registry.npmjs.org/thenify-all/-/thenify-all-1.6.0.tgz 0ms (cache hit)
57 http cache tinyglobby@https://registry.npmjs.org/tinyglobby/-/tinyglobby-0.2.17.tgz 0ms (cache hit)
58 http cache thenify@https://registry.npmjs.org/thenify/-/thenify-3.3.1.tgz 0ms (cache hit)
59 http cache text-table@https://registry.npmjs.org/text-table/-/text-table-0.2.0.tgz 0ms (cache hit)
60 http cache tailwindcss@https://registry.npmjs.org/tailwindcss/-/tailwindcss-3.4.19.tgz 0ms (cache hit)
61 http cache supports-preserve-symlinks-flag@https://registry.npmjs.org/supports-preserve-symlinks-flag/-/supports-preserve-symlinks-flag-1.0.0.tgz 0ms (cache hit)
62 http cache supports-color@https://registry.npmjs.org/supports-color/-/supports-color-7.2.0.tgz 0ms (cache hit)
63 http cache sucrase@https://registry.npmjs.org/sucrase/-/sucrase-3.35.1.tgz 0ms (cache hit)
64 http cache strip-json-comments@https://registry.npmjs.org/strip-json-comments/-/strip-json-comments-3.1.1.tgz 0ms (cache hit)
65 http cache strip-bom@https://registry.npmjs.org/strip-bom/-/strip-bom-3.0.0.tgz 0ms (cache hit)
66 http cache styled-jsx@https://registry.npmjs.org/styled-jsx/-/styled-jsx-5.1.1.tgz 0ms (cache hit)
67 http cache strip-ansi@https://registry.npmjs.org/strip-ansi/-/strip-ansi-6.0.1.tgz 0ms (cache hit)
68 http cache strip-ansi-cjs@https://registry.npmjs.org/strip-ansi/-/strip-ansi-6.0.1.tgz 0ms (cache hit)
69 http cache string.prototype.trimstart@https://registry.npmjs.org/string.prototype.trimstart/-/string.prototype.trimstart-1.0.8.tgz 0ms (cache hit)
70 http cache string.prototype.trim@https://registry.npmjs.org/string.prototype.trim/-/string.prototype.trim-1.2.10.tgz 0ms (cache hit)
71 http cache string.prototype.repeat@https://registry.npmjs.org/string.prototype.repeat/-/string.prototype.repeat-1.0.0.tgz 0ms (cache hit)
72 http cache string.prototype.includes@https://registry.npmjs.org/string.prototype.includes/-/string.prototype.includes-2.0.1.tgz 0ms (cache hit)
73 http cache string.prototype.matchall@https://registry.npmjs.org/string.prototype.matchall/-/string.prototype.matchall-4.0.12.tgz 0ms (cache hit)
74 http cache string-width-cjs@https://registry.npmjs.org/string-width/-/string-width-4.2.3.tgz 0ms (cache hit)
75 http cache string-width@https://registry.npmjs.org/string-width/-/string-width-5.1.2.tgz 0ms (cache hit)
76 http cache streamsearch@https://registry.npmjs.org/streamsearch/-/streamsearch-1.1.0.tgz 0ms (cache hit)
77 http cache stop-iteration-iterator@https://registry.npmjs.org/stop-iteration-iterator/-/stop-iteration-iterator-1.1.0.tgz 0ms (cache hit)
78 http cache stable-hash@https://registry.npmjs.org/stable-hash/-/stable-hash-0.0.5.tgz 0ms (cache hit)
79 http cache signal-exit@https://registry.npmjs.org/signal-exit/-/signal-exit-4.1.0.tgz 0ms (cache hit)
80 http cache source-map-js@https://registry.npmjs.org/source-map-js/-/source-map-js-1.2.1.tgz 0ms (cache hit)
81 http cache side-channel-weakmap@https://registry.npmjs.org/side-channel-weakmap/-/side-channel-weakmap-1.0.2.tgz 0ms (cache hit)
82 http cache side-channel-list@https://registry.npmjs.org/side-channel-list/-/side-channel-list-1.0.1.tgz 0ms (cache hit)
83 http cache side-channel-map@https://registry.npmjs.org/side-channel-map/-/side-channel-map-1.0.1.tgz 0ms (cache hit)
84 http cache shebang-regex@https://registry.npmjs.org/shebang-regex/-/shebang-regex-3.0.0.tgz 0ms (cache hit)
85 http cache side-channel@https://registry.npmjs.org/side-channel/-/side-channel-1.1.0.tgz 0ms (cache hit)
86 http cache set-proto@https://registry.npmjs.org/set-proto/-/set-proto-1.0.0.tgz 0ms (cache hit)
87 http cache set-function-name@https://registry.npmjs.org/set-function-name/-/set-function-name-2.0.2.tgz 0ms (cache hit)
88 http cache set-function-length@https://registry.npmjs.org/set-function-length/-/set-function-length-1.2.2.tgz 0ms (cache hit)
89 http cache semver@https://registry.npmjs.org/semver/-/semver-7.8.1.tgz 0ms (cache hit)
90 http cache scheduler@https://registry.npmjs.org/scheduler/-/scheduler-0.23.2.tgz 0ms (cache hit)
91 http cache shebang-command@https://registry.npmjs.org/shebang-command/-/shebang-command-2.0.0.tgz 0ms (cache hit)
92 http cache safe-regex-test@https://registry.npmjs.org/safe-regex-test/-/safe-regex-test-1.1.0.tgz 0ms (cache hit)
93 http cache safe-push-apply@https://registry.npmjs.org/safe-push-apply/-/safe-push-apply-1.0.0.tgz 0ms (cache hit)
94 http cache safe-array-concat@https://registry.npmjs.org/safe-array-concat/-/safe-array-concat-1.1.4.tgz 0ms (cache hit)
95 http cache string.prototype.trimend@https://registry.npmjs.org/string.prototype.trimend/-/string.prototype.trimend-1.0.9.tgz 0ms (cache hit)
96 http cache rimraf@https://registry.npmjs.org/rimraf/-/rimraf-3.0.2.tgz 0ms (cache hit)
97 http cache run-parallel@https://registry.npmjs.org/run-parallel/-/run-parallel-1.2.0.tgz 0ms (cache hit)
98 http cache reusify@https://registry.npmjs.org/reusify/-/reusify-1.1.0.tgz 0ms (cache hit)
99 http cache resolve-pkg-maps@https://registry.npmjs.org/resolve-pkg-maps/-/resolve-pkg-maps-1.0.0.tgz 0ms (cache hit)
100 http cache resolve@https://registry.npmjs.org/resolve/-/resolve-1.22.12.tgz 0ms (cache hit)
101 http cache resolve-from@https://registry.npmjs.org/resolve-from/-/resolve-from-4.0.0.tgz 0ms (cache hit)
102 http cache regexp.prototype.flags@https://registry.npmjs.org/regexp.prototype.flags/-/regexp.prototype.flags-1.5.4.tgz 0ms (cache hit)
103 http cache reflect.getprototypeof@https://registry.npmjs.org/reflect.getprototypeof/-/reflect.getprototypeof-1.0.10.tgz 0ms (cache hit)
104 http cache readdirp@https://registry.npmjs.org/readdirp/-/readdirp-3.6.0.tgz 0ms (cache hit)
105 http cache react-dom@https://registry.npmjs.org/react-dom/-/react-dom-18.3.1.tgz 0ms (cache hit)
106 http cache read-cache@https://registry.npmjs.org/read-cache/-/read-cache-1.0.0.tgz 0ms (cache hit)
107 http cache react-is@https://registry.npmjs.org/react-is/-/react-is-16.13.1.tgz 0ms (cache hit)
108 http cache queue-microtask@https://registry.npmjs.org/queue-microtask/-/queue-microtask-1.2.3.tgz 0ms (cache hit)
109 http cache prelude-ls@https://registry.npmjs.org/prelude-ls/-/prelude-ls-1.2.1.tgz 0ms (cache hit)
110 http cache punycode@https://registry.npmjs.org/punycode/-/punycode-2.3.1.tgz 0ms (cache hit)
111 http cache prop-types@https://registry.npmjs.org/prop-types/-/prop-types-15.8.1.tgz 0ms (cache hit)
112 silly packumentCache corgi:https://registry.npmjs.org/postcss-value-parser cache-miss
113 http cache postcss-selector-parser@https://registry.npmjs.org/postcss-selector-parser/-/postcss-selector-parser-6.1.2.tgz 0ms (cache hit)
114 http cache postcss-nested@https://registry.npmjs.org/postcss-nested/-/postcss-nested-6.2.0.tgz 0ms (cache hit)
115 http cache postcss-load-config@https://registry.npmjs.org/postcss-load-config/-/postcss-load-config-6.0.1.tgz 0ms (cache hit)
116 http cache postcss-js@https://registry.npmjs.org/postcss-js/-/postcss-js-4.1.0.tgz 0ms (cache hit)
117 http cache postcss-import@https://registry.npmjs.org/postcss-import/-/postcss-import-15.1.0.tgz 0ms (cache hit)
118 http cache react@https://registry.npmjs.org/react/-/react-18.3.1.tgz 0ms (cache hit)
119 http cache postcss@https://registry.npmjs.org/postcss/-/postcss-8.5.15.tgz 0ms (cache hit)
120 http cache possible-typed-array-names@https://registry.npmjs.org/possible-typed-array-names/-/possible-typed-array-names-1.1.0.tgz 0ms (cache hit)
121 http cache pify@https://registry.npmjs.org/pify/-/pify-2.3.0.tgz 0ms (cache hit)
122 http cache pirates@https://registry.npmjs.org/pirates/-/pirates-4.0.7.tgz 0ms (cache hit)
123 http cache picomatch@https://registry.npmjs.org/picomatch/-/picomatch-2.3.2.tgz 0ms (cache hit)
124 http cache picocolors@https://registry.npmjs.org/picocolors/-/picocolors-1.1.1.tgz 0ms (cache hit)
125 http cache path-scurry@https://registry.npmjs.org/path-scurry/-/path-scurry-1.11.1.tgz 0ms (cache hit)
126 http cache path-parse@https://registry.npmjs.org/path-parse/-/path-parse-1.0.7.tgz 0ms (cache hit)
127 http cache path-key@https://registry.npmjs.org/path-key/-/path-key-3.1.1.tgz 0ms (cache hit)
128 http cache path-is-absolute@https://registry.npmjs.org/path-is-absolute/-/path-is-absolute-1.0.1.tgz 0ms (cache hit)
129 http cache path-exists@https://registry.npmjs.org/path-exists/-/path-exists-4.0.0.tgz 0ms (cache hit)
130 http cache parent-module@https://registry.npmjs.org/parent-module/-/parent-module-1.0.1.tgz 0ms (cache hit)
131 http cache p-locate@https://registry.npmjs.org/p-locate/-/p-locate-5.0.0.tgz 0ms (cache hit)
132 http cache p-limit@https://registry.npmjs.org/p-limit/-/p-limit-3.1.0.tgz 0ms (cache hit)
133 http cache own-keys@https://registry.npmjs.org/own-keys/-/own-keys-1.0.1.tgz 0ms (cache hit)
134 http cache optionator@https://registry.npmjs.org/optionator/-/optionator-0.9.4.tgz 0ms (cache hit)
135 http cache object.values@https://registry.npmjs.org/object.values/-/object.values-1.2.1.tgz 0ms (cache hit)
136 http cache once@https://registry.npmjs.org/once/-/once-1.4.0.tgz 0ms (cache hit)
137 http cache object.groupby@https://registry.npmjs.org/object.groupby/-/object.groupby-1.0.3.tgz 0ms (cache hit)
138 http cache object.fromentries@https://registry.npmjs.org/object.fromentries/-/object.fromentries-2.0.8.tgz 0ms (cache hit)
139 http cache object.entries@https://registry.npmjs.org/object.entries/-/object.entries-1.1.9.tgz 0ms (cache hit)
140 http cache object.assign@https://registry.npmjs.org/object.assign/-/object.assign-4.1.7.tgz 0ms (cache hit)
141 http cache object-keys@https://registry.npmjs.org/object-keys/-/object-keys-1.1.1.tgz 0ms (cache hit)
142 http cache object-inspect@https://registry.npmjs.org/object-inspect/-/object-inspect-1.13.4.tgz 0ms (cache hit)
143 http cache object-assign@https://registry.npmjs.org/object-assign/-/object-assign-4.1.1.tgz 0ms (cache hit)
144 http cache object-hash@https://registry.npmjs.org/object-hash/-/object-hash-3.0.0.tgz 0ms (cache hit)
145 http cache normalize-path@https://registry.npmjs.org/normalize-path/-/normalize-path-3.0.0.tgz 0ms (cache hit)
146 silly packumentCache corgi:https://registry.npmjs.org/node-releases cache-miss
147 http cache next@https://registry.npmjs.org/next/-/next-14.2.35.tgz 0ms (cache hit)
148 http cache node-exports-info@https://registry.npmjs.org/node-exports-info/-/node-exports-info-1.6.0.tgz 0ms (cache hit)
149 http cache natural-compare@https://registry.npmjs.org/natural-compare/-/natural-compare-1.4.0.tgz 0ms (cache hit)
150 http cache napi-postinstall@https://registry.npmjs.org/napi-postinstall/-/napi-postinstall-0.3.4.tgz 0ms (cache hit)
151 silly packumentCache corgi:https://registry.npmjs.org/nanoid cache-miss
152 http cache mz@https://registry.npmjs.org/mz/-/mz-2.7.0.tgz 0ms (cache hit)
153 http cache ms@https://registry.npmjs.org/ms/-/ms-2.1.3.tgz 0ms (cache hit)
154 http cache minipass@https://registry.npmjs.org/minipass/-/minipass-7.1.3.tgz 0ms (cache hit)
155 http cache merge2@https://registry.npmjs.org/merge2/-/merge2-1.4.1.tgz 0ms (cache hit)
156 http cache micromatch@https://registry.npmjs.org/micromatch/-/micromatch-4.0.8.tgz 0ms (cache hit)
157 http cache minimatch@https://registry.npmjs.org/minimatch/-/minimatch-3.1.5.tgz 0ms (cache hit)
158 http cache minimist@https://registry.npmjs.org/minimist/-/minimist-1.2.8.tgz 0ms (cache hit)
159 http cache math-intrinsics@https://registry.npmjs.org/math-intrinsics/-/math-intrinsics-1.1.0.tgz 0ms (cache hit)
160 http cache lru-cache@https://registry.npmjs.org/lru-cache/-/lru-cache-10.4.3.tgz 0ms (cache hit)
161 http cache lodash.merge@https://registry.npmjs.org/lodash.merge/-/lodash.merge-4.6.2.tgz 0ms (cache hit)
162 http cache loose-envify@https://registry.npmjs.org/loose-envify/-/loose-envify-1.4.0.tgz 0ms (cache hit)
163 http cache locate-path@https://registry.npmjs.org/locate-path/-/locate-path-6.0.0.tgz 0ms (cache hit)
164 http cache lilconfig@https://registry.npmjs.org/lilconfig/-/lilconfig-3.1.3.tgz 0ms (cache hit)
165 http cache lines-and-columns@https://registry.npmjs.org/lines-and-columns/-/lines-and-columns-1.2.4.tgz 0ms (cache hit)
166 http cache levn@https://registry.npmjs.org/levn/-/levn-0.4.1.tgz 0ms (cache hit)
167 http cache language-tags@https://registry.npmjs.org/language-tags/-/language-tags-1.0.9.tgz 0ms (cache hit)
168 http cache language-subtag-registry@https://registry.npmjs.org/language-subtag-registry/-/language-subtag-registry-0.3.23.tgz 0ms (cache hit)
169 http cache jsx-ast-utils@https://registry.npmjs.org/jsx-ast-utils/-/jsx-ast-utils-3.3.5.tgz 0ms (cache hit)
170 http cache keyv@https://registry.npmjs.org/keyv/-/keyv-4.5.4.tgz 0ms (cache hit)
171 http cache json-stable-stringify-without-jsonify@https://registry.npmjs.org/json-stable-stringify-without-jsonify/-/json-stable-stringify-without-jsonify-1.0.1.tgz 0ms (cache hit)
172 http cache json5@https://registry.npmjs.org/json5/-/json5-1.0.2.tgz 0ms (cache hit)
173 http cache json-schema-traverse@https://registry.npmjs.org/json-schema-traverse/-/json-schema-traverse-0.4.1.tgz 0ms (cache hit)
174 http cache json-buffer@https://registry.npmjs.org/json-buffer/-/json-buffer-3.0.1.tgz 0ms (cache hit)
175 http cache js-tokens@https://registry.npmjs.org/js-tokens/-/js-tokens-4.0.0.tgz 0ms (cache hit)
176 http cache jiti@https://registry.npmjs.org/jiti/-/jiti-1.21.7.tgz 0ms (cache hit)
177 http cache js-yaml@https://registry.npmjs.org/js-yaml/-/js-yaml-4.2.0.tgz 0ms (cache hit)
178 http cache jackspeak@https://registry.npmjs.org/jackspeak/-/jackspeak-2.3.6.tgz 0ms (cache hit)
179 http cache iterator.prototype@https://registry.npmjs.org/iterator.prototype/-/iterator.prototype-1.1.5.tgz 0ms (cache hit)
180 http cache isexe@https://registry.npmjs.org/isexe/-/isexe-2.0.0.tgz 0ms (cache hit)
181 http cache isarray@https://registry.npmjs.org/isarray/-/isarray-2.0.5.tgz 0ms (cache hit)
182 http cache is-weakset@https://registry.npmjs.org/is-weakset/-/is-weakset-2.0.4.tgz 0ms (cache hit)
183 http cache is-weakref@https://registry.npmjs.org/is-weakref/-/is-weakref-1.1.1.tgz 0ms (cache hit)
184 http cache is-weakmap@https://registry.npmjs.org/is-weakmap/-/is-weakmap-2.0.2.tgz 0ms (cache hit)
185 http cache is-typed-array@https://registry.npmjs.org/is-typed-array/-/is-typed-array-1.1.15.tgz 0ms (cache hit)
186 http cache is-string@https://registry.npmjs.org/is-string/-/is-string-1.1.1.tgz 0ms (cache hit)
187 http cache is-symbol@https://registry.npmjs.org/is-symbol/-/is-symbol-1.1.1.tgz 0ms (cache hit)
188 http cache is-shared-array-buffer@https://registry.npmjs.org/is-shared-array-buffer/-/is-shared-array-buffer-1.0.4.tgz 0ms (cache hit)
189 http cache is-set@https://registry.npmjs.org/is-set/-/is-set-2.0.3.tgz 0ms (cache hit)
190 http cache is-regex@https://registry.npmjs.org/is-regex/-/is-regex-1.2.1.tgz 0ms (cache hit)
191 http cache is-path-inside@https://registry.npmjs.org/is-path-inside/-/is-path-inside-3.0.3.tgz 0ms (cache hit)
192 http cache is-number-object@https://registry.npmjs.org/is-number-object/-/is-number-object-1.1.1.tgz 0ms (cache hit)
193 http cache is-number@https://registry.npmjs.org/is-number/-/is-number-7.0.0.tgz 0ms (cache hit)
194 http cache is-negative-zero@https://registry.npmjs.org/is-negative-zero/-/is-negative-zero-2.0.3.tgz 0ms (cache hit)
195 http cache is-map@https://registry.npmjs.org/is-map/-/is-map-2.0.3.tgz 0ms (cache hit)
196 http cache is-glob@https://registry.npmjs.org/is-glob/-/is-glob-4.0.3.tgz 0ms (cache hit)
197 http cache is-generator-function@https://registry.npmjs.org/is-generator-function/-/is-generator-function-1.1.2.tgz 0ms (cache hit)
198 http cache is-fullwidth-code-point@https://registry.npmjs.org/is-fullwidth-code-point/-/is-fullwidth-code-point-3.0.0.tgz 0ms (cache hit)
199 http cache is-finalizationregistry@https://registry.npmjs.org/is-finalizationregistry/-/is-finalizationregistry-1.1.1.tgz 0ms (cache hit)
200 http cache is-date-object@https://registry.npmjs.org/is-date-object/-/is-date-object-1.1.0.tgz 0ms (cache hit)
201 http cache is-extglob@https://registry.npmjs.org/is-extglob/-/is-extglob-2.1.1.tgz 0ms (cache hit)
202 http cache is-data-view@https://registry.npmjs.org/is-data-view/-/is-data-view-1.0.2.tgz 0ms (cache hit)
203 http cache is-callable@https://registry.npmjs.org/is-callable/-/is-callable-1.2.7.tgz 0ms (cache hit)
204 http cache is-core-module@https://registry.npmjs.org/is-core-module/-/is-core-module-2.16.2.tgz 0ms (cache hit)
205 http cache is-bun-module@https://registry.npmjs.org/is-bun-module/-/is-bun-module-2.0.0.tgz 0ms (cache hit)
206 http cache is-boolean-object@https://registry.npmjs.org/is-boolean-object/-/is-boolean-object-1.2.2.tgz 0ms (cache hit)
207 http cache is-binary-path@https://registry.npmjs.org/is-binary-path/-/is-binary-path-2.1.0.tgz 0ms (cache hit)
208 http cache is-async-function@https://registry.npmjs.org/is-async-function/-/is-async-function-2.1.1.tgz 0ms (cache hit)
209 http cache is-bigint@https://registry.npmjs.org/is-bigint/-/is-bigint-1.1.0.tgz 0ms (cache hit)
210 http cache is-array-buffer@https://registry.npmjs.org/is-array-buffer/-/is-array-buffer-3.0.5.tgz 0ms (cache hit)
211 http cache internal-slot@https://registry.npmjs.org/internal-slot/-/internal-slot-1.1.0.tgz 0ms (cache hit)
212 http cache inherits@https://registry.npmjs.org/inherits/-/inherits-2.0.4.tgz 0ms (cache hit)
213 http cache imurmurhash@https://registry.npmjs.org/imurmurhash/-/imurmurhash-0.1.4.tgz 0ms (cache hit)
214 http cache inflight@https://registry.npmjs.org/inflight/-/inflight-1.0.6.tgz 0ms (cache hit)
215 http cache import-fresh@https://registry.npmjs.org/import-fresh/-/import-fresh-3.3.1.tgz 0ms (cache hit)
216 http cache hasown@https://registry.npmjs.org/hasown/-/hasown-2.0.4.tgz 0ms (cache hit)
217 http cache ignore@https://registry.npmjs.org/ignore/-/ignore-5.3.2.tgz 0ms (cache hit)
218 http cache has-tostringtag@https://registry.npmjs.org/has-tostringtag/-/has-tostringtag-1.0.2.tgz 0ms (cache hit)
219 http cache has-proto@https://registry.npmjs.org/has-proto/-/has-proto-1.2.0.tgz 0ms (cache hit)
220 http cache has-symbols@https://registry.npmjs.org/has-symbols/-/has-symbols-1.1.0.tgz 0ms (cache hit)
221 http cache has-property-descriptors@https://registry.npmjs.org/has-property-descriptors/-/has-property-descriptors-1.0.2.tgz 0ms (cache hit)
222 http cache has-flag@https://registry.npmjs.org/has-flag/-/has-flag-4.0.0.tgz 0ms (cache hit)
223 http cache has-bigints@https://registry.npmjs.org/has-bigints/-/has-bigints-1.1.0.tgz 0ms (cache hit)
224 http cache graceful-fs@https://registry.npmjs.org/graceful-fs/-/graceful-fs-4.2.11.tgz 0ms (cache hit)
225 http cache graphemer@https://registry.npmjs.org/graphemer/-/graphemer-1.4.0.tgz 0ms (cache hit)
226 http cache gopd@https://registry.npmjs.org/gopd/-/gopd-1.2.0.tgz 0ms (cache hit)
227 http cache globalthis@https://registry.npmjs.org/globalthis/-/globalthis-1.0.4.tgz 0ms (cache hit)
228 http cache glob-parent@https://registry.npmjs.org/glob-parent/-/glob-parent-6.0.2.tgz 0ms (cache hit)
229 http cache globals@https://registry.npmjs.org/globals/-/globals-13.24.0.tgz 0ms (cache hit)
230 http cache get-tsconfig@https://registry.npmjs.org/get-tsconfig/-/get-tsconfig-4.14.0.tgz 0ms (cache hit)
231 http cache glob@https://registry.npmjs.org/glob/-/glob-10.3.10.tgz 0ms (cache hit)
232 http cache get-proto@https://registry.npmjs.org/get-proto/-/get-proto-1.0.1.tgz 0ms (cache hit)
233 http cache get-symbol-description@https://registry.npmjs.org/get-symbol-description/-/get-symbol-description-1.1.0.tgz 0ms (cache hit)
234 http cache get-intrinsic@https://registry.npmjs.org/get-intrinsic/-/get-intrinsic-1.3.0.tgz 0ms (cache hit)
235 http cache generator-function@https://registry.npmjs.org/generator-function/-/generator-function-2.0.1.tgz 0ms (cache hit)
236 http cache function-bind@https://registry.npmjs.org/function-bind/-/function-bind-1.1.2.tgz 0ms (cache hit)
237 http cache functions-have-names@https://registry.npmjs.org/functions-have-names/-/functions-have-names-1.2.3.tgz 0ms (cache hit)
238 http cache function.prototype.name@https://registry.npmjs.org/function.prototype.name/-/function.prototype.name-1.1.8.tgz 0ms (cache hit)
239 http cache fs.realpath@https://registry.npmjs.org/fs.realpath/-/fs.realpath-1.0.0.tgz 0ms (cache hit)
240 http cache foreground-child@https://registry.npmjs.org/foreground-child/-/foreground-child-3.3.1.tgz 0ms (cache hit)
241 http cache for-each@https://registry.npmjs.org/for-each/-/for-each-0.3.5.tgz 0ms (cache hit)
242 http cache flatted@https://registry.npmjs.org/flatted/-/flatted-3.4.2.tgz 0ms (cache hit)
243 http cache flat-cache@https://registry.npmjs.org/flat-cache/-/flat-cache-3.2.0.tgz 0ms (cache hit)
244 http cache find-up@https://registry.npmjs.org/find-up/-/find-up-5.0.0.tgz 0ms (cache hit)
245 http cache fill-range@https://registry.npmjs.org/fill-range/-/fill-range-7.1.1.tgz 0ms (cache hit)
246 http cache file-entry-cache@https://registry.npmjs.org/file-entry-cache/-/file-entry-cache-6.0.1.tgz 0ms (cache hit)
247 http cache fastq@https://registry.npmjs.org/fastq/-/fastq-1.20.1.tgz 0ms (cache hit)
248 http cache fast-levenshtein@https://registry.npmjs.org/fast-levenshtein/-/fast-levenshtein-2.0.6.tgz 0ms (cache hit)
249 http cache fast-json-stable-stringify@https://registry.npmjs.org/fast-json-stable-stringify/-/fast-json-stable-stringify-2.1.0.tgz 0ms (cache hit)
250 http cache fast-deep-equal@https://registry.npmjs.org/fast-deep-equal/-/fast-deep-equal-3.1.3.tgz 0ms (cache hit)
251 http cache fast-glob@https://registry.npmjs.org/fast-glob/-/fast-glob-3.3.3.tgz 0ms (cache hit)
252 http cache esutils@https://registry.npmjs.org/esutils/-/esutils-2.0.3.tgz 0ms (cache hit)
253 http cache estraverse@https://registry.npmjs.org/estraverse/-/estraverse-5.3.0.tgz 0ms (cache hit)
254 http cache esrecurse@https://registry.npmjs.org/esrecurse/-/esrecurse-4.3.0.tgz 0ms (cache hit)
255 http cache esquery@https://registry.npmjs.org/esquery/-/esquery-1.7.0.tgz 0ms (cache hit)
256 http cache espree@https://registry.npmjs.org/espree/-/espree-9.6.1.tgz 0ms (cache hit)
257 http cache eslint-visitor-keys@https://registry.npmjs.org/eslint-visitor-keys/-/eslint-visitor-keys-3.4.3.tgz 0ms (cache hit)
258 http cache eslint-scope@https://registry.npmjs.org/eslint-scope/-/eslint-scope-7.2.2.tgz 0ms (cache hit)
259 http cache eslint-plugin-react@https://registry.npmjs.org/eslint-plugin-react/-/eslint-plugin-react-7.37.5.tgz 0ms (cache hit)
260 http cache eslint-plugin-react-hooks@https://registry.npmjs.org/eslint-plugin-react-hooks/-/eslint-plugin-react-hooks-5.0.0-canary-7118f5dd7-20230705.tgz 0ms (cache hit)
261 http cache eslint-plugin-jsx-a11y@https://registry.npmjs.org/eslint-plugin-jsx-a11y/-/eslint-plugin-jsx-a11y-6.10.2.tgz 0ms (cache hit)
262 http cache eslint-plugin-import@https://registry.npmjs.org/eslint-plugin-import/-/eslint-plugin-import-2.32.0.tgz 0ms (cache hit)
263 http cache eslint-module-utils@https://registry.npmjs.org/eslint-module-utils/-/eslint-module-utils-2.13.0.tgz 0ms (cache hit)
264 http cache eslint-import-resolver-typescript@https://registry.npmjs.org/eslint-import-resolver-typescript/-/eslint-import-resolver-typescript-3.10.1.tgz 0ms (cache hit)
265 http cache eslint-import-resolver-node@https://registry.npmjs.org/eslint-import-resolver-node/-/eslint-import-resolver-node-0.3.10.tgz 0ms (cache hit)
266 http cache eslint@https://registry.npmjs.org/eslint/-/eslint-8.57.1.tgz 0ms (cache hit)
267 http cache eslint-config-next@https://registry.npmjs.org/eslint-config-next/-/eslint-config-next-14.2.35.tgz 0ms (cache hit)
268 http cache escape-string-regexp@https://registry.npmjs.org/escape-string-regexp/-/escape-string-regexp-4.0.0.tgz 0ms (cache hit)
269 http cache es-shim-unscopables@https://registry.npmjs.org/es-shim-unscopables/-/es-shim-unscopables-1.1.0.tgz 0ms (cache hit)
270 http cache es-to-primitive@https://registry.npmjs.org/es-to-primitive/-/es-to-primitive-1.3.0.tgz 0ms (cache hit)
271 http cache es-set-tostringtag@https://registry.npmjs.org/es-set-tostringtag/-/es-set-tostringtag-2.1.0.tgz 0ms (cache hit)
272 http cache es-object-atoms@https://registry.npmjs.org/es-object-atoms/-/es-object-atoms-1.1.2.tgz 0ms (cache hit)
273 http cache es-errors@https://registry.npmjs.org/es-errors/-/es-errors-1.3.0.tgz 0ms (cache hit)
274 http cache es-define-property@https://registry.npmjs.org/es-define-property/-/es-define-property-1.0.1.tgz 0ms (cache hit)
275 http cache es-iterator-helpers@https://registry.npmjs.org/es-iterator-helpers/-/es-iterator-helpers-1.3.2.tgz 0ms (cache hit)
276 http cache es-abstract@https://registry.npmjs.org/es-abstract/-/es-abstract-1.24.2.tgz 0ms (cache hit)
277 http cache emoji-regex@https://registry.npmjs.org/emoji-regex/-/emoji-regex-9.2.2.tgz 0ms (cache hit)
278 silly packumentCache corgi:https://registry.npmjs.org/electron-to-chromium cache-miss
279 http cache dunder-proto@https://registry.npmjs.org/dunder-proto/-/dunder-proto-1.0.1.tgz 0ms (cache hit)
280 http cache eastasianwidth@https://registry.npmjs.org/eastasianwidth/-/eastasianwidth-0.2.0.tgz 0ms (cache hit)
281 http cache doctrine@https://registry.npmjs.org/doctrine/-/doctrine-3.0.0.tgz 0ms (cache hit)
282 http cache dlv@https://registry.npmjs.org/dlv/-/dlv-1.1.3.tgz 0ms (cache hit)
283 http cache didyoumean@https://registry.npmjs.org/didyoumean/-/didyoumean-1.2.2.tgz 0ms (cache hit)
284 http cache define-properties@https://registry.npmjs.org/define-properties/-/define-properties-1.2.1.tgz 0ms (cache hit)
285 http cache define-data-property@https://registry.npmjs.org/define-data-property/-/define-data-property-1.1.4.tgz 0ms (cache hit)
286 http cache deep-is@https://registry.npmjs.org/deep-is/-/deep-is-0.1.4.tgz 0ms (cache hit)
287 http cache debug@https://registry.npmjs.org/debug/-/debug-4.4.3.tgz 0ms (cache hit)
288 http cache data-view-byte-offset@https://registry.npmjs.org/data-view-byte-offset/-/data-view-byte-offset-1.0.1.tgz 0ms (cache hit)
289 http cache data-view-byte-length@https://registry.npmjs.org/data-view-byte-length/-/data-view-byte-length-1.0.2.tgz 0ms (cache hit)
290 http cache csstype@https://registry.npmjs.org/csstype/-/csstype-3.2.3.tgz 0ms (cache hit)
291 http cache damerau-levenshtein@https://registry.npmjs.org/damerau-levenshtein/-/damerau-levenshtein-1.0.8.tgz 0ms (cache hit)
292 http cache data-view-buffer@https://registry.npmjs.org/data-view-buffer/-/data-view-buffer-1.0.2.tgz 0ms (cache hit)
293 http cache cssesc@https://registry.npmjs.org/cssesc/-/cssesc-3.0.0.tgz 0ms (cache hit)
294 http cache cross-spawn@https://registry.npmjs.org/cross-spawn/-/cross-spawn-7.0.6.tgz 0ms (cache hit)
295 http cache concat-map@https://registry.npmjs.org/concat-map/-/concat-map-0.0.1.tgz 0ms (cache hit)
296 http cache color-convert@https://registry.npmjs.org/color-convert/-/color-convert-2.0.1.tgz 0ms (cache hit)
297 http cache color-name@https://registry.npmjs.org/color-name/-/color-name-1.1.4.tgz 0ms (cache hit)
298 http cache commander@https://registry.npmjs.org/commander/-/commander-4.1.1.tgz 0ms (cache hit)
299 http cache client-only@https://registry.npmjs.org/client-only/-/client-only-0.0.1.tgz 0ms (cache hit)
300 http cache chokidar@https://registry.npmjs.org/chokidar/-/chokidar-3.6.0.tgz 0ms (cache hit)
301 http cache chalk@https://registry.npmjs.org/chalk/-/chalk-4.1.2.tgz 0ms (cache hit)
302 http cache camelcase-css@https://registry.npmjs.org/camelcase-css/-/camelcase-css-2.0.1.tgz 0ms (cache hit)
303 http cache caniuse-lite@https://registry.npmjs.org/caniuse-lite/-/caniuse-lite-1.0.30001793.tgz 0ms (cache hit)
304 http cache callsites@https://registry.npmjs.org/callsites/-/callsites-3.1.0.tgz 0ms (cache hit)
305 http cache call-bound@https://registry.npmjs.org/call-bound/-/call-bound-1.0.4.tgz 0ms (cache hit)
306 http cache call-bind-apply-helpers@https://registry.npmjs.org/call-bind-apply-helpers/-/call-bind-apply-helpers-1.0.2.tgz 0ms (cache hit)
307 http cache busboy@https://registry.npmjs.org/busboy/-/busboy-1.6.0.tgz 0ms (cache hit)
308 http cache call-bind@https://registry.npmjs.org/call-bind/-/call-bind-1.0.9.tgz 0ms (cache hit)
309 http cache braces@https://registry.npmjs.org/braces/-/braces-3.0.3.tgz 0ms (cache hit)
310 http cache brace-expansion@https://registry.npmjs.org/brace-expansion/-/brace-expansion-1.1.15.tgz 0ms (cache hit)
311 http cache binary-extensions@https://registry.npmjs.org/binary-extensions/-/binary-extensions-2.3.0.tgz 0ms (cache hit)
312 http cache browserslist@https://registry.npmjs.org/browserslist/-/browserslist-4.28.2.tgz 0ms (cache hit)
313 http cache baseline-browser-mapping@https://registry.npmjs.org/baseline-browser-mapping/-/baseline-browser-mapping-2.10.33.tgz 0ms (cache hit)
314 http cache axobject-query@https://registry.npmjs.org/axobject-query/-/axobject-query-4.1.0.tgz 0ms (cache hit)
315 http cache balanced-match@https://registry.npmjs.org/balanced-match/-/balanced-match-1.0.2.tgz 0ms (cache hit)
316 http cache axe-core@https://registry.npmjs.org/axe-core/-/axe-core-4.11.4.tgz 0ms (cache hit)
317 http cache autoprefixer@https://registry.npmjs.org/autoprefixer/-/autoprefixer-10.5.0.tgz 0ms (cache hit)
318 http cache async-function@https://registry.npmjs.org/async-function/-/async-function-1.0.0.tgz 0ms (cache hit)
319 http cache available-typed-arrays@https://registry.npmjs.org/available-typed-arrays/-/available-typed-arrays-1.0.7.tgz 0ms (cache hit)
320 http cache ast-types-flow@https://registry.npmjs.org/ast-types-flow/-/ast-types-flow-0.0.8.tgz 0ms (cache hit)
321 http cache arraybuffer.prototype.slice@https://registry.npmjs.org/arraybuffer.prototype.slice/-/arraybuffer.prototype.slice-1.0.4.tgz 0ms (cache hit)
322 http cache array.prototype.tosorted@https://registry.npmjs.org/array.prototype.tosorted/-/array.prototype.tosorted-1.1.4.tgz 0ms (cache hit)
323 http cache array.prototype.flatmap@https://registry.npmjs.org/array.prototype.flatmap/-/array.prototype.flatmap-1.3.3.tgz 0ms (cache hit)
324 http cache array.prototype.findlastindex@https://registry.npmjs.org/array.prototype.findlastindex/-/array.prototype.findlastindex-1.2.6.tgz 0ms (cache hit)
325 http cache array.prototype.flat@https://registry.npmjs.org/array.prototype.flat/-/array.prototype.flat-1.3.3.tgz 0ms (cache hit)
326 http cache array.prototype.findlast@https://registry.npmjs.org/array.prototype.findlast/-/array.prototype.findlast-1.2.5.tgz 0ms (cache hit)
327 http cache array-includes@https://registry.npmjs.org/array-includes/-/array-includes-3.1.9.tgz 0ms (cache hit)
328 http cache aria-query@https://registry.npmjs.org/aria-query/-/aria-query-5.3.2.tgz 0ms (cache hit)
329 http cache argparse@https://registry.npmjs.org/argparse/-/argparse-2.0.1.tgz 0ms (cache hit)
330 http cache array-buffer-byte-length@https://registry.npmjs.org/array-buffer-byte-length/-/array-buffer-byte-length-1.0.2.tgz 0ms (cache hit)
331 http cache arg@https://registry.npmjs.org/arg/-/arg-5.0.2.tgz 0ms (cache hit)
332 http cache anymatch@https://registry.npmjs.org/anymatch/-/anymatch-3.1.3.tgz 0ms (cache hit)
333 http cache any-promise@https://registry.npmjs.org/any-promise/-/any-promise-1.3.0.tgz 0ms (cache hit)
334 http cache ansi-regex@https://registry.npmjs.org/ansi-regex/-/ansi-regex-5.0.1.tgz 0ms (cache hit)
335 http cache ansi-styles@https://registry.npmjs.org/ansi-styles/-/ansi-styles-4.3.0.tgz 0ms (cache hit)
336 http cache ajv@https://registry.npmjs.org/ajv/-/ajv-6.15.0.tgz 0ms (cache hit)
337 http cache acorn-jsx@https://registry.npmjs.org/acorn-jsx/-/acorn-jsx-5.3.2.tgz 0ms (cache hit)
338 http cache acorn@https://registry.npmjs.org/acorn/-/acorn-8.16.0.tgz 0ms (cache hit)
339 http cache @unrs/resolver-binding-linux-x64-gnu@https://registry.npmjs.org/@unrs/resolver-binding-linux-x64-gnu/-/resolver-binding-linux-x64-gnu-1.12.2.tgz 0ms (cache hit)
340 http cache @unrs/resolver-binding-linux-x64-musl@https://registry.npmjs.org/@unrs/resolver-binding-linux-x64-musl/-/resolver-binding-linux-x64-musl-1.12.2.tgz 0ms (cache hit)
341 http cache @ungap/structured-clone@https://registry.npmjs.org/@ungap/structured-clone/-/structured-clone-1.3.1.tgz 0ms (cache hit)
342 http cache @typescript-eslint/visitor-keys@https://registry.npmjs.org/@typescript-eslint/visitor-keys/-/visitor-keys-8.60.0.tgz 0ms (cache hit)
343 http cache @typescript-eslint/utils@https://registry.npmjs.org/@typescript-eslint/utils/-/utils-8.60.0.tgz 0ms (cache hit)
344 http cache @typescript-eslint/typescript-estree@https://registry.npmjs.org/@typescript-eslint/typescript-estree/-/typescript-estree-8.60.0.tgz 0ms (cache hit)
345 http cache @typescript-eslint/type-utils@https://registry.npmjs.org/@typescript-eslint/type-utils/-/type-utils-8.60.0.tgz 0ms (cache hit)
346 http cache @typescript-eslint/types@https://registry.npmjs.org/@typescript-eslint/types/-/types-8.60.0.tgz 0ms (cache hit)
347 http cache @typescript-eslint/scope-manager@https://registry.npmjs.org/@typescript-eslint/scope-manager/-/scope-manager-8.60.0.tgz 0ms (cache hit)
348 http cache @typescript-eslint/tsconfig-utils@https://registry.npmjs.org/@typescript-eslint/tsconfig-utils/-/tsconfig-utils-8.60.0.tgz 0ms (cache hit)
349 http cache @typescript-eslint/project-service@https://registry.npmjs.org/@typescript-eslint/project-service/-/project-service-8.60.0.tgz 0ms (cache hit)
350 http cache @typescript-eslint/parser@https://registry.npmjs.org/@typescript-eslint/parser/-/parser-8.60.0.tgz 0ms (cache hit)
351 http cache @typescript-eslint/eslint-plugin@https://registry.npmjs.org/@typescript-eslint/eslint-plugin/-/eslint-plugin-8.60.0.tgz 0ms (cache hit)
352 http cache @types/react-dom@https://registry.npmjs.org/@types/react-dom/-/react-dom-18.3.7.tgz 0ms (cache hit)
353 http cache @types/react@https://registry.npmjs.org/@types/react/-/react-18.3.29.tgz 0ms (cache hit)
354 http cache @types/prop-types@https://registry.npmjs.org/@types/prop-types/-/prop-types-15.7.15.tgz 0ms (cache hit)
355 http cache @types/json5@https://registry.npmjs.org/@types/json5/-/json5-0.0.29.tgz 0ms (cache hit)
356 http cache @types/node@https://registry.npmjs.org/@types/node/-/node-20.19.41.tgz 0ms (cache hit)
357 http cache @swc/helpers@https://registry.npmjs.org/@swc/helpers/-/helpers-0.5.5.tgz 0ms (cache hit)
358 http cache @swc/counter@https://registry.npmjs.org/@swc/counter/-/counter-0.1.3.tgz 0ms (cache hit)
359 http cache @rushstack/eslint-patch@https://registry.npmjs.org/@rushstack/eslint-patch/-/eslint-patch-1.16.1.tgz 0ms (cache hit)
360 http cache @rtsao/scc@https://registry.npmjs.org/@rtsao/scc/-/scc-1.1.0.tgz 0ms (cache hit)
361 http cache @pkgjs/parseargs@https://registry.npmjs.org/@pkgjs/parseargs/-/parseargs-0.11.0.tgz 0ms (cache hit)
362 http cache @nolyfill/is-core-module@https://registry.npmjs.org/@nolyfill/is-core-module/-/is-core-module-1.0.39.tgz 0ms (cache hit)
363 http cache @nodelib/fs.walk@https://registry.npmjs.org/@nodelib/fs.walk/-/fs.walk-1.2.8.tgz 0ms (cache hit)
364 http cache @next/swc-linux-x64-musl@https://registry.npmjs.org/@next/swc-linux-x64-musl/-/swc-linux-x64-musl-14.2.33.tgz 0ms (cache hit)
365 http cache @nodelib/fs.scandir@https://registry.npmjs.org/@nodelib/fs.scandir/-/fs.scandir-2.1.5.tgz 0ms (cache hit)
366 http cache @nodelib/fs.stat@https://registry.npmjs.org/@nodelib/fs.stat/-/fs.stat-2.0.5.tgz 0ms (cache hit)
367 http cache @next/swc-linux-x64-gnu@https://registry.npmjs.org/@next/swc-linux-x64-gnu/-/swc-linux-x64-gnu-14.2.33.tgz 0ms (cache hit)
368 http cache @next/env@https://registry.npmjs.org/@next/env/-/env-14.2.35.tgz 0ms (cache hit)
369 http cache @jridgewell/trace-mapping@https://registry.npmjs.org/@jridgewell/trace-mapping/-/trace-mapping-0.3.31.tgz 0ms (cache hit)
370 http cache @next/eslint-plugin-next@https://registry.npmjs.org/@next/eslint-plugin-next/-/eslint-plugin-next-14.2.35.tgz 0ms (cache hit)
371 http cache @jridgewell/sourcemap-codec@https://registry.npmjs.org/@jridgewell/sourcemap-codec/-/sourcemap-codec-1.5.5.tgz 0ms (cache hit)
372 http cache @jridgewell/resolve-uri@https://registry.npmjs.org/@jridgewell/resolve-uri/-/resolve-uri-3.1.2.tgz 0ms (cache hit)
373 http cache @jridgewell/gen-mapping@https://registry.npmjs.org/@jridgewell/gen-mapping/-/gen-mapping-0.3.13.tgz 0ms (cache hit)
374 http cache @isaacs/cliui@https://registry.npmjs.org/@isaacs/cliui/-/cliui-8.0.2.tgz 0ms (cache hit)
375 http cache @humanwhocodes/object-schema@https://registry.npmjs.org/@humanwhocodes/object-schema/-/object-schema-2.0.3.tgz 0ms (cache hit)
376 http cache @humanwhocodes/module-importer@https://registry.npmjs.org/@humanwhocodes/module-importer/-/module-importer-1.0.1.tgz 0ms (cache hit)
377 http cache @eslint/js@https://registry.npmjs.org/@eslint/js/-/js-8.57.1.tgz 0ms (cache hit)
378 http cache @humanwhocodes/config-array@https://registry.npmjs.org/@humanwhocodes/config-array/-/config-array-0.13.0.tgz 0ms (cache hit)
379 http cache @eslint/eslintrc@https://registry.npmjs.org/@eslint/eslintrc/-/eslintrc-2.1.4.tgz 0ms (cache hit)
380 http cache @eslint-community/regexpp@https://registry.npmjs.org/@eslint-community/regexpp/-/regexpp-4.12.2.tgz 0ms (cache hit)
381 http cache @eslint-community/eslint-utils@https://registry.npmjs.org/@eslint-community/eslint-utils/-/eslint-utils-4.9.1.tgz 0ms (cache hit)
382 http cache @alloc/quick-lru@https://registry.npmjs.org/@alloc/quick-lru/-/quick-lru-5.2.0.tgz 0ms (cache hit)
383 http cache @emnapi/wasi-threads@https://registry.npmjs.org/@emnapi/wasi-threads/-/wasi-threads-1.2.1.tgz 0ms (cache hit)
384 http cache string-width@https://registry.npmjs.org/string-width/-/string-width-4.2.3.tgz 0ms (cache hit)
385 http cache strip-ansi@https://registry.npmjs.org/strip-ansi/-/strip-ansi-7.2.0.tgz 0ms (cache hit)
386 http cache emoji-regex@https://registry.npmjs.org/emoji-regex/-/emoji-regex-8.0.0.tgz 0ms (cache hit)
387 http cache ansi-regex@https://registry.npmjs.org/ansi-regex/-/ansi-regex-6.2.2.tgz 0ms (cache hit)
388 http cache ansi-styles@https://registry.npmjs.org/ansi-styles/-/ansi-styles-6.2.3.tgz 0ms (cache hit)
389 http cache escalade@https://registry.npmjs.org/escalade/-/escalade-3.2.0.tgz 0ms (cache hit)
390 http cache picomatch@https://registry.npmjs.org/picomatch/-/picomatch-4.0.4.tgz 0ms (cache hit)
391 http cache fdir@https://registry.npmjs.org/fdir/-/fdir-6.5.0.tgz 0ms (cache hit)
392 http cache emoji-regex@https://registry.npmjs.org/emoji-regex/-/emoji-regex-8.0.0.tgz 0ms (cache hit)
393 http cache strip-ansi@https://registry.npmjs.org/strip-ansi/-/strip-ansi-7.2.0.tgz 0ms (cache hit)
394 http cache glob@https://registry.npmjs.org/glob/-/glob-7.2.3.tgz 0ms (cache hit)
395 http cache ansi-regex@https://registry.npmjs.org/ansi-regex/-/ansi-regex-6.2.2.tgz 0ms (cache hit)
396 http cache semver@https://registry.npmjs.org/semver/-/semver-6.3.1.tgz 0ms (cache hit)
397 http cache postcss@https://registry.npmjs.org/postcss/-/postcss-8.4.31.tgz 0ms (cache hit)
398 http cache minimatch@https://registry.npmjs.org/minimatch/-/minimatch-9.0.9.tgz 0ms (cache hit)
399 http cache glob-parent@https://registry.npmjs.org/glob-parent/-/glob-parent-5.1.2.tgz 0ms (cache hit)
400 http cache semver@https://registry.npmjs.org/semver/-/semver-6.3.1.tgz 0ms (cache hit)
401 http cache brace-expansion@https://registry.npmjs.org/brace-expansion/-/brace-expansion-2.1.1.tgz 0ms (cache hit)
402 http cache resolve@https://registry.npmjs.org/resolve/-/resolve-2.0.0-next.7.tgz 0ms (cache hit)
403 http cache doctrine@https://registry.npmjs.org/doctrine/-/doctrine-2.1.0.tgz 0ms (cache hit)
404 http cache semver@https://registry.npmjs.org/semver/-/semver-6.3.1.tgz 0ms (cache hit)
405 http cache debug@https://registry.npmjs.org/debug/-/debug-3.2.7.tgz 0ms (cache hit)
406 http cache doctrine@https://registry.npmjs.org/doctrine/-/doctrine-2.1.0.tgz 0ms (cache hit)
407 http cache debug@https://registry.npmjs.org/debug/-/debug-3.2.7.tgz 0ms (cache hit)
408 http cache debug@https://registry.npmjs.org/debug/-/debug-3.2.7.tgz 0ms (cache hit)
409 http cache resolve@https://registry.npmjs.org/resolve/-/resolve-2.0.0-next.7.tgz 0ms (cache hit)
410 http cache glob-parent@https://registry.npmjs.org/glob-parent/-/glob-parent-5.1.2.tgz 0ms (cache hit)
411 http cache fraction.js@https://registry.npmjs.org/fraction.js/-/fraction.js-5.3.4.tgz 0ms (cache hit)
412 http cache eslint-visitor-keys@https://registry.npmjs.org/eslint-visitor-keys/-/eslint-visitor-keys-5.0.1.tgz 0ms (cache hit)
413 http cache minimatch@https://registry.npmjs.org/minimatch/-/minimatch-10.2.5.tgz 0ms (cache hit)
414 http cache brace-expansion@https://registry.npmjs.org/brace-expansion/-/brace-expansion-5.0.6.tgz 0ms (cache hit)
415 http cache balanced-match@https://registry.npmjs.org/balanced-match/-/balanced-match-4.0.4.tgz 0ms (cache hit)
416 http cache ignore@https://registry.npmjs.org/ignore/-/ignore-7.0.5.tgz 0ms (cache hit)
417 http cache ansi-regex@https://registry.npmjs.org/ansi-regex/-/ansi-regex-6.2.2.tgz 0ms (cache hit)
418 http cache strip-ansi@https://registry.npmjs.org/strip-ansi/-/strip-ansi-7.2.0.tgz 0ms (cache hit)
419 silly tarball no local data for @unrs/resolver-binding-linux-x64-musl@https://registry.npmjs.org/@unrs/resolver-binding-linux-x64-musl/-/resolver-binding-linux-x64-musl-1.12.2.tgz. Extracting by manifest.
420 silly tarball no local data for @next/swc-linux-x64-musl@https://registry.npmjs.org/@next/swc-linux-x64-musl/-/swc-linux-x64-musl-14.2.33.tgz. Extracting by manifest.
421 http fetch POST 200 https://registry.npmjs.org/-/npm/v1/security/advisories/bulk 1042ms
422 silly audit report {
422 silly audit report   glob: [
422 silly audit report     {
422 silly audit report       id: 1109842,
422 silly audit report       url: 'https://github.com/advisories/GHSA-5j98-mcp5-4vw2',
422 silly audit report       title: 'glob CLI: Command injection via -c/--cmd executes matches with shell:true',
422 silly audit report       severity: 'high',
422 silly audit report       vulnerable_versions: '>=10.2.0 <10.5.0',
422 silly audit report       cwe: [Array],
422 silly audit report       cvss: [Object]
422 silly audit report     }
422 silly audit report   ],
422 silly audit report   next: [
422 silly audit report     {
422 silly audit report       id: 1117931,
422 silly audit report       url: 'https://github.com/advisories/GHSA-8h8q-6873-q5fj',
422 silly audit report       title: 'Next.js Vulnerable to Denial of Service with Server Components',
422 silly audit report       severity: 'high',
422 silly audit report       vulnerable_versions: '>=13.0.0 <15.5.16',
422 silly audit report       cwe: [Array],
422 silly audit report       cvss: [Object]
422 silly audit report     },
422 silly audit report     {
422 silly audit report       id: 1118942,
422 silly audit report       url: 'https://github.com/advisories/GHSA-3g8h-86w9-wvmq',
422 silly audit report       title: "Next.js's Middleware / Proxy redirects can be cache-poisoned",
422 silly audit report       severity: 'low',
422 silly audit report       vulnerable_versions: '>=12.2.0 <15.5.16',
422 silly audit report       cwe: [Array],
422 silly audit report       cvss: [Object]
422 silly audit report     },
422 silly audit report     {
422 silly audit report       id: 1118944,
422 silly audit report       url: 'https://github.com/advisories/GHSA-ffhc-5mcf-pf4q',
422 silly audit report       title: 'Next.js vulnerable to cross-site scripting in App Router applications using CSP nonces',
422 silly audit report       severity: 'moderate',
422 silly audit report       vulnerable_versions: '>=13.4.0 <15.5.16',
422 silly audit report       cwe: [Array],
422 silly audit report       cvss: [Object]
422 silly audit report     },
422 silly audit report     {
422 silly audit report       id: 1118946,
422 silly audit report       url: 'https://github.com/advisories/GHSA-vfv6-92ff-j949',
422 silly audit report       title: 'Next.js vulnerable to cache poisoning via collisions in React Server Component cache-busting',
422 silly audit report       severity: 'low',
422 silly audit report       vulnerable_versions: '>=13.4.6 <15.5.16',
422 silly audit report       cwe: [Array],
422 silly audit report       cvss: [Object]
422 silly audit report     },
422 silly audit report     {
422 silly audit report       id: 1118948,
422 silly audit report       url: 'https://github.com/advisories/GHSA-gx5p-jg67-6x7h',
422 silly audit report       title: 'Next.js has cross-site scripting in beforeInteractive scripts with untrusted input',
422 silly audit report       severity: 'moderate',
422 silly audit report       vulnerable_versions: '>=13.0.0 <15.5.16',
422 silly audit report       cwe: [Array],
422 silly audit report       cvss: [Object]
422 silly audit report     },
422 silly audit report     {
422 silly audit report       id: 1118952,
422 silly audit report       url: 'https://github.com/advisories/GHSA-h64f-5h5j-jqjh',
422 silly audit report       title: 'Next.js has a Denial of Service in the Image Optimization API',
422 silly audit report       severity: 'moderate',
422 silly audit report       vulnerable_versions: '>=10.0.0 <15.5.16',
422 silly audit report       cwe: [Array],
422 silly audit report       cvss: [Object]
422 silly audit report     },
422 silly audit report     {
422 silly audit report       id: 1118954,
422 silly audit report       url: 'https://github.com/advisories/GHSA-c4j6-fc7j-m34r',
422 silly audit report       title: 'Next.js vulnerable to server-side request forgery in applications using WebSocket upgrades',
422 silly audit report       severity: 'high',
422 silly audit report       vulnerable_versions: '>=13.4.13 <15.5.16',
422 silly audit report       cwe: [Array],
422 silly audit report       cvss: [Object]
422 silly audit report     },
422 silly audit report     {
422 silly audit report       id: 1118958,
422 silly audit report       url: 'https://github.com/advisories/GHSA-wfc6-r584-vfw7',
422 silly audit report       title: 'Next.js vulnerable to cache poisoning in React Server Component responses',
422 silly audit report       severity: 'moderate',
422 silly audit report       vulnerable_versions: '>=14.2.0 <15.5.16',
422 silly audit report       cwe: [Array],
422 silly audit report       cvss: [Object]
422 silly audit report     },
422 silly audit report     {
422 silly audit report       id: 1118962,
422 silly audit report       url: 'https://github.com/advisories/GHSA-36qx-fr4f-26g5',
422 silly audit report       title: 'Next.js has a Middleware / Proxy bypass in Pages Router applications using i18n',
422 silly audit report       severity: 'high',
422 silly audit report       vulnerable_versions: '>=12.2.0 <15.5.16',
422 silly audit report       cwe: [Array],
422 silly audit report       cvss: [Object]
422 silly audit report     },
422 silly audit report     {
422 silly audit report       id: 1112593,
422 silly audit report       url: 'https://github.com/advisories/GHSA-9g9p-9gw9-jx7f',
422 silly audit report       title: 'Next.js self-hosted applications vulnerable to DoS via Image Optimizer remotePatterns configuration',
422 silly audit report       severity: 'moderate',
422 silly audit report       vulnerable_versions: '>=10.0.0 <15.5.10',
422 silly audit report       cwe: [Array],
422 silly audit report       cvss: [Object]
422 silly audit report     },
422 silly audit report     {
422 silly audit report       id: 1112653,
422 silly audit report       url: 'https://github.com/advisories/GHSA-h25m-26qc-wcjf',
422 silly audit report       title: 'Next.js HTTP request deserialization can lead to DoS when using insecure React Server Components',
422 silly audit report       severity: 'high',
422 silly audit report       vulnerable_versions: '>=13.0.0 <15.0.8',
422 silly audit report       cwe: [Array],
422 silly audit report       cvss: [Object]
422 silly audit report     },
422 silly audit report     {
422 silly audit report       id: 1114897,
422 silly audit report       url: 'https://github.com/advisories/GHSA-ggv3-7p47-pfv8',
422 silly audit report       title: 'Next.js: HTTP request smuggling in rewrites',
422 silly audit report       severity: 'moderate',
422 silly audit report       vulnerable_versions: '>=9.5.0 <15.5.13',
422 silly audit report       cwe: [Array],
422 silly audit report       cvss: [Object]
422 silly audit report     },
422 silly audit report     {
422 silly audit report       id: 1114940,
422 silly audit report       url: 'https://github.com/advisories/GHSA-3x4c-7xq6-9pq8',
422 silly audit report       title: 'Next.js: Unbounded next/image disk cache growth can exhaust storage',
422 silly audit report       severity: 'moderate',
422 silly audit report       vulnerable_versions: '>=10.0.0 <15.5.14',
422 silly audit report       cwe: [Array],
422 silly audit report       cvss: [Object]
422 silly audit report     },
422 silly audit report     {
422 silly audit report       id: 1116376,
422 silly audit report       url: 'https://github.com/advisories/GHSA-q4gf-8mx6-v5v3',
422 silly audit report       title: 'Next.js has a Denial of Service with Server Components',
422 silly audit report       severity: 'high',
422 silly audit report       vulnerable_versions: '>=13.0.0 <15.5.15',
422 silly audit report       cwe: [Array],
422 silly audit report       cvss: [Object]
422 silly audit report     }
422 silly audit report   ],
422 silly audit report   postcss: [
422 silly audit report     {
422 silly audit report       id: 1117015,
422 silly audit report       url: 'https://github.com/advisories/GHSA-qx2v-qp2m-jg93',
422 silly audit report       title: 'PostCSS has XSS via Unescaped </style> in its CSS Stringify Output',
422 silly audit report       severity: 'moderate',
422 silly audit report       vulnerable_versions: '<8.5.10',
422 silly audit report       cwe: [Array],
422 silly audit report       cvss: [Object]
422 silly audit report     }
422 silly audit report   ]
422 silly audit report }
423 silly packumentCache corgi:https://registry.npmjs.org/glob cache-miss
424 silly packumentCache corgi:https://registry.npmjs.org/next cache-miss
425 silly packumentCache corgi:https://registry.npmjs.org/postcss cache-miss
426 warn deprecated inflight@1.0.6: This module is not supported, and leaks memory. Do not use it. Check out lru-cache if you want a good and tested way to coalesce async requests by a key value, which is much more comprehensive and powerful.
427 warn deprecated @humanwhocodes/config-array@0.13.0: Use @eslint/config-array instead
428 warn deprecated rimraf@3.0.2: Rimraf versions prior to v4 are no longer supported
429 warn deprecated glob@7.2.3: Old versions of glob are not supported, and contain widely publicized security vulnerabilities, which have been fixed in the current version. Please update. Support for old versions may be purchased (at exorbitant rates) by contacting i@izs.me
430 warn deprecated @humanwhocodes/object-schema@2.0.3: Use @eslint/object-schema instead
431 warn deprecated glob@10.3.10: Old versions of glob are not supported, and contain widely publicized security vulnerabilities, which have been fixed in the current version. Please update. Support for old versions may be purchased (at exorbitant rates) by contacting i@izs.me
432 http fetch GET 200 https://registry.npmjs.org/update-browserslist-db 1395ms (cache revalidated)
433 silly packumentCache corgi:https://registry.npmjs.org/update-browserslist-db set size:34844 disposed:false
434 http cache https://registry.npmjs.org/update-browserslist-db/-/update-browserslist-db-1.2.3.tgz 11ms (cache hit)
435 warn deprecated eslint@8.57.1: This version is no longer supported. Please see https://eslint.org/version-support for other options.
436 http fetch GET https://registry.npmjs.org/@unrs/resolver-binding-linux-x64-musl/-/resolver-binding-linux-x64-musl-1.12.2.tgz attempt 1 failed with ECONNRESET
437 http fetch GET https://registry.npmjs.org/@next/swc-linux-x64-musl/-/swc-linux-x64-musl-14.2.33.tgz attempt 1 failed with ECONNRESET
438 http fetch GET https://registry.npmjs.org/postcss-value-parser attempt 1 failed with ECONNRESET
439 http fetch GET https://registry.npmjs.org/nanoid attempt 1 failed with ECONNRESET
440 http fetch GET https://registry.npmjs.org/node-releases attempt 1 failed with ECONNRESET
441 http fetch GET https://registry.npmjs.org/electron-to-chromium attempt 1 failed with ECONNRESET
442 http fetch GET https://registry.npmjs.org/postcss attempt 1 failed with ECONNRESET
443 http fetch GET https://registry.npmjs.org/next attempt 1 failed with ECONNRESET
444 http fetch GET https://registry.npmjs.org/glob attempt 1 failed with ECONNRESET
445 http fetch GET 200 https://registry.npmjs.org/@unrs/resolver-binding-linux-x64-musl/-/resolver-binding-linux-x64-musl-1.12.2.tgz 25816ms attempt #2 (cache miss)
446 http fetch GET 200 https://registry.npmjs.org/postcss-value-parser 26403ms attempt #2 (cache miss)
447 silly packumentCache corgi:https://registry.npmjs.org/postcss-value-parser set size:undefined disposed:false
448 http cache https://registry.npmjs.org/postcss-value-parser/-/postcss-value-parser-4.2.0.tgz 5ms (cache hit)
449 http fetch GET 200 https://registry.npmjs.org/next 25788ms attempt #2 (cache updated)
450 silly packumentCache corgi:https://registry.npmjs.org/next set size:undefined disposed:false
